#
# There is insufficient memory for the Java Runtime Environment to continue.
# Native memory allocation (mmap) failed to map 65536 bytes for Failed to commit metaspace.
# Possible reasons:
#   The system is out of physical RAM or swap space
#   The process is running with CompressedOops enabled, and the Java Heap may be blocking the growth of the native heap
# Possible solutions:
#   Reduce memory load on the system
#   Increase physical memory or swap space
#   Check if swap backing store is full
#   Decrease Java heap size (-Xmx/-Xms)
#   Decrease number of Java threads
#   Decrease Java thread stack sizes (-Xss)
#   Set larger code cache with -XX:ReservedCodeCacheSize=
#   JVM is running with Unscaled Compressed Oops mode in which the Java heap is
#     placed in the first 4GB address space. The Java Heap base address is the
#     maximum limit for the native heap growth. Please use -XX:HeapBaseMinAddress
#     to set the Java Heap base and to place the Java Heap above 4GB virtual address.
# This output file may be truncated or incomplete.
#
#  Out of Memory Error (virtualSpaceNode.cpp:110), pid=8652, tid=8188
#
# JRE version: Java(TM) SE Runtime Environment (17.0.1+12) (build 17.0.1+12-LTS-39)
# Java VM: Java HotSpot(TM) 64-Bit Server VM (17.0.1+12-LTS-39, mixed mode, sharing, tiered, compressed oops, compressed class ptrs, parallel gc, windows-amd64)
# No core dump will be written. Minidumps are not enabled by default on client versions of Windows
#

---------------  S U M M A R Y ------------

Command Line: --add-modules=ALL-SYSTEM --add-opens=java.base/java.util=ALL-UNNAMED --add-opens=java.base/java.lang=ALL-UNNAMED -Declipse.application=org.eclipse.jdt.ls.core.id1 -Dosgi.bundles.defaultStartLevel=4 -Declipse.product=org.eclipse.jdt.ls.core.product -Dfile.encoding=utf8 -DwatchParentProcess=false -XX:+UseParallelGC -XX:GCTimeRatio=4 -XX:AdaptiveSizePolicyWeight=90 -Dsun.zip.disableMemoryMapping=true -Xmx1G -Xms100m c:\Users\Nguyen Ngoc Thien\.vscode\extensions\redhat.java-1.0.0\server\plugins\org.eclipse.equinox.launcher_1.6.400.v20210924-0641.jar -configuration c:\Users\Nguyen Ngoc Thien\AppData\Roaming\Code\User\globalStorage\redhat.java\1.0.0\config_ss_win -data c:\Users\Nguyen Ngoc Thien\AppData\Roaming\Code\User\workspaceStorage\6901d5d9c1c1bcdad87bbc9e0c1d31dd\redhat.java\ss_ws

Host: Intel(R) Core(TM) i5-6300U CPU @ 2.40GHz, 4 cores, 7G,  Windows 10 , 64 bit Build 19041 (10.0.19041.804)
Time: Fri Nov  5 15:18:04 2021 Pacific Daylight Time elapsed time: 4.890375 seconds (0d 0h 0m 4s)

---------------  T H R E A D  ---------------

Current thread (0x00000220757bde80):  JavaThread "Start Level: Equinox Container: 49857b66-10f9-41c3-a480-df4c71d9274c" daemon [_thread_in_vm, id=8188, stack(0x0000009cdbd00000,0x0000009cdbe00000)]

Stack: [0x0000009cdbd00000,0x0000009cdbe00000]
Native frames: (J=compiled Java code, j=interpreted, Vv=VM code, C=native code)
V  [jvm.dll+0x66fa1a]
V  [jvm.dll+0x7ce5a4]
V  [jvm.dll+0x7cfd4e]
V  [jvm.dll+0x7d03b3]
V  [jvm.dll+0x242b05]
V  [jvm.dll+0x7ca54b]
V  [jvm.dll+0x615b76]
V  [jvm.dll+0x1be19e]
V  [jvm.dll+0x6184b1]
V  [jvm.dll+0x616516]
V  [jvm.dll+0x2370cf]
V  [jvm.dll+0x620145]
V  [jvm.dll+0x1e7dcb]
V  [jvm.dll+0x1e8305]
V  [jvm.dll+0x1e8d3f]
V  [jvm.dll+0x1de1f1]
V  [jvm.dll+0x537690]
V  [jvm.dll+0x7496c8]
V  [jvm.dll+0x7497b4]
V  [jvm.dll+0x408995]
V  [jvm.dll+0x40e9e8]
C  [java.dll+0x17ec]

Java frames: (J=compiled Java code, j=interpreted, Vv=VM code)
J 1093  java.lang.ClassLoader.defineClass1(Ljava/lang/ClassLoader;Ljava/lang/String;[BIILjava/security/ProtectionDomain;Ljava/lang/String;)Ljava/lang/Class; java.base@17.0.1 (0 bytes) @ 0x0000022007b28863 [0x0000022007b287a0+0x00000000000000c3]
J 1443 c1 java.lang.ClassLoader.defineClass(Ljava/lang/String;[BIILjava/security/ProtectionDomain;)Ljava/lang/Class; java.base@17.0.1 (43 bytes) @ 0x000002200084245c [0x0000022000842100+0x000000000000035c]
J 1827 c1 org.eclipse.osgi.internal.loader.ModuleClassLoader.defineClass(Ljava/lang/String;[BLorg/eclipse/osgi/internal/loader/classpath/ClasspathEntry;)Lorg/eclipse/osgi/internal/loader/ModuleClassLoader$DefineClassResult; (138 bytes) @ 0x000002200092fd9c [0x000002200092fb40+0x000000000000025c]
J 1736 c1 org.eclipse.osgi.internal.loader.classpath.ClasspathManager.defineClass(Ljava/lang/String;[BLorg/eclipse/osgi/internal/loader/classpath/ClasspathEntry;Lorg/eclipse/osgi/storage/bundlefile/BundleEntry;Ljava/util/List;)Ljava/lang/Class; (636 bytes) @ 0x00000220008f99dc [0x00000220008f7ee0+0x0000000000001afc]
J 1517 c1 org.eclipse.osgi.internal.loader.classpath.ClasspathManager.findClassImpl(Ljava/lang/String;Lorg/eclipse/osgi/internal/loader/classpath/ClasspathEntry;Ljava/util/List;)Ljava/lang/Class; (308 bytes) @ 0x00000220008836ec [0x00000220008808c0+0x0000000000002e2c]
J 1516 c1 org.eclipse.osgi.internal.loader.classpath.ClasspathManager.findLocalClassImpl(Ljava/lang/String;[Lorg/eclipse/osgi/internal/loader/classpath/ClasspathEntry;Ljava/util/List;)Ljava/lang/Class; (55 bytes) @ 0x000002200087fd4c [0x000002200087fbc0+0x000000000000018c]
J 1726 c1 org.eclipse.osgi.internal.loader.classpath.ClasspathManager.findLocalClassImpl(Ljava/lang/String;Ljava/util/List;)Ljava/lang/Class; (139 bytes) @ 0x00000220008f1884 [0x00000220008f1340+0x0000000000000544]
J 1508 c1 org.eclipse.osgi.internal.loader.classpath.ClasspathManager.findLocalClass(Ljava/lang/String;)Ljava/lang/Class; (210 bytes) @ 0x00000220008726bc [0x00000220008719a0+0x0000000000000d1c]
J 1506 c1 org.eclipse.osgi.internal.loader.BundleLoader.findLocalClass(Ljava/lang/String;)Ljava/lang/Class; (152 bytes) @ 0x000002200086fa8c [0x000002200086f220+0x000000000000086c]
J 1477 c1 org.eclipse.osgi.internal.loader.BundleLoader.findClass(Ljava/lang/String;)Ljava/lang/Class; (531 bytes) @ 0x000002200085744c [0x00000220008547a0+0x0000000000002cac]
J 1437 c1 org.eclipse.osgi.internal.loader.ModuleClassLoader.loadClass(Ljava/lang/String;Z)Ljava/lang/Class; (119 bytes) @ 0x000002200083e33c [0x000002200083db80+0x00000000000007bc]
J 646 c1 java.lang.ClassLoader.loadClass(Ljava/lang/String;)Ljava/lang/Class; java.base@17.0.1 (7 bytes) @ 0x00000220006a91cc [0x00000220006a90c0+0x000000000000010c]
v  ~StubRoutines::call_stub
j  org.eclipse.jdt.internal.core.JavaModelManager$8.optionsChanged(Lorg/eclipse/osgi/service/debug/DebugOptions;)V+593
j  org.eclipse.osgi.internal.debug.FrameworkDebugOptions.addingService(Lorg/osgi/framework/ServiceReference;)Lorg/eclipse/osgi/service/debug/DebugOptionsListener;+16
j  org.eclipse.osgi.internal.debug.FrameworkDebugOptions.addingService(Lorg/osgi/framework/ServiceReference;)Ljava/lang/Object;+5
j  org.osgi.util.tracker.ServiceTracker$Tracked.customizerAdding(Lorg/osgi/framework/ServiceReference;Lorg/osgi/framework/ServiceEvent;)Ljava/lang/Object;+8
j  org.osgi.util.tracker.ServiceTracker$Tracked.customizerAdding(Ljava/lang/Object;Ljava/lang/Object;)Ljava/lang/Object;+9
j  org.osgi.util.tracker.AbstractTracked.trackAdding(Ljava/lang/Object;Ljava/lang/Object;)V+8
j  org.osgi.util.tracker.AbstractTracked.track(Ljava/lang/Object;Ljava/lang/Object;)V+83
j  org.osgi.util.tracker.ServiceTracker$Tracked.serviceChanged(Lorg/osgi/framework/ServiceEvent;)V+67
J 1324 c1 org.eclipse.osgi.internal.serviceregistry.FilteredServiceListener.serviceChanged(Lorg/osgi/framework/ServiceEvent;)V (284 bytes) @ 0x00000220008065bc [0x0000022000804260+0x000000000000235c]
J 1310 c1 org.eclipse.osgi.internal.framework.BundleContextImpl.dispatchEvent(Ljava/lang/Object;Ljava/lang/Object;ILjava/lang/Object;)V (558 bytes) @ 0x00000220007f9204 [0x00000220007f6020+0x00000000000031e4]
J 1586 c1 org.eclipse.osgi.framework.eventmgr.EventManager.dispatchEvent(Ljava/util/Set;Lorg/eclipse/osgi/framework/eventmgr/EventDispatcher;ILjava/lang/Object;)V (69 bytes) @ 0x00000220008a3d2c [0x00000220008a3820+0x000000000000050c]
j  org.eclipse.osgi.framework.eventmgr.ListenerQueue.dispatchEventSynchronous(ILjava/lang/Object;)V+67
j  org.eclipse.osgi.internal.serviceregistry.ServiceRegistry.publishServiceEventPrivileged(Lorg/osgi/framework/ServiceEvent;)V+320
j  org.eclipse.osgi.internal.serviceregistry.ServiceRegistry.publishServiceEvent(Lorg/osgi/framework/ServiceEvent;)V+8
j  org.eclipse.osgi.internal.serviceregistry.ServiceRegistrationImpl.register(Ljava/util/Dictionary;)V+128
j  org.eclipse.osgi.internal.serviceregistry.ServiceRegistry.registerService(Lorg/eclipse/osgi/internal/framework/BundleContextImpl;[Ljava/lang/String;Ljava/lang/Object;Ljava/util/Dictionary;)Lorg/eclipse/osgi/internal/serviceregistry/ServiceRegistrationImpl;+298
j  org.eclipse.osgi.internal.framework.BundleContextImpl.registerService([Ljava/lang/String;Ljava/lang/Object;Ljava/util/Dictionary;)Lorg/osgi/framework/ServiceRegistration;+15
j  org.eclipse.osgi.internal.framework.BundleContextImpl.registerService(Ljava/lang/String;Ljava/lang/Object;Ljava/util/Dictionary;)Lorg/osgi/framework/ServiceRegistration;+15
j  org.eclipse.osgi.internal.framework.BundleContextImpl.registerService(Ljava/lang/Class;Ljava/lang/Object;Ljava/util/Dictionary;)Lorg/osgi/framework/ServiceRegistration;+7
j  org.eclipse.jdt.internal.core.JavaModelManager.registerDebugOptionsListener(Lorg/osgi/framework/BundleContext;)V+32
j  org.eclipse.jdt.core.JavaCore.start(Lorg/osgi/framework/BundleContext;)V+6
j  org.eclipse.osgi.internal.framework.BundleContextImpl.lambda$2(Lorg/osgi/framework/BundleActivator;)Ljava/lang/Void;+11
j  org.eclipse.osgi.internal.framework.BundleContextImpl$$Lambda$76+0x0000000800c95180.run()Ljava/lang/Object;+8
J 1069 c1 java.security.AccessController.executePrivileged(Ljava/security/PrivilegedExceptionAction;Ljava/security/AccessControlContext;Ljava/lang/Class;)Ljava/lang/Object; java.base@17.0.1 (65 bytes) @ 0x000002200076943c [0x00000220007692e0+0x000000000000015c]
j  java.security.AccessController.doPrivileged(Ljava/security/PrivilegedExceptionAction;)Ljava/lang/Object;+9 java.base@17.0.1
j  org.eclipse.osgi.internal.framework.BundleContextImpl.startActivator(Lorg/osgi/framework/BundleActivator;)V+7
j  org.eclipse.osgi.internal.framework.BundleContextImpl.start()V+134
j  org.eclipse.osgi.internal.framework.EquinoxBundle.startWorker0()V+35
j  org.eclipse.osgi.internal.framework.EquinoxBundle$EquinoxModule.startWorker()V+4
j  org.eclipse.osgi.container.Module.doStart([Lorg/eclipse/osgi/container/Module$StartOptions;)Lorg/eclipse/osgi/container/ModuleContainerAdaptor$ModuleEvent;+190
J 1801 c1 org.eclipse.osgi.container.Module.start([Lorg/eclipse/osgi/container/Module$StartOptions;)V (655 bytes) @ 0x0000022000920934 [0x000002200091e4e0+0x0000000000002454]
J 1819 c1 org.eclipse.osgi.framework.util.SecureAction.start(Lorg/eclipse/osgi/container/Module;[Lorg/eclipse/osgi/container/Module$StartOptions;)V (58 bytes) @ 0x000002200092ae8c [0x000002200092a960+0x000000000000052c]
J 1597 c1 org.eclipse.osgi.internal.hooks.EclipseLazyStarter.postFindLocalClass(Ljava/lang/String;Ljava/lang/Class;Lorg/eclipse/osgi/internal/loader/classpath/ClasspathManager;)V (394 bytes) @ 0x00000220008a81ec [0x00000220008a71e0+0x000000000000100c]
J 1508 c1 org.eclipse.osgi.internal.loader.classpath.ClasspathManager.findLocalClass(Ljava/lang/String;)Ljava/lang/Class; (210 bytes) @ 0x0000022000872a0c [0x00000220008719a0+0x000000000000106c]
J 1506 c1 org.eclipse.osgi.internal.loader.BundleLoader.findLocalClass(Ljava/lang/String;)Ljava/lang/Class; (152 bytes) @ 0x000002200086fa8c [0x000002200086f220+0x000000000000086c]
J 1784 c1 org.eclipse.osgi.internal.loader.sources.SingleSourcePackage.loadClass(Ljava/lang/String;)Ljava/lang/Class; (9 bytes) @ 0x000002200091a944 [0x000002200091a840+0x0000000000000104]
J 1477 c1 org.eclipse.osgi.internal.loader.BundleLoader.findClass(Ljava/lang/String;)Ljava/lang/Class; (531 bytes) @ 0x000002200085734c [0x00000220008547a0+0x0000000000002bac]
J 1437 c1 org.eclipse.osgi.internal.loader.ModuleClassLoader.loadClass(Ljava/lang/String;Z)Ljava/lang/Class; (119 bytes) @ 0x000002200083e33c [0x000002200083db80+0x00000000000007bc]
J 646 c1 java.lang.ClassLoader.loadClass(Ljava/lang/String;)Ljava/lang/Class; java.base@17.0.1 (7 bytes) @ 0x00000220006a91cc [0x00000220006a90c0+0x000000000000010c]
v  ~StubRoutines::call_stub
j  java.lang.Class.getDeclaredConstructors0(Z)[Ljava/lang/reflect/Constructor;+0 java.base@17.0.1
j  java.lang.Class.privateGetDeclaredConstructors(Z)[Ljava/lang/reflect/Constructor;+52 java.base@17.0.1
j  java.lang.Class.getConstructor0([Ljava/lang/Class;I)Ljava/lang/reflect/Constructor;+14 java.base@17.0.1
j  java.lang.Class.getConstructor([Ljava/lang/Class;)Ljava/lang/reflect/Constructor;+24 java.base@17.0.1
j  org.eclipse.osgi.internal.framework.BundleContextImpl.loadBundleActivator()Lorg/osgi/framework/BundleActivator;+105
j  org.eclipse.osgi.internal.framework.BundleContextImpl.start()V+18
j  org.eclipse.osgi.internal.framework.EquinoxBundle.startWorker0()V+35
j  org.eclipse.osgi.internal.framework.EquinoxBundle$EquinoxModule.startWorker()V+4
j  org.eclipse.osgi.container.Module.doStart([Lorg/eclipse/osgi/container/Module$StartOptions;)Lorg/eclipse/osgi/container/ModuleContainerAdaptor$ModuleEvent;+190
j  org.eclipse.osgi.container.Module.start([Lorg/eclipse/osgi/container/Module$StartOptions;)V+460
j  org.eclipse.osgi.container.ModuleContainer$ContainerStartLevel.lambda$1(Ljava/util/concurrent/CountDownLatch;Lorg/eclipse/osgi/container/Module;I)V+58
j  org.eclipse.osgi.container.ModuleContainer$ContainerStartLevel$$Lambda$87+0x0000000800caa808.run()V+16
j  org.eclipse.osgi.internal.framework.EquinoxContainerAdaptor$$Lambda$86+0x0000000800caa5f0.execute(Ljava/lang/Runnable;)V+1
j  org.eclipse.osgi.container.ModuleContainer$ContainerStartLevel.incStartLevel(ILjava/util/List;Z)V+187
j  org.eclipse.osgi.container.ModuleContainer$ContainerStartLevel.incStartLevel(ILjava/util/List;Ljava/util/List;Ljava/util/List;Ljava/util/List;)V+19
j  org.eclipse.osgi.container.ModuleContainer$ContainerStartLevel.doContainerStartLevel(Lorg/eclipse/osgi/container/Module;I[Lorg/osgi/framework/FrameworkListener;)V+349
j  org.eclipse.osgi.container.ModuleContainer$ContainerStartLevel.dispatchEvent(Lorg/eclipse/osgi/container/Module;[Lorg/osgi/framework/FrameworkListener;ILjava/lang/Integer;)V+32
j  org.eclipse.osgi.container.ModuleContainer$ContainerStartLevel.dispatchEvent(Ljava/lang/Object;Ljava/lang/Object;ILjava/lang/Object;)V+15
j  org.eclipse.osgi.framework.eventmgr.EventManager.dispatchEvent(Ljava/util/Set;Lorg/eclipse/osgi/framework/eventmgr/EventDispatcher;ILjava/lang/Object;)V+48
j  org.eclipse.osgi.framework.eventmgr.EventManager$EventThread.run()V+26
v  ~StubRoutines::call_stub

---------------  P R O C E S S  ---------------

Threads class SMR info:
_java_thread_list=0x00000220754882d0, length=21, elements={
0x0000022069b7e510, 0x0000022069c59650, 0x0000022069c5b400, 0x00000220734c99e0,
0x00000220734ca760, 0x00000220734cb4e0, 0x00000220734cf020, 0x00000220734cfcc0,
0x00000220734d1620, 0x000002207353e570, 0x000002207358e8a0, 0x00000220751126a0,
0x0000022075596db0, 0x00000220757bd050, 0x00000220757bde80, 0x000002207571f310,
0x0000022075694030, 0x0000022075a4f470, 0x0000022075a570b0, 0x000002207595cf00,
0x000002207595c560
}

Java Threads: ( => current thread )
  0x0000022069b7e510 JavaThread "main" [_thread_blocked, id=9108, stack(0x0000009cdac00000,0x0000009cdad00000)]
  0x0000022069c59650 JavaThread "Reference Handler" daemon [_thread_blocked, id=9120, stack(0x0000009cdaf00000,0x0000009cdb000000)]
  0x0000022069c5b400 JavaThread "Finalizer" daemon [_thread_blocked, id=6736, stack(0x0000009cdb000000,0x0000009cdb100000)]
  0x00000220734c99e0 JavaThread "Signal Dispatcher" daemon [_thread_blocked, id=7308, stack(0x0000009cdb100000,0x0000009cdb200000)]
  0x00000220734ca760 JavaThread "Attach Listener" daemon [_thread_blocked, id=4372, stack(0x0000009cdb200000,0x0000009cdb300000)]
  0x00000220734cb4e0 JavaThread "Service Thread" daemon [_thread_blocked, id=7904, stack(0x0000009cdb300000,0x0000009cdb400000)]
  0x00000220734cf020 JavaThread "Monitor Deflation Thread" daemon [_thread_blocked, id=6588, stack(0x0000009cdb400000,0x0000009cdb500000)]
  0x00000220734cfcc0 JavaThread "C2 CompilerThread0" daemon [_thread_blocked, id=7972, stack(0x0000009cdb500000,0x0000009cdb600000)]
  0x00000220734d1620 JavaThread "C1 CompilerThread0" daemon [_thread_blocked, id=8904, stack(0x0000009cdb600000,0x0000009cdb700000)]
  0x000002207353e570 JavaThread "Sweeper thread" daemon [_thread_blocked, id=7760, stack(0x0000009cdb700000,0x0000009cdb800000)]
  0x000002207358e8a0 JavaThread "Common-Cleaner" daemon [_thread_blocked, id=8928, stack(0x0000009cdb800000,0x0000009cdb900000)]
  0x00000220751126a0 JavaThread "Notification Thread" daemon [_thread_blocked, id=8120, stack(0x0000009cdb900000,0x0000009cdba00000)]
  0x0000022075596db0 JavaThread "Active Thread: Equinox Container: 49857b66-10f9-41c3-a480-df4c71d9274c" [_thread_blocked, id=8996, stack(0x0000009cdbc00000,0x0000009cdbd00000)]
  0x00000220757bd050 JavaThread "Framework Event Dispatcher: Equinox Container: 49857b66-10f9-41c3-a480-df4c71d9274c" daemon [_thread_blocked, id=8936, stack(0x0000009cdbb00000,0x0000009cdbc00000)]
=>0x00000220757bde80 JavaThread "Start Level: Equinox Container: 49857b66-10f9-41c3-a480-df4c71d9274c" daemon [_thread_in_vm, id=8188, stack(0x0000009cdbd00000,0x0000009cdbe00000)]
  0x000002207571f310 JavaThread "SCR Component Actor" daemon [_thread_blocked, id=5296, stack(0x0000009cdbe00000,0x0000009cdbf00000)]
  0x0000022075694030 JavaThread "Timer-0" [_thread_blocked, id=7268, stack(0x0000009cdc200000,0x0000009cdc300000)]
  0x0000022075a4f470 JavaThread "Worker-JM" [_thread_blocked, id=3672, stack(0x0000009cdc300000,0x0000009cdc400000)]
  0x0000022075a570b0 JavaThread "Worker-0" [_thread_blocked, id=7460, stack(0x0000009cdc400000,0x0000009cdc500000)]
  0x000002207595cf00 JavaThread "Worker-1" [_thread_blocked, id=8972, stack(0x0000009cdc500000,0x0000009cdc600000)]
  0x000002207595c560 JavaThread "Worker-2" [_thread_blocked, id=7048, stack(0x0000009cdc600000,0x0000009cdc700000)]

Other Threads:
  0x0000022069c53d40 VMThread "VM Thread" [stack: 0x0000009cdae00000,0x0000009cdaf00000] [id=7812]
  0x0000022075114b80 WatcherThread [stack: 0x0000009cdba00000,0x0000009cdbb00000] [id=7776]
  0x0000022069b955c0 GCTaskThread "GC Thread#0" [stack: 0x0000009cdad00000,0x0000009cdae00000] [id=7284]
  0x00000220758020d0 GCTaskThread "GC Thread#1" [stack: 0x0000009cdbf00000,0x0000009cdc000000] [id=700]
  0x00000220756735d0 GCTaskThread "GC Thread#2" [stack: 0x0000009cdc000000,0x0000009cdc100000] [id=6688]
  0x00000220752fdcd0 GCTaskThread "GC Thread#3" [stack: 0x0000009cdc100000,0x0000009cdc200000] [id=7332]

Threads with active compile tasks:

VM state: not at safepoint (normal execution)

VM Mutex/Monitor currently owned by a thread:  ([mutex/lock_event])
[0x00000220679ef5b0] Metaspace_lock - owner thread: 0x00000220757bde80

Heap address: 0x00000000c0000000, size: 1024 MB, Compressed Oops mode: 32-bit

CDS archive(s) mapped at: [0x0000000800000000-0x0000000800bc0000-0x0000000800bc0000), size 12320768, SharedBaseAddress: 0x0000000800000000, ArchiveRelocationMode: 0.
Compressed class space mapped at: 0x0000000800c00000-0x0000000840c00000, reserved size: 1073741824
Narrow klass base: 0x0000000800000000, Narrow klass shift: 0, Narrow klass range: 0x100000000

GC Precious Log:
 CPUs: 4 total, 4 available
 Memory: 8083M
 Large Page Support: Disabled
 NUMA Support: Disabled
 Compressed Oops: Enabled (32-bit)
 Alignments: Space 512K, Generation 512K, Heap 2M
 Heap Min Capacity: 100M
 Heap Initial Capacity: 100M
 Heap Max Capacity: 1G
 Pre-touch: Disabled
 Parallel Workers: 4

Heap:
 PSYoungGen      total 29696K, used 26487K [0x00000000eab00000, 0x00000000ecc00000, 0x0000000100000000)
  eden space 25600K, 87% used [0x00000000eab00000,0x00000000ec0f9cb8,0x00000000ec400000)
  from space 4096K, 97% used [0x00000000ec400000,0x00000000ec7e42a0,0x00000000ec800000)
  to   space 4096K, 0% used [0x00000000ec800000,0x00000000ec800000,0x00000000ecc00000)
 ParOldGen       total 68608K, used 8K [0x00000000c0000000, 0x00000000c4300000, 0x00000000eab00000)
  object space 68608K, 0% used [0x00000000c0000000,0x00000000c0002000,0x00000000c4300000)
 Metaspace       used 17204K, committed 17536K, reserved 1064960K
  class space    used 1640K, committed 1792K, reserved 1048576K

Card table byte_map: [0x0000022069540000,0x0000022069750000] _byte_map_base: 0x0000022068f40000

Marking Bits: (ParMarkBitMap*) 0x00007ffada392330
 Begin Bits: [0x0000022071390000, 0x0000022072390000)
 End Bits:   [0x0000022072390000, 0x0000022073390000)

Polling page: 0x0000022067960000

Metaspace:

Usage:
  Non-class:     15.20 MB used.
      Class:      1.60 MB used.
       Both:     16.80 MB used.

Virtual space:
  Non-class space:       16.00 MB reserved,      15.38 MB ( 96%) committed,  2 nodes.
      Class space:        1.00 GB reserved,       1.75 MB ( <1%) committed,  1 nodes.
             Both:        1.02 GB reserved,      17.12 MB (  2%) committed. 

Chunk freelists:
   Non-Class:  176.00 KB
       Class:  2.22 MB
        Both:  2.39 MB

MaxMetaspaceSize: unlimited
CompressedClassSpaceSize: 1.00 GB
Initial GC threshold: 21.00 MB
Current GC threshold: 21.00 MB
CDS: on
MetaspaceReclaimPolicy: balanced
 - commit_granule_bytes: 65536.
 - commit_granule_words: 8192.
 - virtual_space_node_default_size: 1048576.
 - enlarge_chunks_in_place: 1.
 - new_chunks_are_fully_committed: 0.
 - uncommit_free_chunks: 1.
 - use_allocation_guard: 0.
 - handle_deallocations: 1.


Internal statistics:

num_allocs_failed_limit: 0.
num_arena_births: 152.
num_arena_deaths: 0.
num_vsnodes_births: 3.
num_vsnodes_deaths: 0.
num_space_committed: 274.
num_space_uncommitted: 0.
num_chunks_returned_to_freelist: 0.
num_chunks_taken_from_freelist: 728.
num_chunk_merges: 0.
num_chunk_splits: 494.
num_chunks_enlarged: 361.
num_purges: 0.
num_inconsistent_stats: 0.

CodeHeap 'non-profiled nmethods': size=120000Kb used=644Kb max_used=644Kb free=119355Kb
 bounds [0x0000022007ad0000, 0x0000022007d40000, 0x000002200f000000]
CodeHeap 'profiled nmethods': size=120000Kb used=3862Kb max_used=3862Kb free=116137Kb
 bounds [0x00000220005a0000, 0x0000022000970000, 0x0000022007ad0000]
CodeHeap 'non-nmethods': size=5760Kb used=1207Kb max_used=1218Kb free=4552Kb
 bounds [0x0000022000000000, 0x0000022000270000, 0x00000220005a0000]
 total_blobs=2456 nmethods=1946 adapters=424
 compilation: enabled
              stopped_count=0, restarted_count=0
 full_count=0

Compilation events (20 events):
Event: 4.438 Thread 0x00000220734d1620 1938  s    3       org.eclipse.core.internal.watson.ElementTree::getElementData (61 bytes)
Event: 4.439 Thread 0x00000220734d1620 nmethod 1938 0x0000022000962790 code [0x00000220009629c0, 0x0000022000963298]
Event: 4.439 Thread 0x00000220734d1620 1936       1       org.eclipse.core.internal.resources.Folder::getType (2 bytes)
Event: 4.439 Thread 0x00000220734d1620 nmethod 1936 0x0000022007b6fd90 code [0x0000022007b6ff20, 0x0000022007b6fff8]
Event: 4.439 Thread 0x00000220734d1620 1939       1       org.eclipse.core.internal.dtree.AbstractDataTreeNode::isDeleted (2 bytes)
Event: 4.439 Thread 0x00000220734d1620 nmethod 1939 0x0000022007b70090 code [0x0000022007b70220, 0x0000022007b702f8]
Event: 4.442 Thread 0x00000220734d1620 1940       3       org.eclipse.core.runtime.Path::append (150 bytes)
Event: 4.443 Thread 0x00000220734d1620 nmethod 1940 0x0000022000963590 code [0x00000220009638c0, 0x0000022000964b08]
Event: 4.443 Thread 0x00000220734d1620 1941   !   3       org.eclipse.core.internal.dtree.DataTreeLookup::newLookup (68 bytes)
Event: 4.444 Thread 0x00000220734d1620 nmethod 1941 0x0000022000965090 code [0x0000022000965240, 0x00000220009654d8]
Event: 4.444 Thread 0x00000220734d1620 1942       1       org.eclipse.core.internal.resources.Workspace::getRoot (5 bytes)
Event: 4.444 Thread 0x00000220734d1620 nmethod 1942 0x0000022007b70390 code [0x0000022007b70520, 0x0000022007b705f8]
Event: 4.460 Thread 0x00000220734d1620 1943       3       org.eclipse.core.filesystem.provider.FileInfo::isSet (16 bytes)
Event: 4.460 Thread 0x00000220734d1620 nmethod 1943 0x0000022000965710 code [0x00000220009658a0, 0x0000022000965a38]
Event: 4.470 Thread 0x00000220734cfcc0 1944       4       java.lang.String::compareTo (63 bytes)
Event: 4.471 Thread 0x00000220734cfcc0 nmethod 1944 0x0000022007b70690 code [0x0000022007b70800, 0x0000022007b70a18]
Event: 4.471 Thread 0x00000220734cfcc0 1945       4       java.lang.StringLatin1::compareTo (14 bytes)
Event: 4.520 Thread 0x00000220734cfcc0 nmethod 1945 0x0000022007b70b10 code [0x0000022007b70c80, 0x0000022007b70e38]
Event: 4.790 Thread 0x00000220734cfcc0 1946       4       java.util.concurrent.locks.AbstractQueuedSynchronizer::signalNext (34 bytes)
Event: 4.792 Thread 0x00000220734cfcc0 nmethod 1946 0x0000022007b70f10 code [0x0000022007b710a0, 0x0000022007b71178]

GC Heap History (2 events):
Event: 2.633 GC heap before
{Heap before GC invocations=1 (full 0):
 PSYoungGen      total 29696K, used 25600K [0x00000000eab00000, 0x00000000ecc00000, 0x0000000100000000)
  eden space 25600K, 100% used [0x00000000eab00000,0x00000000ec400000,0x00000000ec400000)
  from space 4096K, 0% used [0x00000000ec800000,0x00000000ec800000,0x00000000ecc00000)
  to   space 4096K, 0% used [0x00000000ec400000,0x00000000ec400000,0x00000000ec800000)
 ParOldGen       total 68608K, used 0K [0x00000000c0000000, 0x00000000c4300000, 0x00000000eab00000)
  object space 68608K, 0% used [0x00000000c0000000,0x00000000c0000000,0x00000000c4300000)
 Metaspace       used 7579K, committed 7872K, reserved 1056768K
  class space    used 758K, committed 896K, reserved 1048576K
}
Event: 2.650 GC heap after
{Heap after GC invocations=1 (full 0):
 PSYoungGen      total 29696K, used 3984K [0x00000000eab00000, 0x00000000ecc00000, 0x0000000100000000)
  eden space 25600K, 0% used [0x00000000eab00000,0x00000000eab00000,0x00000000ec400000)
  from space 4096K, 97% used [0x00000000ec400000,0x00000000ec7e42a0,0x00000000ec800000)
  to   space 4096K, 0% used [0x00000000ec800000,0x00000000ec800000,0x00000000ecc00000)
 ParOldGen       total 68608K, used 8K [0x00000000c0000000, 0x00000000c4300000, 0x00000000eab00000)
  object space 68608K, 0% used [0x00000000c0000000,0x00000000c0002000,0x00000000c4300000)
 Metaspace       used 7579K, committed 7872K, reserved 1056768K
  class space    used 758K, committed 896K, reserved 1048576K
}

Deoptimization events (20 events):
Event: 3.684 Thread 0x00000220757bde80 Uncommon trap: trap_request=0xffffffc6 fr.pc=0x0000022007b50e94 relative=0x0000000000001af4
Event: 3.685 Thread 0x00000220757bde80 Uncommon trap: reason=bimorphic_or_optimized_type_check action=maybe_recompile pc=0x0000022007b50e94 method=java.io.DataInputStream.readUnsignedShort()I @ 4 c2
Event: 3.685 Thread 0x00000220757bde80 DEOPT PACKING pc=0x0000022007b50e94 sp=0x0000009cdbdf96f0
Event: 3.685 Thread 0x00000220757bde80 DEOPT UNPACKING pc=0x00000220000520a3 sp=0x0000009cdbdf9678 mode 2
Event: 3.685 Thread 0x00000220757bde80 Uncommon trap: trap_request=0xffffffc6 fr.pc=0x0000022007b50e94 relative=0x0000000000001af4
Event: 3.685 Thread 0x00000220757bde80 Uncommon trap: reason=bimorphic_or_optimized_type_check action=maybe_recompile pc=0x0000022007b50e94 method=java.io.DataInputStream.readUnsignedShort()I @ 4 c2
Event: 3.685 Thread 0x00000220757bde80 DEOPT PACKING pc=0x0000022007b50e94 sp=0x0000009cdbdf9630
Event: 3.685 Thread 0x00000220757bde80 DEOPT UNPACKING pc=0x00000220000520a3 sp=0x0000009cdbdf95b8 mode 2
Event: 3.685 Thread 0x00000220757bde80 Uncommon trap: trap_request=0xffffffc6 fr.pc=0x0000022007b50e94 relative=0x0000000000001af4
Event: 3.685 Thread 0x00000220757bde80 Uncommon trap: reason=bimorphic_or_optimized_type_check action=maybe_recompile pc=0x0000022007b50e94 method=java.io.DataInputStream.readUnsignedShort()I @ 4 c2
Event: 3.685 Thread 0x00000220757bde80 DEOPT PACKING pc=0x0000022007b50e94 sp=0x0000009cdbdf9580
Event: 3.685 Thread 0x00000220757bde80 DEOPT UNPACKING pc=0x00000220000520a3 sp=0x0000009cdbdf9508 mode 2
Event: 3.685 Thread 0x00000220757bde80 Uncommon trap: trap_request=0xffffffc6 fr.pc=0x0000022007b50e94 relative=0x0000000000001af4
Event: 3.685 Thread 0x00000220757bde80 Uncommon trap: reason=bimorphic_or_optimized_type_check action=maybe_recompile pc=0x0000022007b50e94 method=java.io.DataInputStream.readUnsignedShort()I @ 4 c2
Event: 3.685 Thread 0x00000220757bde80 DEOPT PACKING pc=0x0000022007b50e94 sp=0x0000009cdbdf9580
Event: 3.685 Thread 0x00000220757bde80 DEOPT UNPACKING pc=0x00000220000520a3 sp=0x0000009cdbdf9508 mode 2
Event: 3.686 Thread 0x00000220757bde80 Uncommon trap: trap_request=0xffffff45 fr.pc=0x0000022007b49934 relative=0x0000000000000ab4
Event: 3.686 Thread 0x00000220757bde80 Uncommon trap: reason=unstable_if action=reinterpret pc=0x0000022007b49934 method=java.io.DataInputStream.readInt()I @ 41 c2
Event: 3.686 Thread 0x00000220757bde80 DEOPT PACKING pc=0x0000022007b49934 sp=0x0000009cdbdf99b0
Event: 3.686 Thread 0x00000220757bde80 DEOPT UNPACKING pc=0x00000220000520a3 sp=0x0000009cdbdf9980 mode 2

Classes unloaded (0 events):
No events

Classes redefined (0 events):
No events

Internal exceptions (20 events):
Event: 1.582 Thread 0x0000022069b7e510 Exception <a 'java/lang/NoSuchMethodError'{0x00000000eb83bcb8}: 'java.lang.Object java.lang.invoke.DirectMethodHandle$Holder.invokeStaticInit(java.lang.Object, java.lang.Object, int, int, int, int)'> (0x00000000eb83bcb8) 
thrown [t:\workspace\open\src\hotspot\share\interpreter\linkResolver.cpp, line 766]
Event: 1.655 Thread 0x0000022069b7e510 Exception <a 'java/lang/NoSuchMethodError'{0x00000000eb8b2118}: 'void java.lang.invoke.DirectMethodHandle$Holder.invokeSpecial(java.lang.Object, java.lang.Object, java.lang.Object)'> (0x00000000eb8b2118) 
thrown [t:\workspace\open\src\hotspot\share\interpreter\linkResolver.cpp, line 766]
Event: 1.738 Thread 0x0000022069b7e510 Exception <a 'java/lang/NoSuchMethodError'{0x00000000eb939900}: 'void java.lang.invoke.DirectMethodHandle$Holder.invokeInterface(java.lang.Object, java.lang.Object)'> (0x00000000eb939900) 
thrown [t:\workspace\open\src\hotspot\share\interpreter\linkResolver.cpp, line 766]
Event: 1.772 Thread 0x0000022069b7e510 Exception <a 'java/lang/NoSuchMethodError'{0x00000000eb961f40}: 'java.lang.Object java.lang.invoke.DirectMethodHandle$Holder.newInvokeSpecial(java.lang.Object, int, java.lang.Object, java.lang.Object)'> (0x00000000eb961f40) 
thrown [t:\workspace\open\src\hotspot\share\interpreter\linkResolver.cpp, line 766]
Event: 1.775 Thread 0x0000022069b7e510 Exception <a 'java/lang/NoSuchMethodError'{0x00000000eb966140}: 'java.lang.Object java.lang.invoke.DirectMethodHandle$Holder.invokeSpecial(java.lang.Object, java.lang.Object, int, java.lang.Object, java.lang.Object)'> (0x00000000eb966140) 
thrown [t:\workspace\open\src\hotspot\share\interpreter\linkResolver.cpp, line 766]
Event: 1.881 Thread 0x0000022069b7e510 Exception <a 'java/lang/NoSuchMethodError'{0x00000000ebb45848}: 'void java.lang.invoke.DirectMethodHandle$Holder.invokeStatic(java.lang.Object, java.lang.Object, java.lang.Object, java.lang.Object)'> (0x00000000ebb45848) 
thrown [t:\workspace\open\src\hotspot\share\interpreter\linkResolver.cpp, line 766]
Event: 1.988 Thread 0x0000022069b7e510 Exception <a 'java/lang/NoSuchMethodError'{0x00000000ebc38600}: 'java.lang.Object java.lang.invoke.Invokers$Holder.invokeExact_MT(java.lang.Object, java.lang.Object, java.lang.Object, java.lang.Object, java.lang.Object, java.lang.Object)'> (0x00000000ebc38600) 
thrown [t:\workspace\open\src\hotspot\share\interpreter\linkResolver.cpp, line 766]
Event: 2.123 Thread 0x0000022069b7e510 Exception <a 'java/lang/NoSuchMethodError'{0x00000000ebe4cc50}: 'java.lang.Object java.lang.invoke.DirectMethodHandle$Holder.newInvokeSpecial(java.lang.Object, int, java.lang.Object)'> (0x00000000ebe4cc50) 
thrown [t:\workspace\open\src\hotspot\share\interpreter\linkResolver.cpp, line 766]
Event: 2.469 Thread 0x0000022069b7e510 Exception <a 'java/lang/UnsatisfiedLinkError'{0x00000000ec14e4a8}: 'void org.eclipse.equinox.launcher.JNIBridge._update_splash()'> (0x00000000ec14e4a8) 
thrown [t:\workspace\open\src\hotspot\share\prims\nativeLookup.cpp, line 543]
Event: 2.504 Thread 0x00000220757bde80 Exception <a 'java/lang/NoSuchMethodError'{0x00000000ec1f3518}: 'java.lang.Object java.lang.invoke.DirectMethodHandle$Holder.newInvokeSpecial(java.lang.Object, java.lang.Object, java.lang.Object, java.lang.Object, int)'> (0x00000000ec1f3518) 
thrown [t:\workspace\open\src\hotspot\share\interpreter\linkResolver.cpp, line 766]
Event: 2.504 Thread 0x00000220757bde80 Exception <a 'java/lang/NoSuchMethodError'{0x00000000ec1f7798}: 'java.lang.Object java.lang.invoke.DirectMethodHandle$Holder.invokeSpecial(java.lang.Object, java.lang.Object, java.lang.Object, java.lang.Object, java.lang.Object, int)'> (0x00000000ec1f7798) 
thrown [t:\workspace\open\src\hotspot\share\interpreter\linkResolver.cpp, line 766]
Event: 2.505 Thread 0x00000220757bde80 Exception <a 'java/lang/NoSuchMethodError'{0x00000000ec1fb1d8}: 'java.lang.Object java.lang.invoke.Invokers$Holder.linkToTargetMethod(java.lang.Object, java.lang.Object, java.lang.Object, int, java.lang.Object)'> (0x00000000ec1fb1d8) 
thrown [t:\workspace\open\src\hotspot\share\interpreter\linkResolver.cpp, line 766]
Event: 2.909 Thread 0x00000220757bde80 Exception <a 'java/io/FileNotFoundException'{0x00000000eae34710}> (0x00000000eae34710) 
thrown [t:\workspace\open\src\hotspot\share\prims\jni.cpp, line 516]
Event: 3.302 Thread 0x00000220757bde80 Exception <a 'java/lang/NoSuchMethodError'{0x00000000eb292188}: 'void java.lang.invoke.DirectMethodHandle$Holder.invokeInterface(java.lang.Object, java.lang.Object, java.lang.Object)'> (0x00000000eb292188) 
thrown [t:\workspace\open\src\hotspot\share\interpreter\linkResolver.cpp, line 766]
Event: 3.536 Thread 0x00000220757bde80 Exception <a 'java/io/FileNotFoundException'{0x00000000eb46b488}> (0x00000000eb46b488) 
thrown [t:\workspace\open\src\hotspot\share\prims\jni.cpp, line 516]
Event: 3.932 Thread 0x00000220757bde80 Exception <a 'java/lang/NoSuchMethodError'{0x00000000eb7837f0}: 'int java.lang.invoke.DirectMethodHandle$Holder.invokeStaticInit(java.lang.Object, java.lang.Object, java.lang.Object)'> (0x00000000eb7837f0) 
thrown [t:\workspace\open\src\hotspot\share\interpreter\linkResolver.cpp, line 766]
Event: 3.963 Thread 0x00000220757bde80 Exception <a 'java/lang/IncompatibleClassChangeError'{0x00000000eb7bcad8}: Found class java.lang.Object, but interface was expected> (0x00000000eb7bcad8) 
thrown [t:\workspace\open\src\hotspot\share\interpreter\linkResolver.cpp, line 833]
Event: 4.334 Thread 0x00000220757bde80 Exception <a 'java/io/FileNotFoundException'{0x00000000ebb133c8}> (0x00000000ebb133c8) 
thrown [t:\workspace\open\src\hotspot\share\prims\jni.cpp, line 516]
Event: 4.334 Thread 0x00000220757bde80 Exception <a 'java/io/FileNotFoundException'{0x00000000ebb145e8}> (0x00000000ebb145e8) 
thrown [t:\workspace\open\src\hotspot\share\prims\jni.cpp, line 516]
Event: 4.335 Thread 0x00000220757bde80 Exception <a 'java/io/FileNotFoundException'{0x00000000ebb15810}> (0x00000000ebb15810) 
thrown [t:\workspace\open\src\hotspot\share\prims\jni.cpp, line 516]

VM Operations (20 events):
Event: 2.073 Executing VM operation: HandshakeAllThreads
Event: 2.073 Executing VM operation: HandshakeAllThreads done
Event: 2.086 Executing VM operation: HandshakeAllThreads
Event: 2.086 Executing VM operation: HandshakeAllThreads done
Event: 2.586 Executing VM operation: HandshakeAllThreads
Event: 2.599 Executing VM operation: HandshakeAllThreads done
Event: 2.599 Executing VM operation: Cleanup
Event: 2.599 Executing VM operation: Cleanup done
Event: 2.633 Executing VM operation: ParallelGCFailedAllocation
Event: 2.650 Executing VM operation: ParallelGCFailedAllocation done
Event: 2.864 Executing VM operation: HandshakeAllThreads
Event: 2.864 Executing VM operation: HandshakeAllThreads done
Event: 3.139 Executing VM operation: HandshakeAllThreads
Event: 3.139 Executing VM operation: HandshakeAllThreads done
Event: 3.238 Executing VM operation: HandshakeAllThreads
Event: 3.238 Executing VM operation: HandshakeAllThreads done
Event: 3.240 Executing VM operation: HandshakeAllThreads
Event: 3.240 Executing VM operation: HandshakeAllThreads done
Event: 4.073 Executing VM operation: ICBufferFull
Event: 4.129 Executing VM operation: ICBufferFull done

Events (20 events):
Event: 3.941 loading class java/io/DataOutputStream done
Event: 3.996 loading class java/util/function/LongUnaryOperator
Event: 3.996 loading class java/util/function/LongUnaryOperator done
Event: 3.997 Thread 0x0000022075a570b0 Thread added: 0x0000022075a570b0
Event: 4.162 loading class java/io/StringReader
Event: 4.162 loading class java/io/StringReader done
Event: 4.196 loading class java/net/SocketTimeoutException
Event: 4.196 loading class java/io/InterruptedIOException
Event: 4.196 loading class java/io/InterruptedIOException done
Event: 4.196 loading class java/net/SocketTimeoutException done
Event: 4.196 loading class java/net/SocketException
Event: 4.196 loading class java/net/SocketException done
Event: 4.196 loading class java/net/UnknownHostException
Event: 4.196 loading class java/net/UnknownHostException done
Event: 4.196 loading class java/net/ProtocolException
Event: 4.196 loading class java/net/ProtocolException done
Event: 4.231 loading class java/io/FileWriter
Event: 4.231 loading class java/io/FileWriter done
Event: 4.255 Thread 0x000002207595cf00 Thread added: 0x000002207595cf00
Event: 4.442 Thread 0x000002207595c560 Thread added: 0x000002207595c560


Dynamic libraries:
0x00007ff765b90000 - 0x00007ff765ba0000 	C:\Program Files\Java\jdk-17.0.1\bin\java.exe
0x00007ffb2ac30000 - 0x00007ffb2ae25000 	C:\Windows\SYSTEM32\ntdll.dll
0x00007ffb28c90000 - 0x00007ffb28d4d000 	C:\Windows\System32\KERNEL32.DLL
0x00007ffb28420000 - 0x00007ffb286e8000 	C:\Windows\System32\KERNELBASE.dll
0x00007ffb28880000 - 0x00007ffb28980000 	C:\Windows\System32\ucrtbase.dll
0x00007ffadb6c0000 - 0x00007ffadb6d8000 	C:\Program Files\Java\jdk-17.0.1\bin\jli.dll
0x00007ffb28e00000 - 0x00007ffb28eac000 	C:\Windows\System32\ADVAPI32.dll
0x00007ffb2aaf0000 - 0x00007ffb2ab8e000 	C:\Windows\System32\msvcrt.dll
0x00007ffb29d50000 - 0x00007ffb29deb000 	C:\Windows\System32\sechost.dll
0x00007ffb2a360000 - 0x00007ffb2a48b000 	C:\Windows\System32\RPCRT4.dll
0x00007ffadb6a0000 - 0x00007ffadb6ba000 	C:\Program Files\Java\jdk-17.0.1\bin\VCRUNTIME140.dll
0x00007ffb2a810000 - 0x00007ffb2a9b0000 	C:\Windows\System32\USER32.dll
0x00007ffb28c30000 - 0x00007ffb28c52000 	C:\Windows\System32\win32u.dll
0x00007ffb298b0000 - 0x00007ffb298da000 	C:\Windows\System32\GDI32.dll
0x00007ffb28770000 - 0x00007ffb2887b000 	C:\Windows\System32\gdi32full.dll
0x00007ffb28980000 - 0x00007ffb28a1d000 	C:\Windows\System32\msvcp_win.dll
0x00007ffb12f80000 - 0x00007ffb1321a000 	C:\Windows\WinSxS\amd64_microsoft.windows.common-controls_6595b64144ccf1df_6.0.19041.844_none_ca00b6081b84eb1d\COMCTL32.dll
0x00007ffb22490000 - 0x00007ffb2249a000 	C:\Windows\SYSTEM32\VERSION.dll
0x00007ffb2a1b0000 - 0x00007ffb2a1e0000 	C:\Windows\System32\IMM32.DLL
0x00007ffb0c6e0000 - 0x00007ffb0c6ec000 	C:\Program Files\Java\jdk-17.0.1\bin\vcruntime140_1.dll
0x00007ffada450000 - 0x00007ffada4dd000 	C:\Program Files\Java\jdk-17.0.1\bin\msvcp140.dll
0x00007ffad9890000 - 0x00007ffada44e000 	C:\Program Files\Java\jdk-17.0.1\bin\server\jvm.dll
0x00007ffb29e10000 - 0x00007ffb29e18000 	C:\Windows\System32\PSAPI.DLL
0x00007ffb1dcd0000 - 0x00007ffb1dcd9000 	C:\Windows\SYSTEM32\WSOCK32.dll
0x00007ffb2a140000 - 0x00007ffb2a1ab000 	C:\Windows\System32\WS2_32.dll
0x00007ffb17520000 - 0x00007ffb17547000 	C:\Windows\SYSTEM32\WINMM.dll
0x00007ffb26e10000 - 0x00007ffb26e22000 	C:\Windows\SYSTEM32\kernel.appcore.dll
0x00007ffb03200000 - 0x00007ffb0320a000 	C:\Program Files\Java\jdk-17.0.1\bin\jimage.dll
0x00007ffb26210000 - 0x00007ffb263f4000 	C:\Windows\SYSTEM32\DBGHELP.DLL
0x00007ffb10960000 - 0x00007ffb1098c000 	C:\Windows\SYSTEM32\dbgcore.DLL
0x00007ffb286f0000 - 0x00007ffb28770000 	C:\Windows\System32\bcryptPrimitives.dll
0x00007ffada9d0000 - 0x00007ffada9f5000 	C:\Program Files\Java\jdk-17.0.1\bin\java.dll
0x00007ffad97b0000 - 0x00007ffad9886000 	C:\Program Files\Java\jdk-17.0.1\bin\svml.dll
0x00007ffb290b0000 - 0x00007ffb297f2000 	C:\Windows\System32\SHELL32.dll
0x00007ffb26660000 - 0x00007ffb26df1000 	C:\Windows\SYSTEM32\windows.storage.dll
0x00007ffb2a4b0000 - 0x00007ffb2a805000 	C:\Windows\System32\combase.dll
0x00007ffb27d10000 - 0x00007ffb27d3c000 	C:\Windows\SYSTEM32\Wldp.dll
0x00007ffb28d50000 - 0x00007ffb28dfe000 	C:\Windows\System32\SHCORE.dll
0x00007ffb2a300000 - 0x00007ffb2a355000 	C:\Windows\System32\shlwapi.dll
0x00007ffb282b0000 - 0x00007ffb282cf000 	C:\Windows\SYSTEM32\profapi.dll
0x00007ffad9770000 - 0x00007ffad9789000 	C:\Program Files\Java\jdk-17.0.1\bin\net.dll
0x00007ffb1e0d0000 - 0x00007ffb1e1db000 	C:\Windows\SYSTEM32\WINHTTP.dll
0x00007ffb27a80000 - 0x00007ffb27aea000 	C:\Windows\system32\mswsock.dll
0x00007ffad9750000 - 0x00007ffad9765000 	C:\Program Files\Java\jdk-17.0.1\bin\nio.dll
0x00007ffad9790000 - 0x00007ffad97a8000 	C:\Program Files\Java\jdk-17.0.1\bin\zip.dll
0x00007ffb27c50000 - 0x00007ffb27c68000 	C:\Windows\SYSTEM32\CRYPTSP.dll
0x00007ffb275d0000 - 0x00007ffb27604000 	C:\Windows\system32\rsaenh.dll
0x00007ffb28c60000 - 0x00007ffb28c87000 	C:\Windows\System32\bcrypt.dll
0x00007ffb28270000 - 0x00007ffb2829e000 	C:\Windows\SYSTEM32\USERENV.dll
0x00007ffb27c70000 - 0x00007ffb27c7c000 	C:\Windows\SYSTEM32\CRYPTBASE.dll
0x00007ffb27770000 - 0x00007ffb277ab000 	C:\Windows\SYSTEM32\IPHLPAPI.DLL
0x00007ffb29df0000 - 0x00007ffb29df8000 	C:\Windows\System32\NSI.dll
0x00007ffb212e0000 - 0x00007ffb212f7000 	C:\Windows\SYSTEM32\dhcpcsvc6.DLL
0x00007ffb21870000 - 0x00007ffb2188d000 	C:\Windows\SYSTEM32\dhcpcsvc.DLL
0x00007ffb277b0000 - 0x00007ffb2787c000 	C:\Windows\SYSTEM32\DNSAPI.dll
0x00007ffad7a60000 - 0x00007ffad7a9e000 	C:\Users\Nguyen Ngoc Thien\AppData\Roaming\Code\User\globalStorage\redhat.java\1.0.0\config_ss_win\org.eclipse.equinox.launcher\org.eclipse.equinox.launcher.win32.win32.x86_64_1.2.400.v20210928-1041\eclipse_11600.dll
0x00007ffb28f80000 - 0x00007ffb290aa000 	C:\Windows\System32\ole32.dll

dbghelp: loaded successfully - version: 4.0.5 - missing functions: none
symbol engine: initialized successfully - sym options: 0x614 - pdb path: .;C:\Program Files\Java\jdk-17.0.1\bin;C:\Windows\SYSTEM32;C:\Windows\WinSxS\amd64_microsoft.windows.common-controls_6595b64144ccf1df_6.0.19041.844_none_ca00b6081b84eb1d;C:\Program Files\Java\jdk-17.0.1\bin\server;C:\Users\Nguyen Ngoc Thien\AppData\Roaming\Code\User\globalStorage\redhat.java\1.0.0\config_ss_win\org.eclipse.equinox.launcher\org.eclipse.equinox.launcher.win32.win32.x86_64_1.2.400.v20210928-1041

VM Arguments:
jvm_args: --add-modules=ALL-SYSTEM --add-opens=java.base/java.util=ALL-UNNAMED --add-opens=java.base/java.lang=ALL-UNNAMED -Declipse.application=org.eclipse.jdt.ls.core.id1 -Dosgi.bundles.defaultStartLevel=4 -Declipse.product=org.eclipse.jdt.ls.core.product -Dfile.encoding=utf8 -DwatchParentProcess=false -XX:+UseParallelGC -XX:GCTimeRatio=4 -XX:AdaptiveSizePolicyWeight=90 -Dsun.zip.disableMemoryMapping=true -Xmx1G -Xms100m 
java_command: c:\Users\Nguyen Ngoc Thien\.vscode\extensions\redhat.java-1.0.0\server\plugins\org.eclipse.equinox.launcher_1.6.400.v20210924-0641.jar -configuration c:\Users\Nguyen Ngoc Thien\AppData\Roaming\Code\User\globalStorage\redhat.java\1.0.0\config_ss_win -data c:\Users\Nguyen Ngoc Thien\AppData\Roaming\Code\User\workspaceStorage\6901d5d9c1c1bcdad87bbc9e0c1d31dd\redhat.java\ss_ws
java_class_path (initial): c:\Users\Nguyen Ngoc Thien\.vscode\extensions\redhat.java-1.0.0\server\plugins\org.eclipse.equinox.launcher_1.6.400.v20210924-0641.jar
Launcher Type: SUN_STANDARD

[Global flags]
    uintx AdaptiveSizePolicyWeight                 = 90                                        {product} {command line}
     intx CICompilerCount                          = 3                                         {product} {ergonomic}
    uintx GCTimeRatio                              = 4                                         {product} {command line}
   size_t InitialHeapSize                          = 104857600                                 {product} {command line}
   size_t MaxHeapSize                              = 1073741824                                {product} {command line}
   size_t MaxNewSize                               = 357564416                                 {product} {ergonomic}
   size_t MinHeapDeltaBytes                        = 524288                                    {product} {ergonomic}
   size_t MinHeapSize                              = 104857600                                 {product} {command line}
   size_t NewSize                                  = 34603008                                  {product} {ergonomic}
    uintx NonNMethodCodeHeapSize                   = 5832780                                {pd product} {ergonomic}
    uintx NonProfiledCodeHeapSize                  = 122912730                              {pd product} {ergonomic}
   size_t OldSize                                  = 70254592                                  {product} {ergonomic}
    uintx ProfiledCodeHeapSize                     = 122912730                              {pd product} {ergonomic}
    uintx ReservedCodeCacheSize                    = 251658240                              {pd product} {ergonomic}
     bool SegmentedCodeCache                       = true                                      {product} {ergonomic}
   size_t SoftMaxHeapSize                          = 1073741824                             {manageable} {ergonomic}
     bool UseCompressedClassPointers               = true                           {product lp64_product} {ergonomic}
     bool UseCompressedOops                        = true                           {product lp64_product} {ergonomic}
     bool UseLargePagesIndividualAllocation        = false                                  {pd product} {ergonomic}
     bool UseParallelGC                            = true                                      {product} {command line}

Logging:
Log output configuration:
 #0: stdout all=warning uptime,level,tags
 #1: stderr all=off uptime,level,tags

Environment Variables:
PATH=C:\Program Files\Common Files\Oracle\Java\javapath;C:\Program Files (x86)\Common Files\Oracle\Java\javapath;C:\Windows\system32;C:\Windows;C:\Windows\System32\Wbem;C:\Windows\System32\WindowsPowerShell\v1.0\;C:\Windows\System32\OpenSSH\;C:\Program Files\Git\cmd;C:\Program Files\nodejs\;C:\Program Files\PowerShell\7-preview\preview;C:\ProgramData\chocolatey\bin;C:\tools\winfetch;C:\ProgramData\chocolatey\lib\gsudo\bin\;C:\Users\Nguyen Ngoc Thien\AppData\Local\Programs\Python\Python310\Scripts\;C:\Users\Nguyen Ngoc Thien\AppData\Local\Programs\Python\Python310\;C:\Users\Nguyen Ngoc Thien\AppData\Local\Microsoft\WindowsApps;C:\Users\Nguyen Ngoc Thien\AppData\Local\GitHubDesktop\bin;C:\Users\Nguyen Ngoc Thien\AppData\Local\Programs\Microsoft VS Code\bin;C:\Program Files\JetBrains\IntelliJ IDEA 2021.2.3\bin;;C:\Program Files\JetBrains\PyCharm 2021.2.3\bin;;C:\Program Files\JetBrains\WebStorm 2021.2.3\bin;;C:\Users\Nguyen Ngoc Thien\AppData\Roaming\npm;C:\Program Files\Neovim\bin;
USERNAME=Nguyen Ngoc Thien
OS=Windows_NT
PROCESSOR_IDENTIFIER=Intel64 Family 6 Model 78 Stepping 3, GenuineIntel



---------------  S Y S T E M  ---------------

OS:
 Windows 10 , 64 bit Build 19041 (10.0.19041.804)
OS uptime: 0 days 3:12 hours

CPU: total 4 (initial active 4) (2 cores per cpu, 2 threads per core) family 6 model 78 stepping 3 microcode 0xea, cx8, cmov, fxsr, ht, mmx, 3dnowpref, sse, sse2, sse3, ssse3, sse4.1, sse4.2, popcnt, lzcnt, tsc, tscinvbit, avx, avx2, aes, erms, clmul, bmi1, bmi2, rtm, adx, fma, vzeroupper, clflush, clflushopt

Memory: 4k page, system-wide physical 8083M (390M free)
TotalPageFile size 8083M (AvailPageFile size 0M)
current process WorkingSet (physical memory assigned to process): 94M, peak: 94M
current process commit charge ("private bytes"): 208M, peak: 208M

vm_info: Java HotSpot(TM) 64-Bit Server VM (17.0.1+12-LTS-39) for windows-amd64 JRE (17.0.1+12-LTS-39), built on Sep 27 2021 18:41:35 by "mach5one" with MS VC++ 16.8 (VS2019)

END.
