#
# There is insufficient memory for the Java Runtime Environment to continue.
# Native memory allocation (malloc) failed to allocate 524304 bytes for Chunk::new
# Possible reasons:
#   The system is out of physical RAM or swap space
#   The process is running with CompressedOops enabled, and the Java Heap may be blocking the growth of the native heap
# Possible solutions:
#   Reduce memory load on the system
#   Increase physical memory or swap space
#   Check if swap backing store is full
#   Decrease Java heap size (-Xmx/-Xms)
#   Decrease number of Java threads
#   Decrease Java thread stack sizes (-Xss)
#   Set larger code cache with -XX:ReservedCodeCacheSize=
#   JVM is running with Unscaled Compressed Oops mode in which the Java heap is
#     placed in the first 4GB address space. The Java Heap base address is the
#     maximum limit for the native heap growth. Please use -XX:HeapBaseMinAddress
#     to set the Java Heap base and to place the Java Heap above 4GB virtual address.
# This output file may be truncated or incomplete.
#
#  Out of Memory Error (arena.cpp:189), pid=10092, tid=6220
#
# JRE version: Java(TM) SE Runtime Environment (17.0.1+12) (build 17.0.1+12-LTS-39)
# Java VM: Java HotSpot(TM) 64-Bit Server VM (17.0.1+12-LTS-39, mixed mode, sharing, tiered, compressed oops, compressed class ptrs, parallel gc, windows-amd64)
# No core dump will be written. Minidumps are not enabled by default on client versions of Windows
#

---------------  S U M M A R Y ------------

Command Line: --add-modules=ALL-SYSTEM --add-opens=java.base/java.util=ALL-UNNAMED --add-opens=java.base/java.lang=ALL-UNNAMED -Declipse.application=org.eclipse.jdt.ls.core.id1 -Dosgi.bundles.defaultStartLevel=4 -Declipse.product=org.eclipse.jdt.ls.core.product -Dfile.encoding=utf8 -DwatchParentProcess=false -XX:+UseParallelGC -XX:GCTimeRatio=4 -XX:AdaptiveSizePolicyWeight=90 -Dsun.zip.disableMemoryMapping=true -Xmx1G -Xms100m c:\Users\Nguyen Ngoc Thien\.vscode\extensions\redhat.java-1.0.0\server\plugins\org.eclipse.equinox.launcher_1.6.400.v20210924-0641.jar -configuration c:\Users\Nguyen Ngoc Thien\AppData\Roaming\Code\User\globalStorage\redhat.java\1.0.0\config_win -data c:\Users\Nguyen Ngoc Thien\AppData\Roaming\Code\User\workspaceStorage\6901d5d9c1c1bcdad87bbc9e0c1d31dd\redhat.java\jdt_ws

Host: Intel(R) Core(TM) i5-6300U CPU @ 2.40GHz, 4 cores, 7G,  Windows 10 , 64 bit Build 19041 (10.0.19041.804)
Time: Tue Nov  9 22:01:52 2021 Pacific Standard Time elapsed time: 18.240927 seconds (0d 0h 0m 18s)

---------------  T H R E A D  ---------------

Current thread (0x000001a6fb8cb0b0):  JavaThread "C2 CompilerThread0" daemon [_thread_in_native, id=6220, stack(0x000000885ee00000,0x000000885ef00000)]


Current CompileTask:
C2:  18240 6149       4       org.eclipse.jdt.internal.compiler.lookup.BinaryTypeBinding::createMethod (1687 bytes)

Stack: [0x000000885ee00000,0x000000885ef00000]
Native frames: (J=compiled Java code, j=interpreted, Vv=VM code, C=native code)
V  [jvm.dll+0x66fa1a]
V  [jvm.dll+0x7ce5a4]
V  [jvm.dll+0x7cfd4e]
V  [jvm.dll+0x7d03b3]
V  [jvm.dll+0x242b05]
V  [jvm.dll+0xaa05b]
V  [jvm.dll+0xaa5ec]
V  [jvm.dll+0xaa16b]
V  [jvm.dll+0x11d70f]
V  [jvm.dll+0x1baf1e]
V  [jvm.dll+0x6bdb3a]
V  [jvm.dll+0x6bce04]
V  [jvm.dll+0x1b966b]
V  [jvm.dll+0x215d49]
V  [jvm.dll+0x215011]
V  [jvm.dll+0x1a168d]
V  [jvm.dll+0x224848]
V  [jvm.dll+0x2229ac]
V  [jvm.dll+0x78435b]
V  [jvm.dll+0x77e91a]
V  [jvm.dll+0x66e845]
C  [ucrtbase.dll+0x21bb2]
C  [KERNEL32.DLL+0x17034]
C  [ntdll.dll+0x52651]


---------------  P R O C E S S  ---------------

Threads class SMR info:
_java_thread_list=0x000001a69f872890, length=27, elements={
0x000001a6f96ad740, 0x000001a6f9788920, 0x000001a6f97896a0, 0x000001a6fb8c4e80,
0x000001a6fb8c5c00, 0x000001a6fb8c6980, 0x000001a6fb8ca4c0, 0x000001a6fb8cb0b0,
0x000001a6fb8cb9b0, 0x000001a6fb93b050, 0x000001a6fd4334b0, 0x000001a6fd526eb0,
0x000001a6fd9ada10, 0x000001a6fdd9ae90, 0x000001a6fdd9dff0, 0x000001a6fddc42a0,
0x000001a6fdf73450, 0x000001a6fdfdf510, 0x000001a6fed7c3a0, 0x000001a6fed7e080,
0x000001a6fed7ba00, 0x000001a6fed7e550, 0x000001a6fed7c870, 0x000001a6fed7bed0,
0x000001a6fed7ea20, 0x000001a6fed7b530, 0x000001a6fed7cd40
}

Java Threads: ( => current thread )
  0x000001a6f96ad740 JavaThread "main" [_thread_blocked, id=6520, stack(0x000000885e500000,0x000000885e600000)]
  0x000001a6f9788920 JavaThread "Reference Handler" daemon [_thread_blocked, id=8432, stack(0x000000885e800000,0x000000885e900000)]
  0x000001a6f97896a0 JavaThread "Finalizer" daemon [_thread_blocked, id=6428, stack(0x000000885e900000,0x000000885ea00000)]
  0x000001a6fb8c4e80 JavaThread "Signal Dispatcher" daemon [_thread_blocked, id=10196, stack(0x000000885ea00000,0x000000885eb00000)]
  0x000001a6fb8c5c00 JavaThread "Attach Listener" daemon [_thread_blocked, id=8272, stack(0x000000885eb00000,0x000000885ec00000)]
  0x000001a6fb8c6980 JavaThread "Service Thread" daemon [_thread_blocked, id=992, stack(0x000000885ec00000,0x000000885ed00000)]
  0x000001a6fb8ca4c0 JavaThread "Monitor Deflation Thread" daemon [_thread_blocked, id=4980, stack(0x000000885ed00000,0x000000885ee00000)]
=>0x000001a6fb8cb0b0 JavaThread "C2 CompilerThread0" daemon [_thread_in_native, id=6220, stack(0x000000885ee00000,0x000000885ef00000)]
  0x000001a6fb8cb9b0 JavaThread "C1 CompilerThread0" daemon [_thread_blocked, id=3400, stack(0x000000885ef00000,0x000000885f000000)]
  0x000001a6fb93b050 JavaThread "Sweeper thread" daemon [_thread_blocked, id=1384, stack(0x000000885f000000,0x000000885f100000)]
  0x000001a6fd4334b0 JavaThread "Common-Cleaner" daemon [_thread_blocked, id=4928, stack(0x000000885f100000,0x000000885f200000)]
  0x000001a6fd526eb0 JavaThread "Notification Thread" daemon [_thread_blocked, id=6004, stack(0x000000885f200000,0x000000885f300000)]
  0x000001a6fd9ada10 JavaThread "Active Thread: Equinox Container: 81764571-e5e8-4420-9fbe-700031628b1f" [_thread_blocked, id=9576, stack(0x000000885f400000,0x000000885f500000)]
  0x000001a6fdd9ae90 JavaThread "Framework Event Dispatcher: Equinox Container: 81764571-e5e8-4420-9fbe-700031628b1f" daemon [_thread_blocked, id=9520, stack(0x000000885f500000,0x000000885f600000)]
  0x000001a6fdd9dff0 JavaThread "Start Level: Equinox Container: 81764571-e5e8-4420-9fbe-700031628b1f" daemon [_thread_blocked, id=9548, stack(0x000000885f600000,0x000000885f700000)]
  0x000001a6fddc42a0 JavaThread "SCR Component Actor" daemon [_thread_blocked, id=9304, stack(0x000000885fa00000,0x000000885fb00000)]
  0x000001a6fdf73450 JavaThread "Worker-JM" [_thread_blocked, id=10224, stack(0x000000885fc00000,0x000000885fd00000)]
  0x000001a6fdfdf510 JavaThread "Worker-0" [_thread_blocked, id=9500, stack(0x000000885fd00000,0x000000885fe00000)]
  0x000001a6fed7c3a0 JavaThread "Worker-1" [_thread_blocked, id=9560, stack(0x000000885fe00000,0x000000885ff00000)]
  0x000001a6fed7e080 JavaThread "Java indexing" daemon [_thread_blocked, id=9432, stack(0x000000885ff00000,0x0000008860000000)]
  0x000001a6fed7ba00 JavaThread "pool-2-thread-1" [_thread_in_native, id=4596, stack(0x000000885fb00000,0x000000885fc00000)]
  0x000001a6fed7e550 JavaThread "Worker-2" [_thread_blocked, id=9336, stack(0x0000008860000000,0x0000008860100000)]
  0x000001a6fed7c870 JavaThread "Worker-3" [_thread_blocked, id=9516, stack(0x0000008860100000,0x0000008860200000)]
  0x000001a6fed7bed0 JavaThread "Worker-4" [_thread_blocked, id=9448, stack(0x0000008860200000,0x0000008860300000)]
  0x000001a6fed7ea20 JavaThread "ForkJoinPool.commonPool-worker-1" daemon [_thread_blocked, id=9616, stack(0x0000008860300000,0x0000008860400000)]
  0x000001a6fed7b530 JavaThread "ForkJoinPool.commonPool-worker-2" daemon [_thread_blocked, id=6456, stack(0x0000008860600000,0x0000008860700000)]
  0x000001a6fed7cd40 JavaThread "ForkJoinPool.commonPool-worker-3" daemon [_thread_blocked, id=9508, stack(0x0000008860500000,0x0000008860600000)]

Other Threads:
  0x000001a6fb8b6130 VMThread "VM Thread" [stack: 0x000000885e700000,0x000000885e800000] [id=3552]
  0x000001a6fd529390 WatcherThread [stack: 0x000000885f300000,0x000000885f400000] [id=2344]
  0x000001a6f96c47f0 GCTaskThread "GC Thread#0" [stack: 0x000000885e600000,0x000000885e700000] [id=3000]
  0x000001a6fdd9b360 GCTaskThread "GC Thread#1" [stack: 0x000000885f700000,0x000000885f800000] [id=9404]
  0x000001a6fdda41c0 GCTaskThread "GC Thread#2" [stack: 0x000000885f800000,0x000000885f900000] [id=9620]
  0x000001a6fd877f90 GCTaskThread "GC Thread#3" [stack: 0x000000885f900000,0x000000885fa00000] [id=9436]

Threads with active compile tasks:
C2 CompilerThread0    18261 6149       4       org.eclipse.jdt.internal.compiler.lookup.BinaryTypeBinding::createMethod (1687 bytes)

VM state: not at safepoint (normal execution)

VM Mutex/Monitor currently owned by a thread: None

Heap address: 0x00000000c0000000, size: 1024 MB, Compressed Oops mode: 32-bit

CDS archive(s) mapped at: [0x0000000800000000-0x0000000800bc0000-0x0000000800bc0000), size 12320768, SharedBaseAddress: 0x0000000800000000, ArchiveRelocationMode: 0.
Compressed class space mapped at: 0x0000000800c00000-0x0000000840c00000, reserved size: 1073741824
Narrow klass base: 0x0000000800000000, Narrow klass shift: 0, Narrow klass range: 0x100000000

GC Precious Log:
 CPUs: 4 total, 4 available
 Memory: 8083M
 Large Page Support: Disabled
 NUMA Support: Disabled
 Compressed Oops: Enabled (32-bit)
 Alignments: Space 512K, Generation 512K, Heap 2M
 Heap Min Capacity: 100M
 Heap Initial Capacity: 100M
 Heap Max Capacity: 1G
 Pre-touch: Disabled
 Parallel Workers: 4

Heap:
 PSYoungGen      total 22016K, used 20560K [0x00000000eab00000, 0x00000000edc00000, 0x0000000100000000)
  eden space 21504K, 95% used [0x00000000eab00000,0x00000000ebf14100,0x00000000ec000000)
  from space 512K, 0% used [0x00000000ec800000,0x00000000ec800000,0x00000000ec880000)
  to   space 12288K, 0% used [0x00000000ed000000,0x00000000ed000000,0x00000000edc00000)
 ParOldGen       total 109568K, used 70094K [0x00000000c0000000, 0x00000000c6b00000, 0x00000000eab00000)
  object space 109568K, 63% used [0x00000000c0000000,0x00000000c4473840,0x00000000c6b00000)
 Metaspace       used 52044K, committed 52928K, reserved 1097728K
  class space    used 5457K, committed 5824K, reserved 1048576K

Card table byte_map: [0x000001a6f9070000,0x000001a6f9280000] _byte_map_base: 0x000001a6f8a70000

Marking Bits: (ParMarkBitMap*) 0x00007ffc631a2330
 Begin Bits: [0x000001a6f9790000, 0x000001a6fa790000)
 End Bits:   [0x000001a6fa790000, 0x000001a6fb790000)

Polling page: 0x000001a6f74d0000

Metaspace:

Usage:
  Non-class:     45.49 MB used.
      Class:      5.33 MB used.
       Both:     50.82 MB used.

Virtual space:
  Non-class space:       48.00 MB reserved,      46.00 MB ( 96%) committed,  6 nodes.
      Class space:        1.00 GB reserved,       5.69 MB ( <1%) committed,  1 nodes.
             Both:        1.05 GB reserved,      51.69 MB (  5%) committed. 

Chunk freelists:
   Non-Class:  1.89 MB
       Class:  2.17 MB
        Both:  4.06 MB

MaxMetaspaceSize: unlimited
CompressedClassSpaceSize: 1.00 GB
Initial GC threshold: 21.00 MB
Current GC threshold: 84.00 MB
CDS: on
MetaspaceReclaimPolicy: balanced
 - commit_granule_bytes: 65536.
 - commit_granule_words: 8192.
 - virtual_space_node_default_size: 1048576.
 - enlarge_chunks_in_place: 1.
 - new_chunks_are_fully_committed: 0.
 - uncommit_free_chunks: 1.
 - use_allocation_guard: 0.
 - handle_deallocations: 1.


Internal statistics:

num_allocs_failed_limit: 6.
num_arena_births: 368.
num_arena_deaths: 0.
num_vsnodes_births: 7.
num_vsnodes_deaths: 0.
num_space_committed: 827.
num_space_uncommitted: 0.
num_chunks_returned_to_freelist: 6.
num_chunks_taken_from_freelist: 2531.
num_chunk_merges: 6.
num_chunk_splits: 1677.
num_chunks_enlarged: 1068.
num_purges: 0.
num_inconsistent_stats: 0.

CodeHeap 'non-profiled nmethods': size=120000Kb used=2291Kb max_used=2306Kb free=117708Kb
 bounds [0x000001a68f200000, 0x000001a68f470000, 0x000001a696730000]
CodeHeap 'profiled nmethods': size=120000Kb used=11477Kb max_used=11678Kb free=108522Kb
 bounds [0x000001a687cd0000, 0x000001a688850000, 0x000001a68f200000]
CodeHeap 'non-nmethods': size=5760Kb used=1318Kb max_used=1412Kb free=4441Kb
 bounds [0x000001a687730000, 0x000001a6879a0000, 0x000001a687cd0000]
 total_blobs=6187 nmethods=5532 adapters=568
 compilation: enabled
              stopped_count=0, restarted_count=0
 full_count=0

Compilation events (20 events):
Event: 17.331 Thread 0x000001a6fb8cb9b0 6347       2       org.eclipse.jdt.core.dom.VariableBinding::isField (8 bytes)
Event: 17.331 Thread 0x000001a6fb8cb9b0 nmethod 6347 0x000001a688337a90 code [0x000001a688337c20, 0x000001a688337d78]
Event: 17.331 Thread 0x000001a6fb8cb9b0 6346       2       org.eclipse.jdt.internal.corext.dom.GenericVisitor::visit (6 bytes)
Event: 17.331 Thread 0x000001a6fb8cb9b0 nmethod 6346 0x000001a688337710 code [0x000001a6883378a0, 0x000001a6883379c8]
Event: 17.331 Thread 0x000001a6fb8cb9b0 6344       2       org.eclipse.jdt.core.dom.StringLiteral::accept0 (12 bytes)
Event: 17.331 Thread 0x000001a6fb8cb9b0 nmethod 6344 0x000001a688337310 code [0x000001a6883374c0, 0x000001a688337638]
Event: 17.331 Thread 0x000001a6fb8cb9b0 6345   !   2       org.eclipse.jdt.core.dom.VariableDeclaration::getName (62 bytes)
Event: 17.332 Thread 0x000001a6fb8cb9b0 nmethod 6345 0x000001a688336790 code [0x000001a688336980, 0x000001a688336f28]
Event: 17.332 Thread 0x000001a6fb8cb9b0 6348       1       org.eclipse.jdt.core.dom.ASTNode::getAST (5 bytes)
Event: 17.332 Thread 0x000001a6fb8cb9b0 nmethod 6348 0x000001a68f24c510 code [0x000001a68f24c6a0, 0x000001a68f24c778]
Event: 17.332 Thread 0x000001a6fb8cb9b0 6349       2       org.eclipse.jdt.internal.corext.dom.GenericVisitor::endVisit (6 bytes)
Event: 17.332 Thread 0x000001a6fb8cb9b0 nmethod 6349 0x000001a687d33e10 code [0x000001a687d33fa0, 0x000001a687d34098]
Event: 17.448 Thread 0x000001a6fb8cb9b0 6350       1       sun.util.calendar.BaseCalendar$Date::getCachedJan1 (5 bytes)
Event: 17.448 Thread 0x000001a6fb8cb9b0 nmethod 6350 0x000001a68f24c210 code [0x000001a68f24c3a0, 0x000001a68f24c478]
Event: 17.454 Thread 0x000001a6fb8cb9b0 6351       2       java.nio.charset.CharsetDecoder::flush (49 bytes)
Event: 17.455 Thread 0x000001a6fb8cb9b0 nmethod 6351 0x000001a688336310 code [0x000001a6883364c0, 0x000001a688336688]
Event: 17.456 Thread 0x000001a6fb8cb9b0 6352       2       java.util.LinkedList::<init> (10 bytes)
Event: 17.456 Thread 0x000001a6fb8cb9b0 nmethod 6352 0x000001a688335f90 code [0x000001a688336120, 0x000001a688336238]
Event: 17.457 Thread 0x000001a6fb8cb9b0 6353       2       java.io.FileDescriptor$1::getAppend (5 bytes)
Event: 17.457 Thread 0x000001a6fb8cb9b0 nmethod 6353 0x000001a688335c10 code [0x000001a688335da0, 0x000001a688335eb8]

GC Heap History (20 events):
Event: 10.814 GC heap before
{Heap before GC invocations=12 (full 2):
 PSYoungGen      total 27648K, used 4514K [0x00000000eab00000, 0x00000000ece00000, 0x0000000100000000)
  eden space 23040K, 0% used [0x00000000eab00000,0x00000000eab00000,0x00000000ec180000)
  from space 4608K, 97% used [0x00000000ec980000,0x00000000ecde8968,0x00000000ece00000)
  to   space 5632K, 0% used [0x00000000ec300000,0x00000000ec300000,0x00000000ec880000)
 ParOldGen       total 68608K, used 22013K [0x00000000c0000000, 0x00000000c4300000, 0x00000000eab00000)
  object space 68608K, 32% used [0x00000000c0000000,0x00000000c157f4f8,0x00000000c4300000)
 Metaspace       used 35191K, committed 35840K, reserved 1081344K
  class space    used 3809K, committed 4096K, reserved 1048576K
}
Event: 10.895 GC heap after
{Heap after GC invocations=12 (full 2):
 PSYoungGen      total 27648K, used 0K [0x00000000eab00000, 0x00000000ece00000, 0x0000000100000000)
  eden space 23040K, 0% used [0x00000000eab00000,0x00000000eab00000,0x00000000ec180000)
  from space 4608K, 0% used [0x00000000ec980000,0x00000000ec980000,0x00000000ece00000)
  to   space 5632K, 0% used [0x00000000ec300000,0x00000000ec300000,0x00000000ec880000)
 ParOldGen       total 68608K, used 25954K [0x00000000c0000000, 0x00000000c4300000, 0x00000000eab00000)
  object space 68608K, 37% used [0x00000000c0000000,0x00000000c1958a88,0x00000000c4300000)
 Metaspace       used 35191K, committed 35840K, reserved 1081344K
  class space    used 3809K, committed 4096K, reserved 1048576K
}
Event: 11.837 GC heap before
{Heap before GC invocations=13 (full 2):
 PSYoungGen      total 27648K, used 23040K [0x00000000eab00000, 0x00000000ece00000, 0x0000000100000000)
  eden space 23040K, 100% used [0x00000000eab00000,0x00000000ec180000,0x00000000ec180000)
  from space 4608K, 0% used [0x00000000ec980000,0x00000000ec980000,0x00000000ece00000)
  to   space 5632K, 0% used [0x00000000ec300000,0x00000000ec300000,0x00000000ec880000)
 ParOldGen       total 68608K, used 25954K [0x00000000c0000000, 0x00000000c4300000, 0x00000000eab00000)
  object space 68608K, 37% used [0x00000000c0000000,0x00000000c1958a88,0x00000000c4300000)
 Metaspace       used 42053K, committed 42816K, reserved 1089536K
  class space    used 4561K, committed 4864K, reserved 1048576K
}
Event: 11.840 GC heap after
{Heap after GC invocations=13 (full 2):
 PSYoungGen      total 24576K, used 2006K [0x00000000eab00000, 0x00000000eca00000, 0x0000000100000000)
  eden space 22528K, 0% used [0x00000000eab00000,0x00000000eab00000,0x00000000ec100000)
  from space 2048K, 97% used [0x00000000ec300000,0x00000000ec4f5ba0,0x00000000ec500000)
  to   space 3072K, 0% used [0x00000000ec700000,0x00000000ec700000,0x00000000eca00000)
 ParOldGen       total 68608K, used 25962K [0x00000000c0000000, 0x00000000c4300000, 0x00000000eab00000)
  object space 68608K, 37% used [0x00000000c0000000,0x00000000c195aa88,0x00000000c4300000)
 Metaspace       used 42053K, committed 42816K, reserved 1089536K
  class space    used 4561K, committed 4864K, reserved 1048576K
}
Event: 12.938 GC heap before
{Heap before GC invocations=14 (full 2):
 PSYoungGen      total 24576K, used 24534K [0x00000000eab00000, 0x00000000eca00000, 0x0000000100000000)
  eden space 22528K, 100% used [0x00000000eab00000,0x00000000ec100000,0x00000000ec100000)
  from space 2048K, 97% used [0x00000000ec300000,0x00000000ec4f5ba0,0x00000000ec500000)
  to   space 3072K, 0% used [0x00000000ec700000,0x00000000ec700000,0x00000000eca00000)
 ParOldGen       total 68608K, used 25962K [0x00000000c0000000, 0x00000000c4300000, 0x00000000eab00000)
  object space 68608K, 37% used [0x00000000c0000000,0x00000000c195aa88,0x00000000c4300000)
 Metaspace       used 44377K, committed 45248K, reserved 1089536K
  class space    used 4834K, committed 5184K, reserved 1048576K
}
Event: 12.942 GC heap after
{Heap after GC invocations=14 (full 2):
 PSYoungGen      total 23040K, used 978K [0x00000000eab00000, 0x00000000ec800000, 0x0000000100000000)
  eden space 22016K, 0% used [0x00000000eab00000,0x00000000eab00000,0x00000000ec080000)
  from space 1024K, 95% used [0x00000000ec700000,0x00000000ec7f4968,0x00000000ec800000)
  to   space 1536K, 0% used [0x00000000ec500000,0x00000000ec500000,0x00000000ec680000)
 ParOldGen       total 68608K, used 27870K [0x00000000c0000000, 0x00000000c4300000, 0x00000000eab00000)
  object space 68608K, 40% used [0x00000000c0000000,0x00000000c1b378c0,0x00000000c4300000)
 Metaspace       used 44377K, committed 45248K, reserved 1089536K
  class space    used 4834K, committed 5184K, reserved 1048576K
}
Event: 13.335 GC heap before
{Heap before GC invocations=15 (full 2):
 PSYoungGen      total 23040K, used 15992K [0x00000000eab00000, 0x00000000ec800000, 0x0000000100000000)
  eden space 22016K, 68% used [0x00000000eab00000,0x00000000eb9a9960,0x00000000ec080000)
  from space 1024K, 95% used [0x00000000ec700000,0x00000000ec7f4968,0x00000000ec800000)
  to   space 1536K, 0% used [0x00000000ec500000,0x00000000ec500000,0x00000000ec680000)
 ParOldGen       total 68608K, used 27870K [0x00000000c0000000, 0x00000000c4300000, 0x00000000eab00000)
  object space 68608K, 40% used [0x00000000c0000000,0x00000000c1b378c0,0x00000000c4300000)
 Metaspace       used 45673K, committed 46528K, reserved 1097728K
  class space    used 4960K, committed 5312K, reserved 1048576K
}
Event: 13.341 GC heap after
{Heap after GC invocations=15 (full 2):
 PSYoungGen      total 23552K, used 750K [0x00000000eab00000, 0x00000000ec780000, 0x0000000100000000)
  eden space 22016K, 0% used [0x00000000eab00000,0x00000000eab00000,0x00000000ec080000)
  from space 1536K, 48% used [0x00000000ec500000,0x00000000ec5bb9f0,0x00000000ec680000)
  to   space 1024K, 0% used [0x00000000ec680000,0x00000000ec680000,0x00000000ec780000)
 ParOldGen       total 68608K, used 39050K [0x00000000c0000000, 0x00000000c4300000, 0x00000000eab00000)
  object space 68608K, 56% used [0x00000000c0000000,0x00000000c2622a50,0x00000000c4300000)
 Metaspace       used 45673K, committed 46528K, reserved 1097728K
  class space    used 4960K, committed 5312K, reserved 1048576K
}
Event: 13.493 GC heap before
{Heap before GC invocations=16 (full 3):
 PSYoungGen      total 23552K, used 22766K [0x00000000eab00000, 0x00000000ec780000, 0x0000000100000000)
  eden space 22016K, 100% used [0x00000000eab00000,0x00000000ec080000,0x00000000ec080000)
  from space 1536K, 48% used [0x00000000ec500000,0x00000000ec5bb9f0,0x00000000ec680000)
  to   space 1024K, 0% used [0x00000000ec680000,0x00000000ec680000,0x00000000ec780000)
 ParOldGen       total 68608K, used 65380K [0x00000000c0000000, 0x00000000c4300000, 0x00000000eab00000)
  object space 68608K, 95% used [0x00000000c0000000,0x00000000c3fd9000,0x00000000c4300000)
 Metaspace       used 46072K, committed 46912K, reserved 1097728K
  class space    used 4996K, committed 5376K, reserved 1048576K
}
Event: 13.593 GC heap after
{Heap after GC invocations=16 (full 3):
 PSYoungGen      total 22528K, used 0K [0x00000000eab00000, 0x00000000ec700000, 0x0000000100000000)
  eden space 22016K, 0% used [0x00000000eab00000,0x00000000eab00000,0x00000000ec080000)
  from space 512K, 0% used [0x00000000ec680000,0x00000000ec680000,0x00000000ec700000)
  to   space 1024K, 0% used [0x00000000ec500000,0x00000000ec500000,0x00000000ec600000)
 ParOldGen       total 79872K, used 41900K [0x00000000c0000000, 0x00000000c4e00000, 0x00000000eab00000)
  object space 79872K, 52% used [0x00000000c0000000,0x00000000c28eb230,0x00000000c4e00000)
 Metaspace       used 46072K, committed 46912K, reserved 1097728K
  class space    used 4996K, committed 5376K, reserved 1048576K
}
Event: 13.949 GC heap before
{Heap before GC invocations=17 (full 3):
 PSYoungGen      total 22528K, used 22016K [0x00000000eab00000, 0x00000000ec700000, 0x0000000100000000)
  eden space 22016K, 100% used [0x00000000eab00000,0x00000000ec080000,0x00000000ec080000)
  from space 512K, 0% used [0x00000000ec680000,0x00000000ec680000,0x00000000ec700000)
  to   space 1024K, 0% used [0x00000000ec500000,0x00000000ec500000,0x00000000ec600000)
 ParOldGen       total 79872K, used 41900K [0x00000000c0000000, 0x00000000c4e00000, 0x00000000eab00000)
  object space 79872K, 52% used [0x00000000c0000000,0x00000000c28eb230,0x00000000c4e00000)
 Metaspace       used 46866K, committed 47744K, reserved 1097728K
  class space    used 5067K, committed 5440K, reserved 1048576K
}
Event: 13.960 GC heap after
{Heap after GC invocations=17 (full 3):
 PSYoungGen      total 22528K, used 993K [0x00000000eab00000, 0x00000000edc00000, 0x0000000100000000)
  eden space 21504K, 0% used [0x00000000eab00000,0x00000000eab00000,0x00000000ec000000)
  from space 1024K, 97% used [0x00000000ec500000,0x00000000ec5f8568,0x00000000ec600000)
  to   space 14336K, 0% used [0x00000000ece00000,0x00000000ece00000,0x00000000edc00000)
 ParOldGen       total 79872K, used 52876K [0x00000000c0000000, 0x00000000c4e00000, 0x00000000eab00000)
  object space 79872K, 66% used [0x00000000c0000000,0x00000000c33a3250,0x00000000c4e00000)
 Metaspace       used 46866K, committed 47744K, reserved 1097728K
  class space    used 5067K, committed 5440K, reserved 1048576K
}
Event: 14.195 GC heap before
{Heap before GC invocations=18 (full 3):
 PSYoungGen      total 22528K, used 22488K [0x00000000eab00000, 0x00000000edc00000, 0x0000000100000000)
  eden space 21504K, 99% used [0x00000000eab00000,0x00000000ebffdd68,0x00000000ec000000)
  from space 1024K, 97% used [0x00000000ec500000,0x00000000ec5f8568,0x00000000ec600000)
  to   space 14336K, 0% used [0x00000000ece00000,0x00000000ece00000,0x00000000edc00000)
 ParOldGen       total 79872K, used 52876K [0x00000000c0000000, 0x00000000c4e00000, 0x00000000eab00000)
  object space 79872K, 66% used [0x00000000c0000000,0x00000000c33a3250,0x00000000c4e00000)
 Metaspace       used 47595K, committed 48448K, reserved 1097728K
  class space    used 5119K, committed 5504K, reserved 1048576K
}
Event: 14.207 GC heap after
{Heap after GC invocations=18 (full 3):
 PSYoungGen      total 34816K, used 13012K [0x00000000eab00000, 0x00000000edb00000, 0x0000000100000000)
  eden space 21504K, 0% used [0x00000000eab00000,0x00000000eab00000,0x00000000ec000000)
  from space 13312K, 97% used [0x00000000ece00000,0x00000000edab52c0,0x00000000edb00000)
  to   space 13824K, 0% used [0x00000000ec000000,0x00000000ec000000,0x00000000ecd80000)
 ParOldGen       total 79872K, used 53867K [0x00000000c0000000, 0x00000000c4e00000, 0x00000000eab00000)
  object space 79872K, 67% used [0x00000000c0000000,0x00000000c349aee8,0x00000000c4e00000)
 Metaspace       used 47595K, committed 48448K, reserved 1097728K
  class space    used 5119K, committed 5504K, reserved 1048576K
}
Event: 14.487 GC heap before
{Heap before GC invocations=19 (full 3):
 PSYoungGen      total 34816K, used 34516K [0x00000000eab00000, 0x00000000edb00000, 0x0000000100000000)
  eden space 21504K, 100% used [0x00000000eab00000,0x00000000ec000000,0x00000000ec000000)
  from space 13312K, 97% used [0x00000000ece00000,0x00000000edab52c0,0x00000000edb00000)
  to   space 13824K, 0% used [0x00000000ec000000,0x00000000ec000000,0x00000000ecd80000)
 ParOldGen       total 79872K, used 53867K [0x00000000c0000000, 0x00000000c4e00000, 0x00000000eab00000)
  object space 79872K, 67% used [0x00000000c0000000,0x00000000c349aee8,0x00000000c4e00000)
 Metaspace       used 48038K, committed 48896K, reserved 1097728K
  class space    used 5142K, committed 5504K, reserved 1048576K
}
Event: 14.522 GC heap after
{Heap after GC invocations=19 (full 3):
 PSYoungGen      total 35328K, used 13812K [0x00000000eab00000, 0x00000000ef700000, 0x0000000100000000)
  eden space 21504K, 0% used [0x00000000eab00000,0x00000000eab00000,0x00000000ec000000)
  from space 13824K, 99% used [0x00000000ec000000,0x00000000ecd7d2c0,0x00000000ecd80000)
  to   space 28160K, 0% used [0x00000000edb80000,0x00000000edb80000,0x00000000ef700000)
 ParOldGen       total 79872K, used 65853K [0x00000000c0000000, 0x00000000c4e00000, 0x00000000eab00000)
  object space 79872K, 82% used [0x00000000c0000000,0x00000000c404f468,0x00000000c4e00000)
 Metaspace       used 48038K, committed 48896K, reserved 1097728K
  class space    used 5142K, committed 5504K, reserved 1048576K
}
Event: 16.282 GC heap before
{Heap before GC invocations=20 (full 3):
 PSYoungGen      total 35328K, used 35316K [0x00000000eab00000, 0x00000000ef700000, 0x0000000100000000)
  eden space 21504K, 99% used [0x00000000eab00000,0x00000000ebffffa8,0x00000000ec000000)
  from space 13824K, 99% used [0x00000000ec000000,0x00000000ecd7d2c0,0x00000000ecd80000)
  to   space 28160K, 0% used [0x00000000edb80000,0x00000000edb80000,0x00000000ef700000)
 ParOldGen       total 79872K, used 65853K [0x00000000c0000000, 0x00000000c4e00000, 0x00000000eab00000)
  object space 79872K, 82% used [0x00000000c0000000,0x00000000c404f468,0x00000000c4e00000)
 Metaspace       used 50754K, committed 51584K, reserved 1097728K
  class space    used 5324K, committed 5696K, reserved 1048576K
}
Event: 16.303 GC heap after
{Heap after GC invocations=20 (full 3):
 PSYoungGen      total 26112K, used 4544K [0x00000000eab00000, 0x00000000ee000000, 0x0000000100000000)
  eden space 21504K, 0% used [0x00000000eab00000,0x00000000eab00000,0x00000000ec000000)
  from space 4608K, 98% used [0x00000000edb80000,0x00000000edff0000,0x00000000ee000000)
  to   space 12288K, 0% used [0x00000000ec800000,0x00000000ec800000,0x00000000ed400000)
 ParOldGen       total 79872K, used 79622K [0x00000000c0000000, 0x00000000c4e00000, 0x00000000eab00000)
  object space 79872K, 99% used [0x00000000c0000000,0x00000000c4dc1af8,0x00000000c4e00000)
 Metaspace       used 50754K, committed 51584K, reserved 1097728K
  class space    used 5324K, committed 5696K, reserved 1048576K
}
Event: 16.303 GC heap before
{Heap before GC invocations=21 (full 4):
 PSYoungGen      total 26112K, used 4544K [0x00000000eab00000, 0x00000000ee000000, 0x0000000100000000)
  eden space 21504K, 0% used [0x00000000eab00000,0x00000000eab00000,0x00000000ec000000)
  from space 4608K, 98% used [0x00000000edb80000,0x00000000edff0000,0x00000000ee000000)
  to   space 12288K, 0% used [0x00000000ec800000,0x00000000ec800000,0x00000000ed400000)
 ParOldGen       total 79872K, used 79622K [0x00000000c0000000, 0x00000000c4e00000, 0x00000000eab00000)
  object space 79872K, 99% used [0x00000000c0000000,0x00000000c4dc1af8,0x00000000c4e00000)
 Metaspace       used 50754K, committed 51584K, reserved 1097728K
  class space    used 5324K, committed 5696K, reserved 1048576K
}
Event: 16.477 GC heap after
{Heap after GC invocations=21 (full 4):
 PSYoungGen      total 22016K, used 0K [0x00000000eab00000, 0x00000000edc00000, 0x0000000100000000)
  eden space 21504K, 0% used [0x00000000eab00000,0x00000000eab00000,0x00000000ec000000)
  from space 512K, 0% used [0x00000000ec800000,0x00000000ec800000,0x00000000ec880000)
  to   space 12288K, 0% used [0x00000000ed000000,0x00000000ed000000,0x00000000edc00000)
 ParOldGen       total 109568K, used 70094K [0x00000000c0000000, 0x00000000c6b00000, 0x00000000eab00000)
  object space 109568K, 63% used [0x00000000c0000000,0x00000000c4473840,0x00000000c6b00000)
 Metaspace       used 50754K, committed 51584K, reserved 1097728K
  class space    used 5324K, committed 5696K, reserved 1048576K
}

Deoptimization events (20 events):
Event: 16.822 Thread 0x000001a6fed7ea20 DEOPT PACKING pc=0x000001a68f2d0544 sp=0x00000088603fe240
Event: 16.822 Thread 0x000001a6fed7ea20 DEOPT UNPACKING pc=0x000001a6877820a3 sp=0x00000088603fe1b0 mode 2
Event: 16.822 Thread 0x000001a6fed7ea20 Uncommon trap: trap_request=0xffffffde fr.pc=0x000001a68f2d0544 relative=0x0000000000000c24
Event: 16.822 Thread 0x000001a6fed7ea20 Uncommon trap: reason=class_check action=maybe_recompile pc=0x000001a68f2d0544 method=java.util.concurrent.ConcurrentHashMap.putVal(Ljava/lang/Object;Ljava/lang/Object;Z)Ljava/lang/Object; @ 242 c2
Event: 16.822 Thread 0x000001a6fed7ea20 DEOPT PACKING pc=0x000001a68f2d0544 sp=0x00000088603fe240
Event: 16.822 Thread 0x000001a6fed7ea20 DEOPT UNPACKING pc=0x000001a6877820a3 sp=0x00000088603fe1b0 mode 2
Event: 16.826 Thread 0x000001a6fed7cd40 Uncommon trap: trap_request=0xffffff45 fr.pc=0x000001a68f3985b4 relative=0x00000000000006f4
Event: 16.826 Thread 0x000001a6fed7cd40 Uncommon trap: reason=unstable_if action=reinterpret pc=0x000001a68f3985b4 method=java.util.concurrent.locks.ReentrantReadWriteLock$Sync.tryAcquireShared(I)I @ 55 c2
Event: 16.826 Thread 0x000001a6fed7cd40 DEOPT PACKING pc=0x000001a68f3985b4 sp=0x00000088605fd800
Event: 16.826 Thread 0x000001a6fed7cd40 DEOPT UNPACKING pc=0x000001a6877820a3 sp=0x00000088605fd470 mode 2
Event: 17.123 Thread 0x000001a6fed7cd40 Uncommon trap: trap_request=0xffffffde fr.pc=0x000001a68f267648 relative=0x0000000000000ca8
Event: 17.123 Thread 0x000001a6fed7cd40 Uncommon trap: reason=class_check action=maybe_recompile pc=0x000001a68f267648 method=java.util.concurrent.ConcurrentHashMap.putVal(Ljava/lang/Object;Ljava/lang/Object;Z)Ljava/lang/Object; @ 159 c2
Event: 17.123 Thread 0x000001a6fed7cd40 DEOPT PACKING pc=0x000001a68f267648 sp=0x00000088605fe270
Event: 17.123 Thread 0x000001a6fed7cd40 DEOPT UNPACKING pc=0x000001a6877820a3 sp=0x00000088605fe1f0 mode 2
Event: 17.171 Thread 0x000001a6fed7cd40 Uncommon trap: trap_request=0xffffffde fr.pc=0x000001a68f267648 relative=0x0000000000000ca8
Event: 17.171 Thread 0x000001a6fed7cd40 Uncommon trap: reason=class_check action=maybe_recompile pc=0x000001a68f267648 method=java.util.concurrent.ConcurrentHashMap.putVal(Ljava/lang/Object;Ljava/lang/Object;Z)Ljava/lang/Object; @ 159 c2
Event: 17.171 Thread 0x000001a6fed7cd40 DEOPT PACKING pc=0x000001a68f267648 sp=0x00000088605fe270
Event: 17.171 Thread 0x000001a6fed7cd40 DEOPT UNPACKING pc=0x000001a6877820a3 sp=0x00000088605fe1f0 mode 2
Event: 17.210 Thread 0x000001a6fed7cd40 DEOPT PACKING pc=0x000001a6886f098c sp=0x00000088605fe9f0
Event: 17.210 Thread 0x000001a6fed7cd40 DEOPT UNPACKING pc=0x000001a687782843 sp=0x00000088605fdf10 mode 0

Classes unloaded (0 events):
No events

Classes redefined (0 events):
No events

Internal exceptions (20 events):
Event: 17.062 Thread 0x000001a6fed7ea20 Exception <a 'java/lang/ArrayIndexOutOfBoundsException'{0x00000000eb56e950}> (0x00000000eb56e950) 
thrown [t:\workspace\open\src\hotspot\share\runtime\sharedRuntime.cpp, line 628]
Event: 17.062 Thread 0x000001a6fed7ea20 Exception <a 'java/lang/ArrayIndexOutOfBoundsException'{0x00000000eb578460}> (0x00000000eb578460) 
thrown [t:\workspace\open\src\hotspot\share\runtime\sharedRuntime.cpp, line 628]
Event: 17.062 Thread 0x000001a6fed7ea20 Exception <a 'java/lang/ArrayIndexOutOfBoundsException'{0x00000000eb5822a8}> (0x00000000eb5822a8) 
thrown [t:\workspace\open\src\hotspot\share\runtime\sharedRuntime.cpp, line 628]
Event: 17.062 Thread 0x000001a6fed7ea20 Exception <a 'java/lang/ArrayIndexOutOfBoundsException'{0x00000000eb58c050}> (0x00000000eb58c050) 
thrown [t:\workspace\open\src\hotspot\share\runtime\sharedRuntime.cpp, line 628]
Event: 17.063 Thread 0x000001a6fed7ea20 Exception <a 'java/lang/ArrayIndexOutOfBoundsException'{0x00000000eb595b60}> (0x00000000eb595b60) 
thrown [t:\workspace\open\src\hotspot\share\runtime\sharedRuntime.cpp, line 628]
Event: 17.063 Thread 0x000001a6fed7ea20 Exception <a 'java/lang/ArrayIndexOutOfBoundsException'{0x00000000eb59f8b8}> (0x00000000eb59f8b8) 
thrown [t:\workspace\open\src\hotspot\share\runtime\sharedRuntime.cpp, line 628]
Event: 17.063 Thread 0x000001a6fed7ea20 Exception <a 'java/lang/ArrayIndexOutOfBoundsException'{0x00000000eb5a9630}> (0x00000000eb5a9630) 
thrown [t:\workspace\open\src\hotspot\share\runtime\sharedRuntime.cpp, line 628]
Event: 17.063 Thread 0x000001a6fed7ea20 Exception <a 'java/lang/ArrayIndexOutOfBoundsException'{0x00000000eb5b3150}> (0x00000000eb5b3150) 
thrown [t:\workspace\open\src\hotspot\share\runtime\sharedRuntime.cpp, line 628]
Event: 17.072 Thread 0x000001a6fed7ea20 Exception <a 'java/lang/ArrayIndexOutOfBoundsException'{0x00000000eb5e5140}: Index 1605 out of bounds for length 1605> (0x00000000eb5e5140) 
thrown [t:\workspace\open\src\hotspot\share\interpreter\interpreterRuntime.cpp, line 428]
Event: 17.073 Thread 0x000001a6fed7ea20 Exception <a 'java/lang/ArrayIndexOutOfBoundsException'{0x00000000eb5e9138}: Index 430 out of bounds for length 430> (0x00000000eb5e9138) 
thrown [t:\workspace\open\src\hotspot\share\interpreter\interpreterRuntime.cpp, line 428]
Event: 17.092 Thread 0x000001a6fed7cd40 Exception <a 'java/lang/ArrayIndexOutOfBoundsException'{0x00000000eb63d850}: Index 1605 out of bounds for length 1605> (0x00000000eb63d850) 
thrown [t:\workspace\open\src\hotspot\share\interpreter\interpreterRuntime.cpp, line 428]
Event: 17.093 Thread 0x000001a6fed7cd40 Exception <a 'java/lang/ArrayIndexOutOfBoundsException'{0x00000000eb651018}: Index 430 out of bounds for length 430> (0x00000000eb651018) 
thrown [t:\workspace\open\src\hotspot\share\interpreter\interpreterRuntime.cpp, line 428]
Event: 17.147 Thread 0x000001a6fed7ea20 Exception <a 'java/lang/ArrayIndexOutOfBoundsException'{0x00000000eb784c10}: Index 167 out of bounds for length 167> (0x00000000eb784c10) 
thrown [t:\workspace\open\src\hotspot\share\interpreter\interpreterRuntime.cpp, line 428]
Event: 17.157 Thread 0x000001a6fed7ea20 Exception <a 'java/lang/ArrayIndexOutOfBoundsException'{0x00000000eb7903b0}: Index 2768 out of bounds for length 2768> (0x00000000eb7903b0) 
thrown [t:\workspace\open\src\hotspot\share\interpreter\interpreterRuntime.cpp, line 428]
Event: 17.161 Thread 0x000001a6fed7ea20 Exception <a 'java/lang/ArrayIndexOutOfBoundsException'{0x00000000eb796b80}: Index 1934 out of bounds for length 1934> (0x00000000eb796b80) 
thrown [t:\workspace\open\src\hotspot\share\interpreter\interpreterRuntime.cpp, line 428]
Event: 17.174 Thread 0x000001a6fed7cd40 Exception <a 'java/lang/ArrayIndexOutOfBoundsException'{0x00000000eb7fb100}: Index 17572 out of bounds for length 17572> (0x00000000eb7fb100) 
thrown [t:\workspace\open\src\hotspot\share\interpreter\interpreterRuntime.cpp, line 428]
Event: 17.179 Thread 0x000001a6fed7cd40 Exception <a 'java/lang/ArrayIndexOutOfBoundsException'{0x00000000eb8a96e0}: Index 1605 out of bounds for length 1605> (0x00000000eb8a96e0) 
thrown [t:\workspace\open\src\hotspot\share\interpreter\interpreterRuntime.cpp, line 428]
Event: 17.180 Thread 0x000001a6fed7cd40 Exception <a 'java/lang/ArrayIndexOutOfBoundsException'{0x00000000eb8ada08}: Index 430 out of bounds for length 430> (0x00000000eb8ada08) 
thrown [t:\workspace\open\src\hotspot\share\interpreter\interpreterRuntime.cpp, line 428]
Event: 17.284 Thread 0x000001a6fed7cd40 Exception <a 'java/lang/ArrayIndexOutOfBoundsException'{0x00000000ebb59a48}> (0x00000000ebb59a48) 
thrown [t:\workspace\open\src\hotspot\share\runtime\sharedRuntime.cpp, line 628]
Event: 17.284 Thread 0x000001a6fed7cd40 Exception <a 'java/lang/ArrayIndexOutOfBoundsException'{0x00000000ebb59d70}> (0x00000000ebb59d70) 
thrown [t:\workspace\open\src\hotspot\share\runtime\sharedRuntime.cpp, line 628]

VM Operations (20 events):
Event: 16.033 Executing VM operation: HandshakeAllThreads
Event: 16.033 Executing VM operation: HandshakeAllThreads done
Event: 16.044 Executing VM operation: HandshakeAllThreads
Event: 16.044 Executing VM operation: HandshakeAllThreads done
Event: 16.046 Executing VM operation: HandshakeAllThreads
Event: 16.046 Executing VM operation: HandshakeAllThreads done
Event: 16.195 Executing VM operation: ParallelGCFailedAllocation
Event: 16.480 Executing VM operation: ParallelGCFailedAllocation done
Event: 16.504 Executing VM operation: HandshakeAllThreads
Event: 16.504 Executing VM operation: HandshakeAllThreads done
Event: 16.972 Executing VM operation: HandshakeAllThreads
Event: 16.972 Executing VM operation: HandshakeAllThreads done
Event: 16.973 Executing VM operation: HandshakeAllThreads
Event: 16.973 Executing VM operation: HandshakeAllThreads done
Event: 17.075 Executing VM operation: ICBufferFull
Event: 17.089 Executing VM operation: ICBufferFull done
Event: 17.165 Executing VM operation: HandshakeAllThreads
Event: 17.165 Executing VM operation: HandshakeAllThreads done
Event: 18.175 Executing VM operation: Cleanup
Event: 18.175 Executing VM operation: Cleanup done

Events (20 events):
Event: 16.797 loading class java/util/logging/Level$RbAccess
Event: 16.798 loading class java/util/logging/Level$RbAccess done
Event: 16.798 loading class sun/util/logging/resources/logging
Event: 16.798 loading class sun/util/logging/resources/logging done
Event: 16.798 loading class sun/util/logging/resources/logging_en
Event: 16.798 loading class sun/util/logging/resources/logging_en done
Event: 16.798 loading class sun/util/logging/resources/logging_en
Event: 16.798 loading class sun/util/logging/resources/logging_en done
Event: 16.798 loading class sun/util/logging/resources/logging_en_US
Event: 16.798 loading class sun/util/logging/resources/logging_en_US done
Event: 16.798 loading class sun/util/logging/resources/logging_en_US
Event: 16.798 loading class sun/util/logging/resources/logging_en_US done
Event: 16.798 loading class java/util/Formatter$DateTime
Event: 16.799 loading class java/util/Formatter$DateTime done
Event: 16.799 loading class java/time/ZonedDateTime$1
Event: 16.799 loading class java/time/ZonedDateTime$1 done
Event: 16.829 loading class java/util/LinkedList$LLSpliterator
Event: 16.829 loading class java/util/LinkedList$LLSpliterator done
Event: 16.960 loading class javax/xml/transform/TransformerConfigurationException
Event: 16.960 loading class javax/xml/transform/TransformerConfigurationException done


Dynamic libraries:
0x00007ff67fb70000 - 0x00007ff67fb80000 	C:\Program Files\Java\jdk-17.0.1\bin\java.exe
0x00007ffcb2a30000 - 0x00007ffcb2c25000 	C:\Windows\SYSTEM32\ntdll.dll
0x00007ffcb17b0000 - 0x00007ffcb186d000 	C:\Windows\System32\KERNEL32.DLL
0x00007ffcb07c0000 - 0x00007ffcb0a88000 	C:\Windows\System32\KERNELBASE.dll
0x00007ffcb0690000 - 0x00007ffcb0790000 	C:\Windows\System32\ucrtbase.dll
0x00007ffc9bce0000 - 0x00007ffc9bcf8000 	C:\Program Files\Java\jdk-17.0.1\bin\jli.dll
0x00007ffcb12e0000 - 0x00007ffcb138c000 	C:\Windows\System32\ADVAPI32.dll
0x00007ffcb1390000 - 0x00007ffcb142e000 	C:\Windows\System32\msvcrt.dll
0x00007ffcb1240000 - 0x00007ffcb12db000 	C:\Windows\System32\sechost.dll
0x00007ffcb0b70000 - 0x00007ffcb0c9b000 	C:\Windows\System32\RPCRT4.dll
0x00007ffcb1430000 - 0x00007ffcb15d0000 	C:\Windows\System32\USER32.dll
0x00007ffcb0790000 - 0x00007ffcb07b2000 	C:\Windows\System32\win32u.dll
0x00007ffcb0da0000 - 0x00007ffcb0dca000 	C:\Windows\System32\GDI32.dll
0x00007ffc99fa0000 - 0x00007ffc99fba000 	C:\Program Files\Java\jdk-17.0.1\bin\VCRUNTIME140.dll
0x00007ffcb0340000 - 0x00007ffcb044b000 	C:\Windows\System32\gdi32full.dll
0x00007ffcb0170000 - 0x00007ffcb020d000 	C:\Windows\System32\msvcp_win.dll
0x00007ffc9ba40000 - 0x00007ffc9bcda000 	C:\Windows\WinSxS\amd64_microsoft.windows.common-controls_6595b64144ccf1df_6.0.19041.844_none_ca00b6081b84eb1d\COMCTL32.dll
0x00007ffcaa0f0000 - 0x00007ffcaa0fa000 	C:\Windows\SYSTEM32\VERSION.dll
0x00007ffcb0dd0000 - 0x00007ffcb0e00000 	C:\Windows\System32\IMM32.DLL
0x00007ffca7c90000 - 0x00007ffca7c9c000 	C:\Program Files\Java\jdk-17.0.1\bin\vcruntime140_1.dll
0x00007ffc81c70000 - 0x00007ffc81cfd000 	C:\Program Files\Java\jdk-17.0.1\bin\msvcp140.dll
0x00007ffc626a0000 - 0x00007ffc6325e000 	C:\Program Files\Java\jdk-17.0.1\bin\server\jvm.dll
0x00007ffcb2840000 - 0x00007ffcb2848000 	C:\Windows\System32\PSAPI.DLL
0x00007ffca7f60000 - 0x00007ffca7f69000 	C:\Windows\SYSTEM32\WSOCK32.dll
0x00007ffc9eea0000 - 0x00007ffc9eec7000 	C:\Windows\SYSTEM32\WINMM.dll
0x00007ffcb0d30000 - 0x00007ffcb0d9b000 	C:\Windows\System32\WS2_32.dll
0x00007ffcaec10000 - 0x00007ffcaec22000 	C:\Windows\SYSTEM32\kernel.appcore.dll
0x00007ffca59b0000 - 0x00007ffca59ba000 	C:\Program Files\Java\jdk-17.0.1\bin\jimage.dll
0x00007ffcae160000 - 0x00007ffcae344000 	C:\Windows\SYSTEM32\DBGHELP.DLL
0x00007ffc98e20000 - 0x00007ffc98e4c000 	C:\Windows\SYSTEM32\dbgcore.DLL
0x00007ffcb0210000 - 0x00007ffcb0290000 	C:\Windows\System32\bcryptPrimitives.dll
0x00007ffc92a60000 - 0x00007ffc92a85000 	C:\Program Files\Java\jdk-17.0.1\bin\java.dll
0x00007ffc7fe00000 - 0x00007ffc7fed6000 	C:\Program Files\Java\jdk-17.0.1\bin\svml.dll
0x00007ffcb1ad0000 - 0x00007ffcb2212000 	C:\Windows\System32\SHELL32.dll
0x00007ffcae460000 - 0x00007ffcaebf1000 	C:\Windows\SYSTEM32\windows.storage.dll
0x00007ffcb0e60000 - 0x00007ffcb11b5000 	C:\Windows\System32\combase.dll
0x00007ffcafb10000 - 0x00007ffcafb3c000 	C:\Windows\SYSTEM32\Wldp.dll
0x00007ffcb15e0000 - 0x00007ffcb168e000 	C:\Windows\System32\SHCORE.dll
0x00007ffcb0b10000 - 0x00007ffcb0b65000 	C:\Windows\System32\shlwapi.dll
0x00007ffcb00b0000 - 0x00007ffcb00cf000 	C:\Windows\SYSTEM32\profapi.dll
0x00007ffc940f0000 - 0x00007ffc94109000 	C:\Program Files\Java\jdk-17.0.1\bin\net.dll
0x00007ffca0e30000 - 0x00007ffca0f3b000 	C:\Windows\SYSTEM32\WINHTTP.dll
0x00007ffcaf880000 - 0x00007ffcaf8ea000 	C:\Windows\system32\mswsock.dll
0x00007ffc93d70000 - 0x00007ffc93d85000 	C:\Program Files\Java\jdk-17.0.1\bin\nio.dll
0x00007ffc93820000 - 0x00007ffc93838000 	C:\Program Files\Java\jdk-17.0.1\bin\zip.dll
0x00007ffcafa50000 - 0x00007ffcafa68000 	C:\Windows\SYSTEM32\CRYPTSP.dll
0x00007ffcaf3d0000 - 0x00007ffcaf404000 	C:\Windows\system32\rsaenh.dll
0x00007ffcb0450000 - 0x00007ffcb0477000 	C:\Windows\System32\bcrypt.dll
0x00007ffcb0030000 - 0x00007ffcb005e000 	C:\Windows\SYSTEM32\USERENV.dll
0x00007ffcafa70000 - 0x00007ffcafa7c000 	C:\Windows\SYSTEM32\CRYPTBASE.dll
0x00007ffcaf570000 - 0x00007ffcaf5ab000 	C:\Windows\SYSTEM32\IPHLPAPI.DLL
0x00007ffcb28b0000 - 0x00007ffcb28b8000 	C:\Windows\System32\NSI.dll
0x00007ffca9fe0000 - 0x00007ffca9ff7000 	C:\Windows\SYSTEM32\dhcpcsvc6.DLL
0x00007ffca9fc0000 - 0x00007ffca9fdd000 	C:\Windows\SYSTEM32\dhcpcsvc.DLL
0x00007ffcaf5b0000 - 0x00007ffcaf67c000 	C:\Windows\SYSTEM32\DNSAPI.dll
0x00007ffc5e1e0000 - 0x00007ffc5e21e000 	C:\Users\Nguyen Ngoc Thien\AppData\Roaming\Code\User\globalStorage\redhat.java\1.0.0\config_win\org.eclipse.equinox.launcher\org.eclipse.equinox.launcher.win32.win32.x86_64_1.2.400.v20210928-1041\eclipse_11600.dll
0x00007ffcb28c0000 - 0x00007ffcb29ea000 	C:\Windows\System32\ole32.dll
0x00007ffc9c050000 - 0x00007ffc9c060000 	C:\Program Files\Java\jdk-17.0.1\bin\verify.dll
0x00007ffc5ed00000 - 0x00007ffc5ed11000 	C:\Users\Nguyen Ngoc Thien\AppData\Roaming\Code\User\globalStorage\redhat.java\1.0.0\config_win\org.eclipse.osgi\22\0\.cp\jWinHttp-1.0.0.dll

dbghelp: loaded successfully - version: 4.0.5 - missing functions: none
symbol engine: initialized successfully - sym options: 0x614 - pdb path: .;C:\Program Files\Java\jdk-17.0.1\bin;C:\Windows\SYSTEM32;C:\Windows\WinSxS\amd64_microsoft.windows.common-controls_6595b64144ccf1df_6.0.19041.844_none_ca00b6081b84eb1d;C:\Program Files\Java\jdk-17.0.1\bin\server;C:\Users\Nguyen Ngoc Thien\AppData\Roaming\Code\User\globalStorage\redhat.java\1.0.0\config_win\org.eclipse.equinox.launcher\org.eclipse.equinox.launcher.win32.win32.x86_64_1.2.400.v20210928-1041;C:\Users\Nguyen Ngoc Thien\AppData\Roaming\Code\User\globalStorage\redhat.java\1.0.0\config_win\org.eclipse.osgi\22\0\.cp

VM Arguments:
jvm_args: --add-modules=ALL-SYSTEM --add-opens=java.base/java.util=ALL-UNNAMED --add-opens=java.base/java.lang=ALL-UNNAMED -Declipse.application=org.eclipse.jdt.ls.core.id1 -Dosgi.bundles.defaultStartLevel=4 -Declipse.product=org.eclipse.jdt.ls.core.product -Dfile.encoding=utf8 -DwatchParentProcess=false -XX:+UseParallelGC -XX:GCTimeRatio=4 -XX:AdaptiveSizePolicyWeight=90 -Dsun.zip.disableMemoryMapping=true -Xmx1G -Xms100m 
java_command: c:\Users\Nguyen Ngoc Thien\.vscode\extensions\redhat.java-1.0.0\server\plugins\org.eclipse.equinox.launcher_1.6.400.v20210924-0641.jar -configuration c:\Users\Nguyen Ngoc Thien\AppData\Roaming\Code\User\globalStorage\redhat.java\1.0.0\config_win -data c:\Users\Nguyen Ngoc Thien\AppData\Roaming\Code\User\workspaceStorage\6901d5d9c1c1bcdad87bbc9e0c1d31dd\redhat.java\jdt_ws
java_class_path (initial): c:\Users\Nguyen Ngoc Thien\.vscode\extensions\redhat.java-1.0.0\server\plugins\org.eclipse.equinox.launcher_1.6.400.v20210924-0641.jar
Launcher Type: SUN_STANDARD

[Global flags]
    uintx AdaptiveSizePolicyWeight                 = 90                                        {product} {command line}
     intx CICompilerCount                          = 3                                         {product} {ergonomic}
    uintx GCTimeRatio                              = 4                                         {product} {command line}
   size_t InitialHeapSize                          = 104857600                                 {product} {command line}
   size_t MaxHeapSize                              = 1073741824                                {product} {command line}
   size_t MaxNewSize                               = 357564416                                 {product} {ergonomic}
   size_t MinHeapDeltaBytes                        = 524288                                    {product} {ergonomic}
   size_t MinHeapSize                              = 104857600                                 {product} {command line}
   size_t NewSize                                  = 34603008                                  {product} {ergonomic}
    uintx NonNMethodCodeHeapSize                   = 5832780                                {pd product} {ergonomic}
    uintx NonProfiledCodeHeapSize                  = 122912730                              {pd product} {ergonomic}
   size_t OldSize                                  = 70254592                                  {product} {ergonomic}
    uintx ProfiledCodeHeapSize                     = 122912730                              {pd product} {ergonomic}
    uintx ReservedCodeCacheSize                    = 251658240                              {pd product} {ergonomic}
     bool SegmentedCodeCache                       = true                                      {product} {ergonomic}
   size_t SoftMaxHeapSize                          = 1073741824                             {manageable} {ergonomic}
     bool UseCompressedClassPointers               = true                           {product lp64_product} {ergonomic}
     bool UseCompressedOops                        = true                           {product lp64_product} {ergonomic}
     bool UseLargePagesIndividualAllocation        = false                                  {pd product} {ergonomic}
     bool UseParallelGC                            = true                                      {product} {command line}

Logging:
Log output configuration:
 #0: stdout all=warning uptime,level,tags
 #1: stderr all=off uptime,level,tags

Environment Variables:
PATH=C:\Program Files\Common Files\Oracle\Java\javapath;C:\Program Files (x86)\Common Files\Oracle\Java\javapath;C:\Windows\system32;C:\Windows;C:\Windows\System32\Wbem;C:\Windows\System32\WindowsPowerShell\v1.0\;C:\Windows\System32\OpenSSH\;C:\Program Files\Git\cmd;C:\Program Files\nodejs\;C:\Program Files\PowerShell\7-preview\preview;C:\ProgramData\chocolatey\bin;C:\tools\winfetch;C:\ProgramData\chocolatey\lib\gsudo\bin\;C:\Program Files\dotnet\;C:\Users\Nguyen Ngoc Thien\AppData\Local\Programs\Python\Python310\Scripts\;C:\Users\Nguyen Ngoc Thien\AppData\Local\Programs\Python\Python310\;C:\Users\Nguyen Ngoc Thien\AppData\Local\Microsoft\WindowsApps;C:\Users\Nguyen Ngoc Thien\AppData\Local\GitHubDesktop\bin;C:\Users\Nguyen Ngoc Thien\AppData\Local\Programs\Microsoft VS Code\bin;C:\Program Files\JetBrains\IntelliJ IDEA 2021.2.3\bin;;C:\Program Files\JetBrains\PyCharm 2021.2.3\bin;;C:\Program Files\JetBrains\WebStorm 2021.2.3\bin;;C:\Users\Nguyen Ngoc Thien\AppData\Roaming\npm;C:\Program Files\Neovim\bin;C:\Users\Nguyen Ngoc Thien\.dotnet\tools
USERNAME=Nguyen Ngoc Thien
OS=Windows_NT
PROCESSOR_IDENTIFIER=Intel64 Family 6 Model 78 Stepping 3, GenuineIntel



---------------  S Y S T E M  ---------------

OS:
 Windows 10 , 64 bit Build 19041 (10.0.19041.804)
OS uptime: 0 days 4:47 hours

CPU: total 4 (initial active 4) (2 cores per cpu, 2 threads per core) family 6 model 78 stepping 3 microcode 0xea, cx8, cmov, fxsr, ht, mmx, 3dnowpref, sse, sse2, sse3, ssse3, sse4.1, sse4.2, popcnt, lzcnt, tsc, tscinvbit, avx, avx2, aes, erms, clmul, bmi1, bmi2, rtm, adx, fma, vzeroupper, clflush, clflushopt

Memory: 4k page, system-wide physical 8083M (147M free)
TotalPageFile size 8083M (AvailPageFile size 3M)
current process WorkingSet (physical memory assigned to process): 302M, peak: 305M
current process commit charge ("private bytes"): 366M, peak: 370M

vm_info: Java HotSpot(TM) 64-Bit Server VM (17.0.1+12-LTS-39) for windows-amd64 JRE (17.0.1+12-LTS-39), built on Sep 27 2021 18:41:35 by "mach5one" with MS VC++ 16.8 (VS2019)

END.
