#
# There is insufficient memory for the Java Runtime Environment to continue.
# Native memory allocation (mmap) failed to map 134217728 bytes for G1 virtual space
# Possible reasons:
#   The system is out of physical RAM or swap space
#   The process is running with CompressedOops enabled, and the Java Heap may be blocking the growth of the native heap
# Possible solutions:
#   Reduce memory load on the system
#   Increase physical memory or swap space
#   Check if swap backing store is full
#   Decrease Java heap size (-Xmx/-Xms)
#   Decrease number of Java threads
#   Decrease Java thread stack sizes (-Xss)
#   Set larger code cache with -XX:ReservedCodeCacheSize=
#   JVM is running with Unscaled Compressed Oops mode in which the Java heap is
#     placed in the first 4GB address space. The Java Heap base address is the
#     maximum limit for the native heap growth. Please use -XX:HeapBaseMinAddress
#     to set the Java Heap base and to place the Java Heap above 4GB virtual address.
# This output file may be truncated or incomplete.
#
#  Out of Memory Error (os_windows.cpp:3469), pid=1964, tid=8592
#
# JRE version:  (17.0.1+12) (build )
# Java VM: Java HotSpot(TM) 64-Bit Server VM (17.0.1+12-LTS-39, mixed mode, sharing, tiered, compressed oops, compressed class ptrs, g1 gc, windows-amd64)
# No core dump will be written. Minidumps are not enabled by default on client versions of Windows
#

---------------  S U M M A R Y ------------

Command Line: --enable-preview -XX:+ShowCodeDetailsInExceptionMessages -Dfile.encoding=UTF-8 HumanResources

Host: Intel(R) Core(TM) i5-6300U CPU @ 2.40GHz, 4 cores, 7G,  Windows 10 , 64 bit Build 19041 (10.0.19041.804)
Time: Tue Nov  9 20:32:51 2021 Pacific Standard Time elapsed time: 0.037858 seconds (0d 0h 0m 0s)

---------------  T H R E A D  ---------------

Current thread (0x0000024523e60d50):  JavaThread "Unknown thread" [_thread_in_vm, id=8592, stack(0x000000a5beb00000,0x000000a5bec00000)]

Stack: [0x000000a5beb00000,0x000000a5bec00000]
Native frames: (J=compiled Java code, j=interpreted, Vv=VM code, C=native code)
V  [jvm.dll+0x66fa1a]
V  [jvm.dll+0x7ce5a4]
V  [jvm.dll+0x7cfd4e]
V  [jvm.dll+0x7d03b3]
V  [jvm.dll+0x242b05]
V  [jvm.dll+0x66ca39]
V  [jvm.dll+0x661502]
V  [jvm.dll+0x30081b]
V  [jvm.dll+0x307da6]
V  [jvm.dll+0x357a1e]
V  [jvm.dll+0x357c4f]
V  [jvm.dll+0x2d7ad8]
V  [jvm.dll+0x2d8a44]
V  [jvm.dll+0x7a01e1]
V  [jvm.dll+0x365791]
V  [jvm.dll+0x77f6cc]
V  [jvm.dll+0x3e812f]
V  [jvm.dll+0x3e9bd1]
C  [jli.dll+0x527b]
C  [ucrtbase.dll+0x21bb2]
C  [KERNEL32.DLL+0x17034]
C  [ntdll.dll+0x52651]


---------------  P R O C E S S  ---------------

Threads class SMR info:
_java_thread_list=0x00007ffc86ed7818, length=0, elements={
}

Java Threads: ( => current thread )

Other Threads:
  0x0000024523e9f240 GCTaskThread "GC Thread#0" [stack: 0x000000a5bec00000,0x000000a5bed00000] [id=1416]
  0x0000024523eafd40 ConcurrentGCThread "G1 Main Marker" [stack: 0x000000a5bed00000,0x000000a5bee00000] [id=8580]
  0x0000024523eb0df0 ConcurrentGCThread "G1 Conc#0" [stack: 0x000000a5bee00000,0x000000a5bef00000] [id=9156]

[error occurred during error reporting (printing all threads), id 0xc0000005, EXCEPTION_ACCESS_VIOLATION (0xc0000005) at pc=0x00007ffc867284b7]

VM state: not at safepoint (not fully initialized)

VM Mutex/Monitor currently owned by a thread:  ([mutex/lock_event])
[0x0000024523e5e2b0] Heap_lock - owner thread: 0x0000024523e60d50

Heap address: 0x0000000081a00000, size: 2022 MB, Compressed Oops mode: 32-bit

CDS archive(s) mapped at: [0x0000000000000000-0x0000000000000000-0x0000000000000000), size 0, SharedBaseAddress: 0x0000000800000000, ArchiveRelocationMode: 0.
Narrow klass base: 0x0000000000000000, Narrow klass shift: 0, Narrow klass range: 0x0

GC Precious Log:
<Empty>

Heap:
 garbage-first heap   total 0K, used 0K [0x0000000081a00000, 0x0000000100000000)
  region size 1024K, 0 young (0K), 0 survivors (0K)

[error occurred during error reporting (printing heap information), id 0xc0000005, EXCEPTION_ACCESS_VIOLATION (0xc0000005) at pc=0x00007ffc86b08d89]

GC Heap History (0 events):
No events

Deoptimization events (0 events):
No events

Classes unloaded (0 events):
No events

Classes redefined (0 events):
No events

Internal exceptions (0 events):
No events

VM Operations (0 events):
No events

Events (1 events):
Event: 0.007 Loaded shared library C:\Program Files\Java\jdk-17.0.1\bin\java.dll


Dynamic libraries:
0x00007ff7dd650000 - 0x00007ff7dd660000 	C:\Program Files\Java\jdk-17.0.1\bin\java.exe
0x00007ffcb2a30000 - 0x00007ffcb2c25000 	C:\Windows\SYSTEM32\ntdll.dll
0x00007ffcb17b0000 - 0x00007ffcb186d000 	C:\Windows\System32\KERNEL32.DLL
0x00007ffcb07c0000 - 0x00007ffcb0a88000 	C:\Windows\System32\KERNELBASE.dll
0x00007ffcb0690000 - 0x00007ffcb0790000 	C:\Windows\System32\ucrtbase.dll
0x00007ffc9f0c0000 - 0x00007ffc9f0d8000 	C:\Program Files\Java\jdk-17.0.1\bin\jli.dll
0x00007ffc9f0a0000 - 0x00007ffc9f0ba000 	C:\Program Files\Java\jdk-17.0.1\bin\VCRUNTIME140.dll
0x00007ffcb12e0000 - 0x00007ffcb138c000 	C:\Windows\System32\ADVAPI32.dll
0x00007ffcb1390000 - 0x00007ffcb142e000 	C:\Windows\System32\msvcrt.dll
0x00007ffcb1240000 - 0x00007ffcb12db000 	C:\Windows\System32\sechost.dll
0x00007ffcb0b70000 - 0x00007ffcb0c9b000 	C:\Windows\System32\RPCRT4.dll
0x00007ffcb1430000 - 0x00007ffcb15d0000 	C:\Windows\System32\USER32.dll
0x00007ffcb0790000 - 0x00007ffcb07b2000 	C:\Windows\System32\win32u.dll
0x00007ffc9ba40000 - 0x00007ffc9bcda000 	C:\Windows\WinSxS\amd64_microsoft.windows.common-controls_6595b64144ccf1df_6.0.19041.844_none_ca00b6081b84eb1d\COMCTL32.dll
0x00007ffcb0da0000 - 0x00007ffcb0dca000 	C:\Windows\System32\GDI32.dll
0x00007ffcb0340000 - 0x00007ffcb044b000 	C:\Windows\System32\gdi32full.dll
0x00007ffcb0170000 - 0x00007ffcb020d000 	C:\Windows\System32\msvcp_win.dll
0x00007ffcaa0f0000 - 0x00007ffcaa0fa000 	C:\Windows\SYSTEM32\VERSION.dll
0x00007ffcb0dd0000 - 0x00007ffcb0e00000 	C:\Windows\System32\IMM32.DLL
0x00007ffca7f80000 - 0x00007ffca7f8c000 	C:\Program Files\Java\jdk-17.0.1\bin\vcruntime140_1.dll
0x00007ffc9f010000 - 0x00007ffc9f09d000 	C:\Program Files\Java\jdk-17.0.1\bin\msvcp140.dll
0x00007ffc86440000 - 0x00007ffc86ffe000 	C:\Program Files\Java\jdk-17.0.1\bin\server\jvm.dll
0x00007ffcb2840000 - 0x00007ffcb2848000 	C:\Windows\System32\PSAPI.DLL
0x00007ffcad7f0000 - 0x00007ffcad7f9000 	C:\Windows\SYSTEM32\WSOCK32.dll
0x00007ffc9eea0000 - 0x00007ffc9eec7000 	C:\Windows\SYSTEM32\WINMM.dll
0x00007ffcb0d30000 - 0x00007ffcb0d9b000 	C:\Windows\System32\WS2_32.dll
0x00007ffcaec10000 - 0x00007ffcaec22000 	C:\Windows\SYSTEM32\kernel.appcore.dll
0x00007ffca5980000 - 0x00007ffca598a000 	C:\Program Files\Java\jdk-17.0.1\bin\jimage.dll
0x00007ffcae160000 - 0x00007ffcae344000 	C:\Windows\SYSTEM32\DBGHELP.DLL
0x00007ffc98e20000 - 0x00007ffc98e4c000 	C:\Windows\SYSTEM32\dbgcore.DLL
0x00007ffcb0210000 - 0x00007ffcb0290000 	C:\Windows\System32\bcryptPrimitives.dll
0x00007ffc9efe0000 - 0x00007ffc9f005000 	C:\Program Files\Java\jdk-17.0.1\bin\java.dll

dbghelp: loaded successfully - version: 4.0.5 - missing functions: none
symbol engine: initialized successfully - sym options: 0x614 - pdb path: .;C:\Program Files\Java\jdk-17.0.1\bin;C:\Windows\SYSTEM32;C:\Windows\WinSxS\amd64_microsoft.windows.common-controls_6595b64144ccf1df_6.0.19041.844_none_ca00b6081b84eb1d;C:\Program Files\Java\jdk-17.0.1\bin\server

VM Arguments:
jvm_args: --enable-preview -XX:+ShowCodeDetailsInExceptionMessages -Dfile.encoding=UTF-8 
java_command: HumanResources
java_class_path (initial): C:\Users\Nguyen Ngoc Thien\Documents\GitHub\PRO192x_2.1-A\HumanResources\bin
Launcher Type: SUN_STANDARD

[Global flags]
     intx CICompilerCount                          = 3                                         {product} {ergonomic}
     uint ConcGCThreads                            = 1                                         {product} {ergonomic}
     uint G1ConcRefinementThreads                  = 4                                         {product} {ergonomic}
   size_t G1HeapRegionSize                         = 1048576                                   {product} {ergonomic}
    uintx GCDrainStackTargetSize                   = 64                                        {product} {ergonomic}
   size_t InitialHeapSize                          = 134217728                                 {product} {ergonomic}
   size_t MarkStackSize                            = 4194304                                   {product} {ergonomic}
   size_t MaxHeapSize                              = 2120220672                                {product} {ergonomic}
   size_t MinHeapDeltaBytes                        = 1048576                                   {product} {ergonomic}
   size_t MinHeapSize                              = 8388608                                   {product} {ergonomic}
    uintx NonNMethodCodeHeapSize                   = 5832780                                {pd product} {ergonomic}
    uintx NonProfiledCodeHeapSize                  = 122912730                              {pd product} {ergonomic}
    uintx ProfiledCodeHeapSize                     = 122912730                              {pd product} {ergonomic}
    uintx ReservedCodeCacheSize                    = 251658240                              {pd product} {ergonomic}
     bool SegmentedCodeCache                       = true                                      {product} {ergonomic}
     bool ShowCodeDetailsInExceptionMessages       = true                                   {manageable} {command line}
   size_t SoftMaxHeapSize                          = 2120220672                             {manageable} {ergonomic}
     bool UseCompressedClassPointers               = true                           {product lp64_product} {ergonomic}
     bool UseCompressedOops                        = true                           {product lp64_product} {ergonomic}
     bool UseG1GC                                  = true                                      {product} {ergonomic}
     bool UseLargePagesIndividualAllocation        = false                                  {pd product} {ergonomic}

Logging:
Log output configuration:
 #0: stdout all=warning uptime,level,tags
 #1: stderr all=off uptime,level,tags

Environment Variables:
PATH=C:\Program Files\PowerShell\7-preview;C:\Program Files\Common Files\Oracle\Java\javapath;C:\Program Files (x86)\Common Files\Oracle\Java\javapath;C:\Windows\system32;C:\Windows;C:\Windows\System32\Wbem;C:\Windows\System32\WindowsPowerShell\v1.0\;C:\Windows\System32\OpenSSH\;C:\Program Files\Git\cmd;C:\Program Files\nodejs\;C:\Program Files\PowerShell\7-preview\preview;C:\ProgramData\chocolatey\bin;C:\tools\winfetch;C:\ProgramData\chocolatey\lib\gsudo\bin\;C:\Users\Nguyen Ngoc Thien\AppData\Local\Programs\Python\Python310\Scripts\;C:\Users\Nguyen Ngoc Thien\AppData\Local\Programs\Python\Python310\;C:\Users\Nguyen Ngoc Thien\AppData\Local\Microsoft\WindowsApps;C:\Users\Nguyen Ngoc Thien\AppData\Local\GitHubDesktop\bin;C:\Users\Nguyen Ngoc Thien\AppData\Local\Programs\Microsoft VS Code\bin;C:\Program Files\JetBrains\IntelliJ IDEA 2021.2.3\bin;;C:\Program Files\JetBrains\PyCharm 2021.2.3\bin;;C:\Program Files\JetBrains\WebStorm 2021.2.3\bin;;C:\Users\Nguyen Ngoc Thien\AppData\Roaming\npm;C:\Program Files\Neovim\bin;
USERNAME=Nguyen Ngoc Thien
LANG=en_US.UTF-8
OS=Windows_NT
PROCESSOR_IDENTIFIER=Intel64 Family 6 Model 78 Stepping 3, GenuineIntel



---------------  S Y S T E M  ---------------

OS:
 Windows 10 , 64 bit Build 19041 (10.0.19041.804)
OS uptime: 0 days 3:18 hours

CPU: total 4 (initial active 4) (2 cores per cpu, 2 threads per core) family 6 model 78 stepping 3 microcode 0xea, cx8, cmov, fxsr, ht, mmx, 3dnowpref, sse, sse2, sse3, ssse3, sse4.1, sse4.2, popcnt, lzcnt, tsc, tscinvbit, avx, avx2, aes, erms, clmul, bmi1, bmi2, rtm, adx, fma, vzeroupper, clflush, clflushopt

Memory: 4k page, system-wide physical 8083M (296M free)
TotalPageFile size 8083M (AvailPageFile size 77M)
current process WorkingSet (physical memory assigned to process): 10M, peak: 10M
current process commit charge ("private bytes"): 51M, peak: 179M

vm_info: Java HotSpot(TM) 64-Bit Server VM (17.0.1+12-LTS-39) for windows-amd64 JRE (17.0.1+12-LTS-39), built on Sep 27 2021 18:41:35 by "mach5one" with MS VC++ 16.8 (VS2019)

END.
