#
# There is insufficient memory for the Java Runtime Environment to continue.
# Native memory allocation (malloc) failed to allocate 2034416 bytes for Chunk::new
# Possible reasons:
#   The system is out of physical RAM or swap space
#   The process is running with CompressedOops enabled, and the Java Heap may be blocking the growth of the native heap
# Possible solutions:
#   Reduce memory load on the system
#   Increase physical memory or swap space
#   Check if swap backing store is full
#   Decrease Java heap size (-Xmx/-Xms)
#   Decrease number of Java threads
#   Decrease Java thread stack sizes (-Xss)
#   Set larger code cache with -XX:ReservedCodeCacheSize=
#   JVM is running with Unscaled Compressed Oops mode in which the Java heap is
#     placed in the first 4GB address space. The Java Heap base address is the
#     maximum limit for the native heap growth. Please use -XX:HeapBaseMinAddress
#     to set the Java Heap base and to place the Java Heap above 4GB virtual address.
# This output file may be truncated or incomplete.
#
#  Out of Memory Error (arena.cpp:189), pid=9852, tid=5064
#
# JRE version: Java(TM) SE Runtime Environment (17.0.1+12) (build 17.0.1+12-LTS-39)
# Java VM: Java HotSpot(TM) 64-Bit Server VM (17.0.1+12-LTS-39, mixed mode, sharing, tiered, compressed oops, compressed class ptrs, parallel gc, windows-amd64)
# No core dump will be written. Minidumps are not enabled by default on client versions of Windows
#

---------------  S U M M A R Y ------------

Command Line: --add-modules=ALL-SYSTEM --add-opens=java.base/java.util=ALL-UNNAMED --add-opens=java.base/java.lang=ALL-UNNAMED -Declipse.application=org.eclipse.jdt.ls.core.id1 -Dosgi.bundles.defaultStartLevel=4 -Declipse.product=org.eclipse.jdt.ls.core.product -Dfile.encoding=utf8 -DwatchParentProcess=false -XX:+UseParallelGC -XX:GCTimeRatio=4 -XX:AdaptiveSizePolicyWeight=90 -Dsun.zip.disableMemoryMapping=true -Xmx1G -Xms100m c:\Users\Nguyen Ngoc Thien\.vscode\extensions\redhat.java-1.0.0\server\plugins\org.eclipse.equinox.launcher_1.6.400.v20210924-0641.jar -configuration c:\Users\Nguyen Ngoc Thien\AppData\Roaming\Code\User\globalStorage\redhat.java\1.0.0\config_ss_win -data c:\Users\Nguyen Ngoc Thien\AppData\Roaming\Code\User\workspaceStorage\6901d5d9c1c1bcdad87bbc9e0c1d31dd\redhat.java\ss_ws

Host: Intel(R) Core(TM) i5-6300U CPU @ 2.40GHz, 4 cores, 7G,  Windows 10 , 64 bit Build 19041 (10.0.19041.804)
Time: Tue Nov  9 22:01:52 2021 Pacific Standard Time elapsed time: 12.993336 seconds (0d 0h 0m 12s)

---------------  T H R E A D  ---------------

Current thread (0x000001d7bdd09370):  JavaThread "C2 CompilerThread0" daemon [_thread_in_native, id=5064, stack(0x0000006c09700000,0x0000006c09800000)]


Current CompileTask:
C2:  12993 3735   !   4       org.eclipse.osgi.internal.loader.classpath.ClasspathManager::findLocalClass (210 bytes)

Stack: [0x0000006c09700000,0x0000006c09800000]
Native frames: (J=compiled Java code, j=interpreted, Vv=VM code, C=native code)
V  [jvm.dll+0x66fa1a]
V  [jvm.dll+0x7ce5a4]
V  [jvm.dll+0x7cfd4e]
V  [jvm.dll+0x7d03b3]
V  [jvm.dll+0x242b05]
V  [jvm.dll+0xaa05b]
V  [jvm.dll+0xaa5ec]
V  [jvm.dll+0x35f9b2]
V  [jvm.dll+0x1b9732]
V  [jvm.dll+0x215d49]
V  [jvm.dll+0x215011]
V  [jvm.dll+0x1a168d]
V  [jvm.dll+0x224848]
V  [jvm.dll+0x2229ac]
V  [jvm.dll+0x78435b]
V  [jvm.dll+0x77e91a]
V  [jvm.dll+0x66e845]
C  [ucrtbase.dll+0x21bb2]
C  [KERNEL32.DLL+0x17034]
C  [ntdll.dll+0x52651]


---------------  P R O C E S S  ---------------

Threads class SMR info:
_java_thread_list=0x000001d7c1797ce0, length=24, elements={
0x000001d7a53bd520, 0x000001d7a5497a50, 0x000001d7a5498fe0, 0x000001d7bdd03140,
0x000001d7bdd03ec0, 0x000001d7bdd04c40, 0x000001d7bdd08780, 0x000001d7bdd09370,
0x000001d7bdd09c70, 0x000001d7bdd753f0, 0x000001d7bf830c70, 0x000001d7bf926200,
0x000001d7bfd329b0, 0x000001d7bfd02630, 0x000001d7bfe169a0, 0x000001d7bfe480b0,
0x000001d7c00c58a0, 0x000001d7c0162b20, 0x000001d7c01d40d0, 0x000001d7c01d3260,
0x000001d7c01d23f0, 0x000001d7c01d1f20, 0x000001d7c01d3730, 0x000001d7c01d10b0
}

Java Threads: ( => current thread )
  0x000001d7a53bd520 JavaThread "main" [_thread_blocked, id=5940, stack(0x0000006c08e00000,0x0000006c08f00000)]
  0x000001d7a5497a50 JavaThread "Reference Handler" daemon [_thread_blocked, id=9580, stack(0x0000006c09100000,0x0000006c09200000)]
  0x000001d7a5498fe0 JavaThread "Finalizer" daemon [_thread_blocked, id=9808, stack(0x0000006c09200000,0x0000006c09300000)]
  0x000001d7bdd03140 JavaThread "Signal Dispatcher" daemon [_thread_blocked, id=9912, stack(0x0000006c09300000,0x0000006c09400000)]
  0x000001d7bdd03ec0 JavaThread "Attach Listener" daemon [_thread_blocked, id=6264, stack(0x0000006c09400000,0x0000006c09500000)]
  0x000001d7bdd04c40 JavaThread "Service Thread" daemon [_thread_blocked, id=8420, stack(0x0000006c09500000,0x0000006c09600000)]
  0x000001d7bdd08780 JavaThread "Monitor Deflation Thread" daemon [_thread_blocked, id=9848, stack(0x0000006c09600000,0x0000006c09700000)]
=>0x000001d7bdd09370 JavaThread "C2 CompilerThread0" daemon [_thread_in_native, id=5064, stack(0x0000006c09700000,0x0000006c09800000)]
  0x000001d7bdd09c70 JavaThread "C1 CompilerThread0" daemon [_thread_in_native, id=2212, stack(0x0000006c09800000,0x0000006c09900000)]
  0x000001d7bdd753f0 JavaThread "Sweeper thread" daemon [_thread_blocked, id=2316, stack(0x0000006c09900000,0x0000006c09a00000)]
  0x000001d7bf830c70 JavaThread "Common-Cleaner" daemon [_thread_blocked, id=9776, stack(0x0000006c09a00000,0x0000006c09b00000)]
  0x000001d7bf926200 JavaThread "Notification Thread" daemon [_thread_blocked, id=9824, stack(0x0000006c09b00000,0x0000006c09c00000)]
  0x000001d7bfd329b0 JavaThread "Active Thread: Equinox Container: 78d05faa-d8ee-42e6-90a9-32c874fa5f0d" [_thread_blocked, id=10040, stack(0x0000006c09d00000,0x0000006c09e00000)]
  0x000001d7bfd02630 JavaThread "Framework Event Dispatcher: Equinox Container: 78d05faa-d8ee-42e6-90a9-32c874fa5f0d" daemon [_thread_blocked, id=10048, stack(0x0000006c09e00000,0x0000006c09f00000)]
  0x000001d7bfe169a0 JavaThread "Start Level: Equinox Container: 78d05faa-d8ee-42e6-90a9-32c874fa5f0d" daemon [_thread_blocked, id=9884, stack(0x0000006c09f00000,0x0000006c0a000000)]
  0x000001d7bfe480b0 JavaThread "SCR Component Actor" daemon [_thread_blocked, id=9380, stack(0x0000006c0a000000,0x0000006c0a100000)]
  0x000001d7c00c58a0 JavaThread "Worker-JM" [_thread_blocked, id=7772, stack(0x0000006c0a500000,0x0000006c0a600000)]
  0x000001d7c0162b20 JavaThread "Worker-0: Refreshing workspace" [_thread_blocked, id=3816, stack(0x0000006c0a600000,0x0000006c0a700000)]
  0x000001d7c01d40d0 JavaThread "Worker-1: Shutdown..." [_thread_blocked, id=10016, stack(0x0000006c0a700000,0x0000006c0a800000)]
  0x000001d7c01d3260 JavaThread "pool-1-thread-1" [_thread_in_native, id=9428, stack(0x0000006c0a800000,0x0000006c0a900000)]
  0x000001d7c01d23f0 JavaThread "Worker-2: Publish Diagnostics" [_thread_in_Java, id=9988, stack(0x0000006c0a900000,0x0000006c0aa00000)]
  0x000001d7c01d1f20 JavaThread "ForkJoinPool.commonPool-worker-1" daemon [_thread_blocked, id=9624, stack(0x0000006c0a400000,0x0000006c0a500000)]
  0x000001d7c01d3730 JavaThread "ForkJoinPool.commonPool-worker-2" daemon [_thread_blocked, id=10208, stack(0x0000006c0aa00000,0x0000006c0ab00000)]
  0x000001d7c01d10b0 JavaThread "Worker-3" [_thread_blocked, id=3168, stack(0x0000006c0ab00000,0x0000006c0ac00000)]

Other Threads:
  0x000001d7bdcf6ae0 VMThread "VM Thread" [stack: 0x0000006c09000000,0x0000006c09100000] [id=8484]
  0x000001d7bf9266d0 WatcherThread [stack: 0x0000006c09c00000,0x0000006c09d00000] [id=6988]
  0x000001d7a53d45d0 GCTaskThread "GC Thread#0" [stack: 0x0000006c08f00000,0x0000006c09000000] [id=9980]
  0x000001d7bfb67990 GCTaskThread "GC Thread#1" [stack: 0x0000006c0a100000,0x0000006c0a200000] [id=7900]
  0x000001d7c003d390 GCTaskThread "GC Thread#2" [stack: 0x0000006c0a200000,0x0000006c0a300000] [id=8048]
  0x000001d7bfe54d10 GCTaskThread "GC Thread#3" [stack: 0x0000006c0a300000,0x0000006c0a400000] [id=8196]

Threads with active compile tasks:
C2 CompilerThread0    13011 3735   !   4       org.eclipse.osgi.internal.loader.classpath.ClasspathManager::findLocalClass (210 bytes)
C1 CompilerThread0    13011 4061       2       org.eclipse.jdt.internal.core.util.Util::concatWith (53 bytes)

VM state: not at safepoint (normal execution)

VM Mutex/Monitor currently owned by a thread: None

Heap address: 0x00000000c0000000, size: 1024 MB, Compressed Oops mode: 32-bit

CDS archive(s) mapped at: [0x0000000800000000-0x0000000800bc0000-0x0000000800bc0000), size 12320768, SharedBaseAddress: 0x0000000800000000, ArchiveRelocationMode: 0.
Compressed class space mapped at: 0x0000000800c00000-0x0000000840c00000, reserved size: 1073741824
Narrow klass base: 0x0000000800000000, Narrow klass shift: 0, Narrow klass range: 0x100000000

GC Precious Log:
 CPUs: 4 total, 4 available
 Memory: 8083M
 Large Page Support: Disabled
 NUMA Support: Disabled
 Compressed Oops: Enabled (32-bit)
 Alignments: Space 512K, Generation 512K, Heap 2M
 Heap Min Capacity: 100M
 Heap Initial Capacity: 100M
 Heap Max Capacity: 1G
 Pre-touch: Disabled
 Parallel Workers: 4

Heap:
 PSYoungGen      total 27136K, used 24169K [0x00000000eab00000, 0x00000000ecf80000, 0x0000000100000000)
  eden space 19968K, 86% used [0x00000000eab00000,0x00000000ebbde330,0x00000000ebe80000)
  from space 7168K, 96% used [0x00000000ebe80000,0x00000000ec53c240,0x00000000ec580000)
  to   space 8704K, 0% used [0x00000000ec700000,0x00000000ec700000,0x00000000ecf80000)
 ParOldGen       total 68608K, used 15983K [0x00000000c0000000, 0x00000000c4300000, 0x00000000eab00000)
  object space 68608K, 23% used [0x00000000c0000000,0x00000000c0f9bc80,0x00000000c4300000)
 Metaspace       used 35033K, committed 35648K, reserved 1081344K
  class space    used 3411K, committed 3648K, reserved 1048576K

Card table byte_map: [0x000001d7a4d80000,0x000001d7a4f90000] _byte_map_base: 0x000001d7a4780000

Marking Bits: (ParMarkBitMap*) 0x00007ffc631a2330
 Begin Bits: [0x000001d7bbbd0000, 0x000001d7bcbd0000)
 End Bits:   [0x000001d7bcbd0000, 0x000001d7bdbd0000)

Polling page: 0x000001d7a3380000

Metaspace:

Usage:
  Non-class:     30.88 MB used.
      Class:      3.33 MB used.
       Both:     34.21 MB used.

Virtual space:
  Non-class space:       32.00 MB reserved,      31.25 MB ( 98%) committed,  4 nodes.
      Class space:        1.00 GB reserved,       3.56 MB ( <1%) committed,  1 nodes.
             Both:        1.03 GB reserved,      34.81 MB (  3%) committed. 

Chunk freelists:
   Non-Class:  608.00 KB
       Class:  320.00 KB
        Both:  928.00 KB

MaxMetaspaceSize: unlimited
CompressedClassSpaceSize: 1.00 GB
Initial GC threshold: 21.00 MB
Current GC threshold: 35.00 MB
CDS: on
MetaspaceReclaimPolicy: balanced
 - commit_granule_bytes: 65536.
 - commit_granule_words: 8192.
 - virtual_space_node_default_size: 1048576.
 - enlarge_chunks_in_place: 1.
 - new_chunks_are_fully_committed: 0.
 - uncommit_free_chunks: 1.
 - use_allocation_guard: 0.
 - handle_deallocations: 1.


Internal statistics:

num_allocs_failed_limit: 3.
num_arena_births: 242.
num_arena_deaths: 0.
num_vsnodes_births: 5.
num_vsnodes_deaths: 0.
num_space_committed: 557.
num_space_uncommitted: 0.
num_chunks_returned_to_freelist: 3.
num_chunks_taken_from_freelist: 1505.
num_chunk_merges: 3.
num_chunk_splits: 1074.
num_chunks_enlarged: 791.
num_purges: 0.
num_inconsistent_stats: 0.

CodeHeap 'non-profiled nmethods': size=120000Kb used=1736Kb max_used=1736Kb free=118263Kb
 bounds [0x000001d7b46a0000, 0x000001d7b4910000, 0x000001d7bbbd0000]
CodeHeap 'profiled nmethods': size=120000Kb used=9408Kb max_used=9408Kb free=110591Kb
 bounds [0x000001d7ad170000, 0x000001d7adab0000, 0x000001d7b46a0000]
CodeHeap 'non-nmethods': size=5760Kb used=1286Kb max_used=1335Kb free=4473Kb
 bounds [0x000001d7acbd0000, 0x000001d7ace40000, 0x000001d7ad170000]
 total_blobs=4625 nmethods=4015 adapters=523
 compilation: enabled
              stopped_count=0, restarted_count=0
 full_count=0

Compilation events (20 events):
Event: 12.976 Thread 0x000001d7bdd09c70 4043       2       org.eclipse.jdt.internal.compiler.codegen.ConstantPool::literalIndex (392 bytes)
Event: 12.978 Thread 0x000001d7bdd09c70 nmethod 4043 0x000001d7ada8ca10 code [0x000001d7ada8cce0, 0x000001d7ada8d968]
Event: 12.978 Thread 0x000001d7bdd09c70 4041       2       org.eclipse.jdt.internal.compiler.flow.FlowContext::expireNullCheckedFieldInfo (46 bytes)
Event: 12.978 Thread 0x000001d7bdd09c70 nmethod 4041 0x000001d7ada8e410 code [0x000001d7ada8e5a0, 0x000001d7ada8e798]
Event: 12.978 Thread 0x000001d7bdd09c70 4042       2       org.eclipse.jdt.internal.compiler.lookup.SourceTypeBinding::typeVariables (38 bytes)
Event: 12.978 Thread 0x000001d7bdd09c70 nmethod 4042 0x000001d7ada8e910 code [0x000001d7ada8eac0, 0x000001d7ada8ec68]
Event: 12.979 Thread 0x000001d7bdd09c70 4044       2       org.eclipse.jdt.internal.compiler.codegen.StackMapFrame::addStackItem (97 bytes)
Event: 12.980 Thread 0x000001d7bdd09c70 nmethod 4044 0x000001d7ada8ed90 code [0x000001d7ada8ef60, 0x000001d7ada8f4d8]
Event: 12.983 Thread 0x000001d7bdd09c70 4045       2       org.eclipse.jdt.internal.compiler.lookup.ReferenceBinding::signature (29 bytes)
Event: 12.983 Thread 0x000001d7bdd09c70 nmethod 4045 0x000001d7ada8f710 code [0x000001d7ada8f8c0, 0x000001d7ada8fa78]
Event: 12.984 Thread 0x000001d7bdd09c70 4046       2       org.eclipse.jdt.internal.compiler.util.HashtableOfObject::put (113 bytes)
Event: 12.985 Thread 0x000001d7bdd09c70 nmethod 4046 0x000001d7ada8fb90 code [0x000001d7ada8fd80, 0x000001d7ada90288]
Event: 12.987 Thread 0x000001d7bdd09c70 4048       2       org.eclipse.jdt.internal.compiler.codegen.CodeStream::pushTypeBinding (35 bytes)
Event: 12.987 Thread 0x000001d7bdd09c70 nmethod 4048 0x000001d7ada90610 code [0x000001d7ada907c0, 0x000001d7ada90b28]
Event: 12.987 Thread 0x000001d7bdd09c70 4049       2       org.eclipse.jdt.internal.compiler.lookup.ReferenceBinding::getTypeVariable (37 bytes)
Event: 12.988 Thread 0x000001d7bdd09c70 nmethod 4049 0x000001d7ada90e10 code [0x000001d7ada90fc0, 0x000001d7ada91218]
Event: 12.988 Thread 0x000001d7bdd09c70 4050       2       org.eclipse.jdt.internal.compiler.lookup.LookupEnvironment::fromSplitPackageOrOracle (89 bytes)
Event: 12.988 Thread 0x000001d7bdd09c70 nmethod 4050 0x000001d7ada91390 code [0x000001d7ada915c0, 0x000001d7ada91b38]
Event: 12.990 Thread 0x000001d7bdd09c70 4051       2       org.eclipse.jdt.internal.compiler.lookup.PackageBinding::getTypeOrPackage (368 bytes)
Event: 12.992 Thread 0x000001d7bdd09c70 nmethod 4051 0x000001d7ada91e90 code [0x000001d7ada921a0, 0x000001d7ada93218]

GC Heap History (20 events):
Event: 1.881 GC heap before
{Heap before GC invocations=1 (full 0):
 PSYoungGen      total 29696K, used 25600K [0x00000000eab00000, 0x00000000ecc00000, 0x0000000100000000)
  eden space 25600K, 100% used [0x00000000eab00000,0x00000000ec400000,0x00000000ec400000)
  from space 4096K, 0% used [0x00000000ec800000,0x00000000ec800000,0x00000000ecc00000)
  to   space 4096K, 0% used [0x00000000ec400000,0x00000000ec400000,0x00000000ec800000)
 ParOldGen       total 68608K, used 0K [0x00000000c0000000, 0x00000000c4300000, 0x00000000eab00000)
  object space 68608K, 0% used [0x00000000c0000000,0x00000000c0000000,0x00000000c4300000)
 Metaspace       used 7296K, committed 7552K, reserved 1056768K
  class space    used 724K, committed 832K, reserved 1048576K
}
Event: 1.900 GC heap after
{Heap after GC invocations=1 (full 0):
 PSYoungGen      total 29696K, used 3938K [0x00000000eab00000, 0x00000000ecc00000, 0x0000000100000000)
  eden space 25600K, 0% used [0x00000000eab00000,0x00000000eab00000,0x00000000ec400000)
  from space 4096K, 96% used [0x00000000ec400000,0x00000000ec7d8a30,0x00000000ec800000)
  to   space 4096K, 0% used [0x00000000ec800000,0x00000000ec800000,0x00000000ecc00000)
 ParOldGen       total 68608K, used 0K [0x00000000c0000000, 0x00000000c4300000, 0x00000000eab00000)
  object space 68608K, 0% used [0x00000000c0000000,0x00000000c0000000,0x00000000c4300000)
 Metaspace       used 7296K, committed 7552K, reserved 1056768K
  class space    used 724K, committed 832K, reserved 1048576K
}
Event: 3.543 GC heap before
{Heap before GC invocations=2 (full 0):
 PSYoungGen      total 29696K, used 29538K [0x00000000eab00000, 0x00000000ecc00000, 0x0000000100000000)
  eden space 25600K, 100% used [0x00000000eab00000,0x00000000ec400000,0x00000000ec400000)
  from space 4096K, 96% used [0x00000000ec400000,0x00000000ec7d8a30,0x00000000ec800000)
  to   space 4096K, 0% used [0x00000000ec800000,0x00000000ec800000,0x00000000ecc00000)
 ParOldGen       total 68608K, used 0K [0x00000000c0000000, 0x00000000c4300000, 0x00000000eab00000)
  object space 68608K, 0% used [0x00000000c0000000,0x00000000c0000000,0x00000000c4300000)
 Metaspace       used 18237K, committed 18624K, reserved 1073152K
  class space    used 1704K, committed 1856K, reserved 1048576K
}
Event: 3.550 GC heap after
{Heap after GC invocations=2 (full 0):
 PSYoungGen      total 29696K, used 4081K [0x00000000eab00000, 0x00000000ecc00000, 0x0000000100000000)
  eden space 25600K, 0% used [0x00000000eab00000,0x00000000eab00000,0x00000000ec400000)
  from space 4096K, 99% used [0x00000000ec800000,0x00000000ecbfc498,0x00000000ecc00000)
  to   space 4096K, 0% used [0x00000000ec400000,0x00000000ec400000,0x00000000ec800000)
 ParOldGen       total 68608K, used 2683K [0x00000000c0000000, 0x00000000c4300000, 0x00000000eab00000)
  object space 68608K, 3% used [0x00000000c0000000,0x00000000c029ecf8,0x00000000c4300000)
 Metaspace       used 18237K, committed 18624K, reserved 1073152K
  class space    used 1704K, committed 1856K, reserved 1048576K
}
Event: 4.664 GC heap before
{Heap before GC invocations=3 (full 0):
 PSYoungGen      total 29696K, used 18044K [0x00000000eab00000, 0x00000000ecc00000, 0x0000000100000000)
  eden space 25600K, 54% used [0x00000000eab00000,0x00000000eb8a2c68,0x00000000ec400000)
  from space 4096K, 99% used [0x00000000ec800000,0x00000000ecbfc498,0x00000000ecc00000)
  to   space 4096K, 0% used [0x00000000ec400000,0x00000000ec400000,0x00000000ec800000)
 ParOldGen       total 68608K, used 2683K [0x00000000c0000000, 0x00000000c4300000, 0x00000000eab00000)
  object space 68608K, 3% used [0x00000000c0000000,0x00000000c029ecf8,0x00000000c4300000)
 Metaspace       used 21076K, committed 21504K, reserved 1073152K
  class space    used 2007K, committed 2176K, reserved 1048576K
}
Event: 4.669 GC heap after
{Heap after GC invocations=3 (full 0):
 PSYoungGen      total 29696K, used 4066K [0x00000000eab00000, 0x00000000ecc00000, 0x0000000100000000)
  eden space 25600K, 0% used [0x00000000eab00000,0x00000000eab00000,0x00000000ec400000)
  from space 4096K, 99% used [0x00000000ec400000,0x00000000ec7f8848,0x00000000ec800000)
  to   space 4096K, 0% used [0x00000000ec800000,0x00000000ec800000,0x00000000ecc00000)
 ParOldGen       total 68608K, used 3611K [0x00000000c0000000, 0x00000000c4300000, 0x00000000eab00000)
  object space 68608K, 5% used [0x00000000c0000000,0x00000000c0386d48,0x00000000c4300000)
 Metaspace       used 21076K, committed 21504K, reserved 1073152K
  class space    used 2007K, committed 2176K, reserved 1048576K
}
Event: 4.669 GC heap before
{Heap before GC invocations=4 (full 1):
 PSYoungGen      total 29696K, used 4066K [0x00000000eab00000, 0x00000000ecc00000, 0x0000000100000000)
  eden space 25600K, 0% used [0x00000000eab00000,0x00000000eab00000,0x00000000ec400000)
  from space 4096K, 99% used [0x00000000ec400000,0x00000000ec7f8848,0x00000000ec800000)
  to   space 4096K, 0% used [0x00000000ec800000,0x00000000ec800000,0x00000000ecc00000)
 ParOldGen       total 68608K, used 3611K [0x00000000c0000000, 0x00000000c4300000, 0x00000000eab00000)
  object space 68608K, 5% used [0x00000000c0000000,0x00000000c0386d48,0x00000000c4300000)
 Metaspace       used 21076K, committed 21504K, reserved 1073152K
  class space    used 2007K, committed 2176K, reserved 1048576K
}
Event: 4.698 GC heap after
{Heap after GC invocations=4 (full 1):
 PSYoungGen      total 29696K, used 0K [0x00000000eab00000, 0x00000000ecc00000, 0x0000000100000000)
  eden space 25600K, 0% used [0x00000000eab00000,0x00000000eab00000,0x00000000ec400000)
  from space 4096K, 0% used [0x00000000ec400000,0x00000000ec400000,0x00000000ec800000)
  to   space 4096K, 0% used [0x00000000ec800000,0x00000000ec800000,0x00000000ecc00000)
 ParOldGen       total 68608K, used 7517K [0x00000000c0000000, 0x00000000c4300000, 0x00000000eab00000)
  object space 68608K, 10% used [0x00000000c0000000,0x00000000c0757700,0x00000000c4300000)
 Metaspace       used 21076K, committed 21504K, reserved 1073152K
  class space    used 2007K, committed 2176K, reserved 1048576K
}
Event: 6.235 GC heap before
{Heap before GC invocations=5 (full 1):
 PSYoungGen      total 29696K, used 25600K [0x00000000eab00000, 0x00000000ecc00000, 0x0000000100000000)
  eden space 25600K, 100% used [0x00000000eab00000,0x00000000ec400000,0x00000000ec400000)
  from space 4096K, 0% used [0x00000000ec400000,0x00000000ec400000,0x00000000ec800000)
  to   space 4096K, 0% used [0x00000000ec800000,0x00000000ec800000,0x00000000ecc00000)
 ParOldGen       total 68608K, used 7517K [0x00000000c0000000, 0x00000000c4300000, 0x00000000eab00000)
  object space 68608K, 10% used [0x00000000c0000000,0x00000000c0757700,0x00000000c4300000)
 Metaspace       used 25502K, committed 26176K, reserved 1073152K
  class space    used 2529K, committed 2816K, reserved 1048576K
}
Event: 6.240 GC heap after
{Heap after GC invocations=5 (full 1):
 PSYoungGen      total 29696K, used 2833K [0x00000000eab00000, 0x00000000ecc00000, 0x0000000100000000)
  eden space 25600K, 0% used [0x00000000eab00000,0x00000000eab00000,0x00000000ec400000)
  from space 4096K, 69% used [0x00000000ec800000,0x00000000ecac4650,0x00000000ecc00000)
  to   space 4096K, 0% used [0x00000000ec400000,0x00000000ec400000,0x00000000ec800000)
 ParOldGen       total 68608K, used 7525K [0x00000000c0000000, 0x00000000c4300000, 0x00000000eab00000)
  object space 68608K, 10% used [0x00000000c0000000,0x00000000c0759700,0x00000000c4300000)
 Metaspace       used 25502K, committed 26176K, reserved 1073152K
  class space    used 2529K, committed 2816K, reserved 1048576K
}
Event: 6.888 GC heap before
{Heap before GC invocations=6 (full 1):
 PSYoungGen      total 29696K, used 28433K [0x00000000eab00000, 0x00000000ecc00000, 0x0000000100000000)
  eden space 25600K, 100% used [0x00000000eab00000,0x00000000ec400000,0x00000000ec400000)
  from space 4096K, 69% used [0x00000000ec800000,0x00000000ecac4650,0x00000000ecc00000)
  to   space 4096K, 0% used [0x00000000ec400000,0x00000000ec400000,0x00000000ec800000)
 ParOldGen       total 68608K, used 7525K [0x00000000c0000000, 0x00000000c4300000, 0x00000000eab00000)
  object space 68608K, 10% used [0x00000000c0000000,0x00000000c0759700,0x00000000c4300000)
 Metaspace       used 25715K, committed 26304K, reserved 1073152K
  class space    used 2549K, committed 2816K, reserved 1048576K
}
Event: 6.893 GC heap after
{Heap after GC invocations=6 (full 1):
 PSYoungGen      total 29184K, used 4065K [0x00000000eab00000, 0x00000000ece80000, 0x0000000100000000)
  eden space 25088K, 0% used [0x00000000eab00000,0x00000000eab00000,0x00000000ec380000)
  from space 4096K, 99% used [0x00000000ec400000,0x00000000ec7f8640,0x00000000ec800000)
  to   space 5632K, 0% used [0x00000000ec900000,0x00000000ec900000,0x00000000ece80000)
 ParOldGen       total 68608K, used 8637K [0x00000000c0000000, 0x00000000c4300000, 0x00000000eab00000)
  object space 68608K, 12% used [0x00000000c0000000,0x00000000c086f720,0x00000000c4300000)
 Metaspace       used 25715K, committed 26304K, reserved 1073152K
  class space    used 2549K, committed 2816K, reserved 1048576K
}
Event: 7.190 GC heap before
{Heap before GC invocations=7 (full 1):
 PSYoungGen      total 29184K, used 29153K [0x00000000eab00000, 0x00000000ece80000, 0x0000000100000000)
  eden space 25088K, 100% used [0x00000000eab00000,0x00000000ec380000,0x00000000ec380000)
  from space 4096K, 99% used [0x00000000ec400000,0x00000000ec7f8640,0x00000000ec800000)
  to   space 5632K, 0% used [0x00000000ec900000,0x00000000ec900000,0x00000000ece80000)
 ParOldGen       total 68608K, used 8637K [0x00000000c0000000, 0x00000000c4300000, 0x00000000eab00000)
  object space 68608K, 12% used [0x00000000c0000000,0x00000000c086f720,0x00000000c4300000)
 Metaspace       used 25770K, committed 26368K, reserved 1073152K
  class space    used 2561K, committed 2816K, reserved 1048576K
}
Event: 7.196 GC heap after
{Heap after GC invocations=7 (full 1):
 PSYoungGen      total 28672K, used 5611K [0x00000000eab00000, 0x00000000ed200000, 0x0000000100000000)
  eden space 23040K, 0% used [0x00000000eab00000,0x00000000eab00000,0x00000000ec180000)
  from space 5632K, 99% used [0x00000000ec900000,0x00000000ece7ad40,0x00000000ece80000)
  to   space 7680K, 0% used [0x00000000ec180000,0x00000000ec180000,0x00000000ec900000)
 ParOldGen       total 68608K, used 10091K [0x00000000c0000000, 0x00000000c4300000, 0x00000000eab00000)
  object space 68608K, 14% used [0x00000000c0000000,0x00000000c09daca0,0x00000000c4300000)
 Metaspace       used 25770K, committed 26368K, reserved 1073152K
  class space    used 2561K, committed 2816K, reserved 1048576K
}
Event: 7.458 GC heap before
{Heap before GC invocations=8 (full 1):
 PSYoungGen      total 28672K, used 28651K [0x00000000eab00000, 0x00000000ed200000, 0x0000000100000000)
  eden space 23040K, 100% used [0x00000000eab00000,0x00000000ec180000,0x00000000ec180000)
  from space 5632K, 99% used [0x00000000ec900000,0x00000000ece7ad40,0x00000000ece80000)
  to   space 7680K, 0% used [0x00000000ec180000,0x00000000ec180000,0x00000000ec900000)
 ParOldGen       total 68608K, used 10091K [0x00000000c0000000, 0x00000000c4300000, 0x00000000eab00000)
  object space 68608K, 14% used [0x00000000c0000000,0x00000000c09daca0,0x00000000c4300000)
 Metaspace       used 25771K, committed 26368K, reserved 1073152K
  class space    used 2561K, committed 2816K, reserved 1048576K
}
Event: 7.463 GC heap after
{Heap after GC invocations=8 (full 1):
 PSYoungGen      total 30208K, used 7662K [0x00000000eab00000, 0x00000000ed200000, 0x0000000100000000)
  eden space 22528K, 0% used [0x00000000eab00000,0x00000000eab00000,0x00000000ec100000)
  from space 7680K, 99% used [0x00000000ec180000,0x00000000ec8fbbc0,0x00000000ec900000)
  to   space 8704K, 0% used [0x00000000ec980000,0x00000000ec980000,0x00000000ed200000)
 ParOldGen       total 68608K, used 10611K [0x00000000c0000000, 0x00000000c4300000, 0x00000000eab00000)
  object space 68608K, 15% used [0x00000000c0000000,0x00000000c0a5cca0,0x00000000c4300000)
 Metaspace       used 25771K, committed 26368K, reserved 1073152K
  class space    used 2561K, committed 2816K, reserved 1048576K
}
Event: 7.724 GC heap before
{Heap before GC invocations=9 (full 1):
 PSYoungGen      total 30208K, used 30180K [0x00000000eab00000, 0x00000000ed200000, 0x0000000100000000)
  eden space 22528K, 99% used [0x00000000eab00000,0x00000000ec0fd738,0x00000000ec100000)
  from space 7680K, 99% used [0x00000000ec180000,0x00000000ec8fbbc0,0x00000000ec900000)
  to   space 8704K, 0% used [0x00000000ec980000,0x00000000ec980000,0x00000000ed200000)
 ParOldGen       total 68608K, used 10611K [0x00000000c0000000, 0x00000000c4300000, 0x00000000eab00000)
  object space 68608K, 15% used [0x00000000c0000000,0x00000000c0a5cca0,0x00000000c4300000)
 Metaspace       used 25877K, committed 26432K, reserved 1073152K
  class space    used 2567K, committed 2816K, reserved 1048576K
}
Event: 7.732 GC heap after
{Heap after GC invocations=9 (full 1):
 PSYoungGen      total 28672K, used 8672K [0x00000000eab00000, 0x00000000ed680000, 0x0000000100000000)
  eden space 19968K, 0% used [0x00000000eab00000,0x00000000eab00000,0x00000000ebe80000)
  from space 8704K, 99% used [0x00000000ec980000,0x00000000ed1f8010,0x00000000ed200000)
  to   space 11264K, 0% used [0x00000000ebe80000,0x00000000ebe80000,0x00000000ec980000)
 ParOldGen       total 68608K, used 12482K [0x00000000c0000000, 0x00000000c4300000, 0x00000000eab00000)
  object space 68608K, 18% used [0x00000000c0000000,0x00000000c0c30928,0x00000000c4300000)
 Metaspace       used 25877K, committed 26432K, reserved 1073152K
  class space    used 2567K, committed 2816K, reserved 1048576K
}
Event: 10.162 GC heap before
{Heap before GC invocations=10 (full 1):
 PSYoungGen      total 28672K, used 28640K [0x00000000eab00000, 0x00000000ed680000, 0x0000000100000000)
  eden space 19968K, 100% used [0x00000000eab00000,0x00000000ebe80000,0x00000000ebe80000)
  from space 8704K, 99% used [0x00000000ec980000,0x00000000ed1f8010,0x00000000ed200000)
  to   space 11264K, 0% used [0x00000000ebe80000,0x00000000ebe80000,0x00000000ec980000)
 ParOldGen       total 68608K, used 12482K [0x00000000c0000000, 0x00000000c4300000, 0x00000000eab00000)
  object space 68608K, 18% used [0x00000000c0000000,0x00000000c0c30928,0x00000000c4300000)
 Metaspace       used 31018K, committed 31616K, reserved 1081344K
  class space    used 3088K, committed 3328K, reserved 1048576K
}
Event: 10.171 GC heap after
{Heap after GC invocations=10 (full 1):
 PSYoungGen      total 27136K, used 6896K [0x00000000eab00000, 0x00000000ecf80000, 0x0000000100000000)
  eden space 19968K, 0% used [0x00000000eab00000,0x00000000eab00000,0x00000000ebe80000)
  from space 7168K, 96% used [0x00000000ebe80000,0x00000000ec53c240,0x00000000ec580000)
  to   space 8704K, 0% used [0x00000000ec700000,0x00000000ec700000,0x00000000ecf80000)
 ParOldGen       total 68608K, used 15983K [0x00000000c0000000, 0x00000000c4300000, 0x00000000eab00000)
  object space 68608K, 23% used [0x00000000c0000000,0x00000000c0f9bc80,0x00000000c4300000)
 Metaspace       used 31018K, committed 31616K, reserved 1081344K
  class space    used 3088K, committed 3328K, reserved 1048576K
}

Deoptimization events (20 events):
Event: 12.583 Thread 0x000001d7c01d23f0 DEOPT PACKING pc=0x000001d7b476df78 sp=0x0000006c0a9fe620
Event: 12.583 Thread 0x000001d7c01d23f0 DEOPT UNPACKING pc=0x000001d7acc220a3 sp=0x0000006c0a9fe568 mode 2
Event: 12.593 Thread 0x000001d7c01d23f0 Uncommon trap: trap_request=0xffffff45 fr.pc=0x000001d7b483dcd8 relative=0x00000000000001b8
Event: 12.593 Thread 0x000001d7c01d23f0 Uncommon trap: reason=unstable_if action=reinterpret pc=0x000001d7b483dcd8 method=org.eclipse.jdt.internal.compiler.parser.Scanner.scanIdentifierOrKeyword()I @ 27 c2
Event: 12.593 Thread 0x000001d7c01d23f0 DEOPT PACKING pc=0x000001d7b483dcd8 sp=0x0000006c0a9fe5b0
Event: 12.593 Thread 0x000001d7c01d23f0 DEOPT UNPACKING pc=0x000001d7acc220a3 sp=0x0000006c0a9fe530 mode 2
Event: 12.677 Thread 0x000001d7c01d23f0 Uncommon trap: trap_request=0xffffff45 fr.pc=0x000001d7b483a940 relative=0x00000000000000c0
Event: 12.677 Thread 0x000001d7c01d23f0 Uncommon trap: reason=unstable_if action=reinterpret pc=0x000001d7b483a940 method=java.util.Hashtable$Enumerator.nextElement()Ljava/lang/Object; @ 87 c2
Event: 12.677 Thread 0x000001d7c01d23f0 DEOPT PACKING pc=0x000001d7b483a940 sp=0x0000006c0a9fe980
Event: 12.677 Thread 0x000001d7c01d23f0 DEOPT UNPACKING pc=0x000001d7acc220a3 sp=0x0000006c0a9fe8a8 mode 2
Event: 12.705 Thread 0x000001d7c01d23f0 DEOPT PACKING pc=0x000001d7ad8cf2e1 sp=0x0000006c0a9fe4e0
Event: 12.705 Thread 0x000001d7c01d23f0 DEOPT UNPACKING pc=0x000001d7acc22843 sp=0x0000006c0a9fd9c8 mode 0
Event: 12.734 Thread 0x000001d7c01d23f0 DEOPT PACKING pc=0x000001d7ad8cf2e1 sp=0x0000006c0a9fe010
Event: 12.734 Thread 0x000001d7c01d23f0 DEOPT UNPACKING pc=0x000001d7acc22843 sp=0x0000006c0a9fd4f8 mode 0
Event: 12.735 Thread 0x000001d7c01d23f0 DEOPT PACKING pc=0x000001d7ad8cf2e1 sp=0x0000006c0a9fe180
Event: 12.735 Thread 0x000001d7c01d23f0 DEOPT UNPACKING pc=0x000001d7acc22843 sp=0x0000006c0a9fd668 mode 0
Event: 12.736 Thread 0x000001d7c01d23f0 DEOPT PACKING pc=0x000001d7ad8cf2e1 sp=0x0000006c0a9fe010
Event: 12.736 Thread 0x000001d7c01d23f0 DEOPT UNPACKING pc=0x000001d7acc22843 sp=0x0000006c0a9fd4f8 mode 0
Event: 12.737 Thread 0x000001d7c01d23f0 DEOPT PACKING pc=0x000001d7ad8cf2e1 sp=0x0000006c0a9fe180
Event: 12.737 Thread 0x000001d7c01d23f0 DEOPT UNPACKING pc=0x000001d7acc22843 sp=0x0000006c0a9fd668 mode 0

Classes unloaded (0 events):
No events

Classes redefined (0 events):
No events

Internal exceptions (20 events):
Event: 11.769 Thread 0x000001d7c01d23f0 Exception <a 'java/lang/ArrayIndexOutOfBoundsException'{0x00000000eb327da8}> (0x00000000eb327da8) 
thrown [t:\workspace\open\src\hotspot\share\runtime\sharedRuntime.cpp, line 628]
Event: 11.831 Thread 0x000001d7c01d23f0 Exception <a 'java/lang/ArrayIndexOutOfBoundsException'{0x00000000eb32ee90}> (0x00000000eb32ee90) 
thrown [t:\workspace\open\src\hotspot\share\runtime\sharedRuntime.cpp, line 628]
Event: 11.873 Thread 0x000001d7c01d23f0 Exception <a 'java/lang/ArrayIndexOutOfBoundsException'{0x00000000eb34ed18}> (0x00000000eb34ed18) 
thrown [t:\workspace\open\src\hotspot\share\runtime\sharedRuntime.cpp, line 628]
Event: 11.879 Thread 0x000001d7c01d23f0 Exception <a 'java/lang/ArrayIndexOutOfBoundsException'{0x00000000eb354240}> (0x00000000eb354240) 
thrown [t:\workspace\open\src\hotspot\share\runtime\sharedRuntime.cpp, line 628]
Event: 11.889 Thread 0x000001d7c01d23f0 Exception <a 'java/lang/NoSuchMethodError'{0x00000000eb360ad0}: 'java.lang.Object java.lang.invoke.DirectMethodHandle$Holder.newInvokeSpecial(java.lang.Object, java.lang.Object, java.lang.Object, int)'> (0x00000000eb360ad0) 
thrown [t:\workspace\open\src\hotspot\share\interpreter\linkResolver.cpp, line 766]
Event: 11.890 Thread 0x000001d7c01d23f0 Exception <a 'java/lang/NoSuchMethodError'{0x00000000eb364888}: 'java.lang.Object java.lang.invoke.DirectMethodHandle$Holder.invokeSpecial(java.lang.Object, java.lang.Object, java.lang.Object, java.lang.Object, int)'> (0x00000000eb364888) 
thrown [t:\workspace\open\src\hotspot\share\interpreter\linkResolver.cpp, line 766]
Event: 11.890 Thread 0x000001d7c01d23f0 Exception <a 'java/lang/NoSuchMethodError'{0x00000000eb368260}: 'java.lang.Object java.lang.invoke.Invokers$Holder.linkToTargetMethod(java.lang.Object, java.lang.Object, int, java.lang.Object)'> (0x00000000eb368260) 
thrown [t:\workspace\open\src\hotspot\share\interpreter\linkResolver.cpp, line 766]
Event: 12.718 Thread 0x000001d7c01d23f0 Exception <a 'java/lang/ArrayIndexOutOfBoundsException'{0x00000000eb99e138}> (0x00000000eb99e138) 
thrown [t:\workspace\open\src\hotspot\share\runtime\sharedRuntime.cpp, line 628]
Event: 12.733 Thread 0x000001d7c01d23f0 Exception <a 'java/lang/ArrayIndexOutOfBoundsException'{0x00000000eba10ca8}> (0x00000000eba10ca8) 
thrown [t:\workspace\open\src\hotspot\share\runtime\sharedRuntime.cpp, line 628]
Event: 12.734 Thread 0x000001d7c01d23f0 Exception <a 'java/lang/ArrayIndexOutOfBoundsException'{0x00000000eba1b9b0}> (0x00000000eba1b9b0) 
thrown [t:\workspace\open\src\hotspot\share\runtime\sharedRuntime.cpp, line 628]
Event: 12.735 Thread 0x000001d7c01d23f0 Exception <a 'java/lang/ArrayIndexOutOfBoundsException'{0x00000000eba26d98}> (0x00000000eba26d98) 
thrown [t:\workspace\open\src\hotspot\share\runtime\sharedRuntime.cpp, line 628]
Event: 12.735 Thread 0x000001d7c01d23f0 Exception <a 'java/lang/ArrayIndexOutOfBoundsException'{0x00000000eba309f8}> (0x00000000eba309f8) 
thrown [t:\workspace\open\src\hotspot\share\runtime\sharedRuntime.cpp, line 628]
Event: 12.735 Thread 0x000001d7c01d23f0 Exception <a 'java/lang/ArrayIndexOutOfBoundsException'{0x00000000eba3a650}> (0x00000000eba3a650) 
thrown [t:\workspace\open\src\hotspot\share\runtime\sharedRuntime.cpp, line 628]
Event: 12.735 Thread 0x000001d7c01d23f0 Exception <a 'java/lang/ArrayIndexOutOfBoundsException'{0x00000000eba44070}> (0x00000000eba44070) 
thrown [t:\workspace\open\src\hotspot\share\runtime\sharedRuntime.cpp, line 628]
Event: 12.736 Thread 0x000001d7c01d23f0 Exception <a 'java/lang/ArrayIndexOutOfBoundsException'{0x00000000eba4dcb8}> (0x00000000eba4dcb8) 
thrown [t:\workspace\open\src\hotspot\share\runtime\sharedRuntime.cpp, line 628]
Event: 12.737 Thread 0x000001d7c01d23f0 Exception <a 'java/lang/ArrayIndexOutOfBoundsException'{0x00000000eba576c0}> (0x00000000eba576c0) 
thrown [t:\workspace\open\src\hotspot\share\runtime\sharedRuntime.cpp, line 628]
Event: 12.737 Thread 0x000001d7c01d23f0 Exception <a 'java/lang/ArrayIndexOutOfBoundsException'{0x00000000eba613a0}> (0x00000000eba613a0) 
thrown [t:\workspace\open\src\hotspot\share\runtime\sharedRuntime.cpp, line 628]
Event: 12.737 Thread 0x000001d7c01d23f0 Exception <a 'java/lang/ArrayIndexOutOfBoundsException'{0x00000000eba6adb8}> (0x00000000eba6adb8) 
thrown [t:\workspace\open\src\hotspot\share\runtime\sharedRuntime.cpp, line 628]
Event: 12.856 Thread 0x000001d7c01d23f0 Exception <a 'java/lang/ArrayIndexOutOfBoundsException'{0x00000000ebb48c28}> (0x00000000ebb48c28) 
thrown [t:\workspace\open\src\hotspot\share\runtime\sharedRuntime.cpp, line 628]
Event: 12.871 Thread 0x000001d7c01d23f0 Exception <a 'java/lang/ArrayIndexOutOfBoundsException'{0x00000000ebb57e28}> (0x00000000ebb57e28) 
thrown [t:\workspace\open\src\hotspot\share\runtime\sharedRuntime.cpp, line 628]

VM Operations (20 events):
Event: 7.715 Executing VM operation: ParallelGCFailedAllocation
Event: 7.738 Executing VM operation: ParallelGCFailedAllocation done
Event: 8.498 Executing VM operation: HandshakeAllThreads
Event: 8.499 Executing VM operation: HandshakeAllThreads done
Event: 8.773 Executing VM operation: HandshakeAllThreads
Event: 8.773 Executing VM operation: HandshakeAllThreads done
Event: 8.773 Executing VM operation: Cleanup
Event: 8.773 Executing VM operation: Cleanup done
Event: 10.162 Executing VM operation: ParallelGCFailedAllocation
Event: 10.172 Executing VM operation: ParallelGCFailedAllocation done
Event: 10.315 Executing VM operation: HandshakeAllThreads
Event: 10.315 Executing VM operation: HandshakeAllThreads done
Event: 10.806 Executing VM operation: HandshakeAllThreads
Event: 10.982 Executing VM operation: HandshakeAllThreads done
Event: 11.280 Executing VM operation: HandshakeAllThreads
Event: 11.280 Executing VM operation: HandshakeAllThreads done
Event: 11.280 Executing VM operation: Cleanup
Event: 11.280 Executing VM operation: Cleanup done
Event: 12.692 Executing VM operation: ICBufferFull
Event: 12.692 Executing VM operation: ICBufferFull done

Events (20 events):
Event: 9.748 loading class java/io/PrintWriter done
Event: 9.758 loading class jdk/internal/reflect/UnsafeQualifiedStaticIntegerFieldAccessorImpl
Event: 9.758 loading class jdk/internal/reflect/UnsafeQualifiedStaticIntegerFieldAccessorImpl done
Event: 9.945 loading class java/util/stream/MatchOps$MatchKind
Event: 9.945 loading class java/util/stream/MatchOps$MatchKind done
Event: 9.945 loading class java/util/stream/MatchOps
Event: 9.945 loading class java/util/stream/MatchOps done
Event: 9.945 loading class java/util/stream/MatchOps$MatchOp
Event: 9.945 loading class java/util/stream/MatchOps$MatchOp done
Event: 9.945 loading class java/util/stream/MatchOps$BooleanTerminalSink
Event: 9.945 loading class java/util/stream/MatchOps$BooleanTerminalSink done
Event: 9.946 loading class java/util/stream/MatchOps$1MatchSink
Event: 9.946 loading class java/util/stream/MatchOps$1MatchSink done
Event: 10.184 loading class java/util/stream/ReduceOps$4
Event: 10.184 loading class java/util/stream/ReduceOps$4 done
Event: 10.184 loading class java/util/stream/ReduceOps$4ReducingSink
Event: 10.184 loading class java/util/stream/ReduceOps$4ReducingSink done
Event: 11.419 Thread 0x000001d7c01d10b0 Thread added: 0x000001d7c01d10b0
Event: 12.616 loading class java/util/AbstractList$ListItr
Event: 12.616 loading class java/util/AbstractList$ListItr done


Dynamic libraries:
0x00007ff67fb70000 - 0x00007ff67fb80000 	C:\Program Files\Java\jdk-17.0.1\bin\java.exe
0x00007ffcb2a30000 - 0x00007ffcb2c25000 	C:\Windows\SYSTEM32\ntdll.dll
0x00007ffcb17b0000 - 0x00007ffcb186d000 	C:\Windows\System32\KERNEL32.DLL
0x00007ffcb07c0000 - 0x00007ffcb0a88000 	C:\Windows\System32\KERNELBASE.dll
0x00007ffcb0690000 - 0x00007ffcb0790000 	C:\Windows\System32\ucrtbase.dll
0x00007ffc9bce0000 - 0x00007ffc9bcf8000 	C:\Program Files\Java\jdk-17.0.1\bin\jli.dll
0x00007ffcb12e0000 - 0x00007ffcb138c000 	C:\Windows\System32\ADVAPI32.dll
0x00007ffcb1390000 - 0x00007ffcb142e000 	C:\Windows\System32\msvcrt.dll
0x00007ffcb1240000 - 0x00007ffcb12db000 	C:\Windows\System32\sechost.dll
0x00007ffcb0b70000 - 0x00007ffcb0c9b000 	C:\Windows\System32\RPCRT4.dll
0x00007ffcb1430000 - 0x00007ffcb15d0000 	C:\Windows\System32\USER32.dll
0x00007ffcb0790000 - 0x00007ffcb07b2000 	C:\Windows\System32\win32u.dll
0x00007ffcb0da0000 - 0x00007ffcb0dca000 	C:\Windows\System32\GDI32.dll
0x00007ffcb0340000 - 0x00007ffcb044b000 	C:\Windows\System32\gdi32full.dll
0x00007ffcb0170000 - 0x00007ffcb020d000 	C:\Windows\System32\msvcp_win.dll
0x00007ffc99fa0000 - 0x00007ffc99fba000 	C:\Program Files\Java\jdk-17.0.1\bin\VCRUNTIME140.dll
0x00007ffc9ba40000 - 0x00007ffc9bcda000 	C:\Windows\WinSxS\amd64_microsoft.windows.common-controls_6595b64144ccf1df_6.0.19041.844_none_ca00b6081b84eb1d\COMCTL32.dll
0x00007ffcaa0f0000 - 0x00007ffcaa0fa000 	C:\Windows\SYSTEM32\VERSION.dll
0x00007ffcb0dd0000 - 0x00007ffcb0e00000 	C:\Windows\System32\IMM32.DLL
0x00007ffca7c90000 - 0x00007ffca7c9c000 	C:\Program Files\Java\jdk-17.0.1\bin\vcruntime140_1.dll
0x00007ffc81c70000 - 0x00007ffc81cfd000 	C:\Program Files\Java\jdk-17.0.1\bin\msvcp140.dll
0x00007ffc626a0000 - 0x00007ffc6325e000 	C:\Program Files\Java\jdk-17.0.1\bin\server\jvm.dll
0x00007ffcb2840000 - 0x00007ffcb2848000 	C:\Windows\System32\PSAPI.DLL
0x00007ffca7f60000 - 0x00007ffca7f69000 	C:\Windows\SYSTEM32\WSOCK32.dll
0x00007ffcb0d30000 - 0x00007ffcb0d9b000 	C:\Windows\System32\WS2_32.dll
0x00007ffc9eea0000 - 0x00007ffc9eec7000 	C:\Windows\SYSTEM32\WINMM.dll
0x00007ffcaec10000 - 0x00007ffcaec22000 	C:\Windows\SYSTEM32\kernel.appcore.dll
0x00007ffca59b0000 - 0x00007ffca59ba000 	C:\Program Files\Java\jdk-17.0.1\bin\jimage.dll
0x00007ffcae160000 - 0x00007ffcae344000 	C:\Windows\SYSTEM32\DBGHELP.DLL
0x00007ffc98e20000 - 0x00007ffc98e4c000 	C:\Windows\SYSTEM32\dbgcore.DLL
0x00007ffcb0210000 - 0x00007ffcb0290000 	C:\Windows\System32\bcryptPrimitives.dll
0x00007ffc92a60000 - 0x00007ffc92a85000 	C:\Program Files\Java\jdk-17.0.1\bin\java.dll
0x00007ffc7fe00000 - 0x00007ffc7fed6000 	C:\Program Files\Java\jdk-17.0.1\bin\svml.dll
0x00007ffcb1ad0000 - 0x00007ffcb2212000 	C:\Windows\System32\SHELL32.dll
0x00007ffcae460000 - 0x00007ffcaebf1000 	C:\Windows\SYSTEM32\windows.storage.dll
0x00007ffcb0e60000 - 0x00007ffcb11b5000 	C:\Windows\System32\combase.dll
0x00007ffcafb10000 - 0x00007ffcafb3c000 	C:\Windows\SYSTEM32\Wldp.dll
0x00007ffcb15e0000 - 0x00007ffcb168e000 	C:\Windows\System32\SHCORE.dll
0x00007ffcb0b10000 - 0x00007ffcb0b65000 	C:\Windows\System32\shlwapi.dll
0x00007ffcb00b0000 - 0x00007ffcb00cf000 	C:\Windows\SYSTEM32\profapi.dll
0x00007ffc940f0000 - 0x00007ffc94109000 	C:\Program Files\Java\jdk-17.0.1\bin\net.dll
0x00007ffca0e30000 - 0x00007ffca0f3b000 	C:\Windows\SYSTEM32\WINHTTP.dll
0x00007ffcaf880000 - 0x00007ffcaf8ea000 	C:\Windows\system32\mswsock.dll
0x00007ffc93d70000 - 0x00007ffc93d85000 	C:\Program Files\Java\jdk-17.0.1\bin\nio.dll
0x00007ffc93820000 - 0x00007ffc93838000 	C:\Program Files\Java\jdk-17.0.1\bin\zip.dll
0x00007ffcafa50000 - 0x00007ffcafa68000 	C:\Windows\SYSTEM32\CRYPTSP.dll
0x00007ffcaf3d0000 - 0x00007ffcaf404000 	C:\Windows\system32\rsaenh.dll
0x00007ffcb0450000 - 0x00007ffcb0477000 	C:\Windows\System32\bcrypt.dll
0x00007ffcb0030000 - 0x00007ffcb005e000 	C:\Windows\SYSTEM32\USERENV.dll
0x00007ffcafa70000 - 0x00007ffcafa7c000 	C:\Windows\SYSTEM32\CRYPTBASE.dll
0x00007ffcaf570000 - 0x00007ffcaf5ab000 	C:\Windows\SYSTEM32\IPHLPAPI.DLL
0x00007ffcb28b0000 - 0x00007ffcb28b8000 	C:\Windows\System32\NSI.dll
0x00007ffca9fe0000 - 0x00007ffca9ff7000 	C:\Windows\SYSTEM32\dhcpcsvc6.DLL
0x00007ffca9fc0000 - 0x00007ffca9fdd000 	C:\Windows\SYSTEM32\dhcpcsvc.DLL
0x00007ffcaf5b0000 - 0x00007ffcaf67c000 	C:\Windows\SYSTEM32\DNSAPI.dll
0x00007ffc86190000 - 0x00007ffc861ce000 	C:\Users\Nguyen Ngoc Thien\AppData\Roaming\Code\User\globalStorage\redhat.java\1.0.0\config_ss_win\org.eclipse.equinox.launcher\org.eclipse.equinox.launcher.win32.win32.x86_64_1.2.400.v20210928-1041\eclipse_11600.dll
0x00007ffcb28c0000 - 0x00007ffcb29ea000 	C:\Windows\System32\ole32.dll
0x00007ffc9c050000 - 0x00007ffc9c060000 	C:\Program Files\Java\jdk-17.0.1\bin\verify.dll
0x00007ffc5ebb0000 - 0x00007ffc5ebc1000 	C:\Users\Nguyen Ngoc Thien\AppData\Roaming\Code\User\globalStorage\redhat.java\1.0.0\config_ss_win\org.eclipse.osgi\16\0\.cp\jWinHttp-1.0.0.dll

dbghelp: loaded successfully - version: 4.0.5 - missing functions: none
symbol engine: initialized successfully - sym options: 0x614 - pdb path: .;C:\Program Files\Java\jdk-17.0.1\bin;C:\Windows\SYSTEM32;C:\Windows\WinSxS\amd64_microsoft.windows.common-controls_6595b64144ccf1df_6.0.19041.844_none_ca00b6081b84eb1d;C:\Program Files\Java\jdk-17.0.1\bin\server;C:\Users\Nguyen Ngoc Thien\AppData\Roaming\Code\User\globalStorage\redhat.java\1.0.0\config_ss_win\org.eclipse.equinox.launcher\org.eclipse.equinox.launcher.win32.win32.x86_64_1.2.400.v20210928-1041;C:\Users\Nguyen Ngoc Thien\AppData\Roaming\Code\User\globalStorage\redhat.java\1.0.0\config_ss_win\org.eclipse.osgi\16\0\.cp

VM Arguments:
jvm_args: --add-modules=ALL-SYSTEM --add-opens=java.base/java.util=ALL-UNNAMED --add-opens=java.base/java.lang=ALL-UNNAMED -Declipse.application=org.eclipse.jdt.ls.core.id1 -Dosgi.bundles.defaultStartLevel=4 -Declipse.product=org.eclipse.jdt.ls.core.product -Dfile.encoding=utf8 -DwatchParentProcess=false -XX:+UseParallelGC -XX:GCTimeRatio=4 -XX:AdaptiveSizePolicyWeight=90 -Dsun.zip.disableMemoryMapping=true -Xmx1G -Xms100m 
java_command: c:\Users\Nguyen Ngoc Thien\.vscode\extensions\redhat.java-1.0.0\server\plugins\org.eclipse.equinox.launcher_1.6.400.v20210924-0641.jar -configuration c:\Users\Nguyen Ngoc Thien\AppData\Roaming\Code\User\globalStorage\redhat.java\1.0.0\config_ss_win -data c:\Users\Nguyen Ngoc Thien\AppData\Roaming\Code\User\workspaceStorage\6901d5d9c1c1bcdad87bbc9e0c1d31dd\redhat.java\ss_ws
java_class_path (initial): c:\Users\Nguyen Ngoc Thien\.vscode\extensions\redhat.java-1.0.0\server\plugins\org.eclipse.equinox.launcher_1.6.400.v20210924-0641.jar
Launcher Type: SUN_STANDARD

[Global flags]
    uintx AdaptiveSizePolicyWeight                 = 90                                        {product} {command line}
     intx CICompilerCount                          = 3                                         {product} {ergonomic}
    uintx GCTimeRatio                              = 4                                         {product} {command line}
   size_t InitialHeapSize                          = 104857600                                 {product} {command line}
   size_t MaxHeapSize                              = 1073741824                                {product} {command line}
   size_t MaxNewSize                               = 357564416                                 {product} {ergonomic}
   size_t MinHeapDeltaBytes                        = 524288                                    {product} {ergonomic}
   size_t MinHeapSize                              = 104857600                                 {product} {command line}
   size_t NewSize                                  = 34603008                                  {product} {ergonomic}
    uintx NonNMethodCodeHeapSize                   = 5832780                                {pd product} {ergonomic}
    uintx NonProfiledCodeHeapSize                  = 122912730                              {pd product} {ergonomic}
   size_t OldSize                                  = 70254592                                  {product} {ergonomic}
    uintx ProfiledCodeHeapSize                     = 122912730                              {pd product} {ergonomic}
    uintx ReservedCodeCacheSize                    = 251658240                              {pd product} {ergonomic}
     bool SegmentedCodeCache                       = true                                      {product} {ergonomic}
   size_t SoftMaxHeapSize                          = 1073741824                             {manageable} {ergonomic}
     bool UseCompressedClassPointers               = true                           {product lp64_product} {ergonomic}
     bool UseCompressedOops                        = true                           {product lp64_product} {ergonomic}
     bool UseLargePagesIndividualAllocation        = false                                  {pd product} {ergonomic}
     bool UseParallelGC                            = true                                      {product} {command line}

Logging:
Log output configuration:
 #0: stdout all=warning uptime,level,tags
 #1: stderr all=off uptime,level,tags

Environment Variables:
PATH=C:\Program Files\Common Files\Oracle\Java\javapath;C:\Program Files (x86)\Common Files\Oracle\Java\javapath;C:\Windows\system32;C:\Windows;C:\Windows\System32\Wbem;C:\Windows\System32\WindowsPowerShell\v1.0\;C:\Windows\System32\OpenSSH\;C:\Program Files\Git\cmd;C:\Program Files\nodejs\;C:\Program Files\PowerShell\7-preview\preview;C:\ProgramData\chocolatey\bin;C:\tools\winfetch;C:\ProgramData\chocolatey\lib\gsudo\bin\;C:\Program Files\dotnet\;C:\Users\Nguyen Ngoc Thien\AppData\Local\Programs\Python\Python310\Scripts\;C:\Users\Nguyen Ngoc Thien\AppData\Local\Programs\Python\Python310\;C:\Users\Nguyen Ngoc Thien\AppData\Local\Microsoft\WindowsApps;C:\Users\Nguyen Ngoc Thien\AppData\Local\GitHubDesktop\bin;C:\Users\Nguyen Ngoc Thien\AppData\Local\Programs\Microsoft VS Code\bin;C:\Program Files\JetBrains\IntelliJ IDEA 2021.2.3\bin;;C:\Program Files\JetBrains\PyCharm 2021.2.3\bin;;C:\Program Files\JetBrains\WebStorm 2021.2.3\bin;;C:\Users\Nguyen Ngoc Thien\AppData\Roaming\npm;C:\Program Files\Neovim\bin;C:\Users\Nguyen Ngoc Thien\.dotnet\tools
USERNAME=Nguyen Ngoc Thien
OS=Windows_NT
PROCESSOR_IDENTIFIER=Intel64 Family 6 Model 78 Stepping 3, GenuineIntel



---------------  S Y S T E M  ---------------

OS:
 Windows 10 , 64 bit Build 19041 (10.0.19041.804)
OS uptime: 0 days 4:47 hours

CPU: total 4 (initial active 4) (2 cores per cpu, 2 threads per core) family 6 model 78 stepping 3 microcode 0xea, cx8, cmov, fxsr, ht, mmx, 3dnowpref, sse, sse2, sse3, ssse3, sse4.1, sse4.2, popcnt, lzcnt, tsc, tscinvbit, avx, avx2, aes, erms, clmul, bmi1, bmi2, rtm, adx, fma, vzeroupper, clflush, clflushopt

Memory: 4k page, system-wide physical 8083M (147M free)
TotalPageFile size 8083M (AvailPageFile size 3M)
current process WorkingSet (physical memory assigned to process): 168M, peak: 171M
current process commit charge ("private bytes"): 257M, peak: 260M

vm_info: Java HotSpot(TM) 64-Bit Server VM (17.0.1+12-LTS-39) for windows-amd64 JRE (17.0.1+12-LTS-39), built on Sep 27 2021 18:41:35 by "mach5one" with MS VC++ 16.8 (VS2019)

END.
