#
# There is insufficient memory for the Java Runtime Environment to continue.
# Native memory allocation (mmap) failed to map 65536 bytes for Failed to commit metaspace.
# Possible reasons:
#   The system is out of physical RAM or swap space
#   The process is running with CompressedOops enabled, and the Java Heap may be blocking the growth of the native heap
# Possible solutions:
#   Reduce memory load on the system
#   Increase physical memory or swap space
#   Check if swap backing store is full
#   Decrease Java heap size (-Xmx/-Xms)
#   Decrease number of Java threads
#   Decrease Java thread stack sizes (-Xss)
#   Set larger code cache with -XX:ReservedCodeCacheSize=
#   JVM is running with Unscaled Compressed Oops mode in which the Java heap is
#     placed in the first 4GB address space. The Java Heap base address is the
#     maximum limit for the native heap growth. Please use -XX:HeapBaseMinAddress
#     to set the Java Heap base and to place the Java Heap above 4GB virtual address.
# This output file may be truncated or incomplete.
#
#  Out of Memory Error (virtualSpaceNode.cpp:110), pid=8108, tid=7172
#
# JRE version: Java(TM) SE Runtime Environment (17.0.1+12) (build 17.0.1+12-LTS-39)
# Java VM: Java HotSpot(TM) 64-Bit Server VM (17.0.1+12-LTS-39, mixed mode, sharing, tiered, compressed oops, compressed class ptrs, parallel gc, windows-amd64)
# No core dump will be written. Minidumps are not enabled by default on client versions of Windows
#

---------------  S U M M A R Y ------------

Command Line: --add-modules=ALL-SYSTEM --add-opens=java.base/java.util=ALL-UNNAMED --add-opens=java.base/java.lang=ALL-UNNAMED -Declipse.application=org.eclipse.jdt.ls.core.id1 -Dosgi.bundles.defaultStartLevel=4 -Declipse.product=org.eclipse.jdt.ls.core.product -Dfile.encoding=utf8 -DwatchParentProcess=false -XX:+UseParallelGC -XX:GCTimeRatio=4 -XX:AdaptiveSizePolicyWeight=90 -Dsun.zip.disableMemoryMapping=true -Xmx1G -Xms100m c:\Users\Nguyen Ngoc Thien\.vscode\extensions\redhat.java-1.0.0\server\plugins\org.eclipse.equinox.launcher_1.6.400.v20210924-0641.jar -configuration c:\Users\Nguyen Ngoc Thien\AppData\Roaming\Code\User\globalStorage\redhat.java\1.0.0\config_win -data c:\Users\Nguyen Ngoc Thien\AppData\Roaming\Code\User\workspaceStorage\6901d5d9c1c1bcdad87bbc9e0c1d31dd\redhat.java\jdt_ws

Host: Intel(R) Core(TM) i5-6300U CPU @ 2.40GHz, 4 cores, 7G,  Windows 10 , 64 bit Build 19041 (10.0.19041.804)
Time: Fri Nov  5 15:18:05 2021 Pacific Daylight Time elapsed time: 6.076960 seconds (0d 0h 0m 6s)

---------------  T H R E A D  ---------------

Current thread (0x000002509df6e520):  JavaThread "main" [_thread_in_vm, id=7172, stack(0x000000c664900000,0x000000c664a00000)]

Stack: [0x000000c664900000,0x000000c664a00000]
Native frames: (J=compiled Java code, j=interpreted, Vv=VM code, C=native code)
V  [jvm.dll+0x66fa1a]
V  [jvm.dll+0x7ce5a4]
V  [jvm.dll+0x7cfd4e]
V  [jvm.dll+0x7d03b3]
V  [jvm.dll+0x242b05]
V  [jvm.dll+0x7ca54b]
V  [jvm.dll+0x615b76]
V  [jvm.dll+0x1be19e]
V  [jvm.dll+0x6184b1]
V  [jvm.dll+0x616516]
V  [jvm.dll+0x620187]
V  [jvm.dll+0x1e7dcb]
V  [jvm.dll+0x1e8305]
V  [jvm.dll+0x1e8d3f]
V  [jvm.dll+0x1de1f1]
V  [jvm.dll+0x537690]
V  [jvm.dll+0x7496c8]
V  [jvm.dll+0x7497b4]
V  [jvm.dll+0x408995]
V  [jvm.dll+0x40e9e8]
C  [java.dll+0x17ec]

Java frames: (J=compiled Java code, j=interpreted, Vv=VM code)
J 1126  java.lang.ClassLoader.defineClass1(Ljava/lang/ClassLoader;Ljava/lang/String;[BIILjava/security/ProtectionDomain;Ljava/lang/String;)Ljava/lang/Class; java.base@17.0.1 (0 bytes) @ 0x00000250aeaa0563 [0x00000250aeaa04a0+0x00000000000000c3]
J 1532 c1 java.lang.ClassLoader.defineClass(Ljava/lang/String;[BIILjava/security/ProtectionDomain;)Ljava/lang/Class; java.base@17.0.1 (43 bytes) @ 0x00000250a77e24dc [0x00000250a77e2180+0x000000000000035c]
J 2217 c1 org.eclipse.osgi.internal.loader.ModuleClassLoader.defineClass(Ljava/lang/String;[BLorg/eclipse/osgi/internal/loader/classpath/ClasspathEntry;)Lorg/eclipse/osgi/internal/loader/ModuleClassLoader$DefineClassResult; (138 bytes) @ 0x00000250a79ac91c [0x00000250a79ac6c0+0x000000000000025c]
J 2148 c1 org.eclipse.osgi.internal.loader.classpath.ClasspathManager.defineClass(Ljava/lang/String;[BLorg/eclipse/osgi/internal/loader/classpath/ClasspathEntry;Lorg/eclipse/osgi/storage/bundlefile/BundleEntry;Ljava/util/List;)Ljava/lang/Class; (636 bytes) @ 0x00000250a797f2dc [0x00000250a797d7e0+0x0000000000001afc]
J 1595 c1 org.eclipse.osgi.internal.loader.classpath.ClasspathManager.findClassImpl(Ljava/lang/String;Lorg/eclipse/osgi/internal/loader/classpath/ClasspathEntry;Ljava/util/List;)Ljava/lang/Class; (308 bytes) @ 0x00000250a781966c [0x00000250a7816840+0x0000000000002e2c]
J 2134 c1 org.eclipse.osgi.internal.loader.classpath.ClasspathManager.findLocalClassImpl(Ljava/lang/String;[Lorg/eclipse/osgi/internal/loader/classpath/ClasspathEntry;Ljava/util/List;)Ljava/lang/Class; (55 bytes) @ 0x00000250a7979b4c [0x00000250a79799c0+0x000000000000018c]
J 1594 c1 org.eclipse.osgi.internal.loader.classpath.ClasspathManager.findLocalClassImpl(Ljava/lang/String;Ljava/util/List;)Ljava/lang/Class; (139 bytes) @ 0x00000250a7815804 [0x00000250a78152c0+0x0000000000000544]
J 2037 c1 org.eclipse.osgi.internal.loader.classpath.ClasspathManager.findLocalClass(Ljava/lang/String;)Ljava/lang/Class; (210 bytes) @ 0x00000250a793a23c [0x00000250a7939520+0x0000000000000d1c]
J 1569 c1 org.eclipse.osgi.internal.loader.BundleLoader.findLocalClass(Ljava/lang/String;)Ljava/lang/Class; (152 bytes) @ 0x00000250a7800d0c [0x00000250a78004a0+0x000000000000086c]
J 1533 c1 org.eclipse.osgi.internal.loader.BundleLoader.findClass(Ljava/lang/String;)Ljava/lang/Class; (531 bytes) @ 0x00000250a77e644c [0x00000250a77e37a0+0x0000000000002cac]
J 1495 c1 org.eclipse.osgi.internal.loader.ModuleClassLoader.loadClass(Ljava/lang/String;Z)Ljava/lang/Class; (119 bytes) @ 0x00000250a77cbf3c [0x00000250a77cb780+0x00000000000007bc]
J 2618 c2 java.lang.ClassLoader.loadClass(Ljava/lang/String;)Ljava/lang/Class; java.base@17.0.1 (7 bytes) @ 0x00000250aeb2b740 [0x00000250aeb2b700+0x0000000000000040]
v  ~StubRoutines::call_stub
j  org.eclipse.jdt.internal.launching.LaunchingPlugin.start(Lorg/osgi/framework/BundleContext;)V+108
j  org.eclipse.osgi.internal.framework.BundleContextImpl.lambda$2(Lorg/osgi/framework/BundleActivator;)Ljava/lang/Void;+11
j  org.eclipse.osgi.internal.framework.BundleContextImpl$$Lambda$76+0x0000000800c95320.run()Ljava/lang/Object;+8
J 1104 c1 java.security.AccessController.executePrivileged(Ljava/security/PrivilegedExceptionAction;Ljava/security/AccessControlContext;Ljava/lang/Class;)Ljava/lang/Object; java.base@17.0.1 (65 bytes) @ 0x00000250a76dfd3c [0x00000250a76dfbe0+0x000000000000015c]
j  java.security.AccessController.doPrivileged(Ljava/security/PrivilegedExceptionAction;)Ljava/lang/Object;+9 java.base@17.0.1
j  org.eclipse.osgi.internal.framework.BundleContextImpl.startActivator(Lorg/osgi/framework/BundleActivator;)V+7
j  org.eclipse.osgi.internal.framework.BundleContextImpl.start()V+134
j  org.eclipse.osgi.internal.framework.EquinoxBundle.startWorker0()V+35
j  org.eclipse.osgi.internal.framework.EquinoxBundle$EquinoxModule.startWorker()V+4
j  org.eclipse.osgi.container.Module.doStart([Lorg/eclipse/osgi/container/Module$StartOptions;)Lorg/eclipse/osgi/container/ModuleContainerAdaptor$ModuleEvent;+190
J 2197 c1 org.eclipse.osgi.container.Module.start([Lorg/eclipse/osgi/container/Module$StartOptions;)V (655 bytes) @ 0x00000250a79a3e34 [0x00000250a79a19e0+0x0000000000002454]
J 2240 c1 org.eclipse.osgi.framework.util.SecureAction.start(Lorg/eclipse/osgi/container/Module;[Lorg/eclipse/osgi/container/Module$StartOptions;)V (58 bytes) @ 0x00000250a79b930c [0x00000250a79b8de0+0x000000000000052c]
J 1571 c1 org.eclipse.osgi.internal.hooks.EclipseLazyStarter.postFindLocalClass(Ljava/lang/String;Ljava/lang/Class;Lorg/eclipse/osgi/internal/loader/classpath/ClasspathManager;)V (394 bytes) @ 0x00000250a78051ec [0x00000250a78041e0+0x000000000000100c]
J 2037 c1 org.eclipse.osgi.internal.loader.classpath.ClasspathManager.findLocalClass(Ljava/lang/String;)Ljava/lang/Class; (210 bytes) @ 0x00000250a793a58c [0x00000250a7939520+0x000000000000106c]
J 1569 c1 org.eclipse.osgi.internal.loader.BundleLoader.findLocalClass(Ljava/lang/String;)Ljava/lang/Class; (152 bytes) @ 0x00000250a7800d0c [0x00000250a78004a0+0x000000000000086c]
J 2193 c1 org.eclipse.osgi.internal.loader.sources.SingleSourcePackage.loadClass(Ljava/lang/String;)Ljava/lang/Class; (9 bytes) @ 0x00000250a799fe44 [0x00000250a799fd40+0x0000000000000104]
J 1533 c1 org.eclipse.osgi.internal.loader.BundleLoader.findClass(Ljava/lang/String;)Ljava/lang/Class; (531 bytes) @ 0x00000250a77e634c [0x00000250a77e37a0+0x0000000000002bac]
J 1495 c1 org.eclipse.osgi.internal.loader.ModuleClassLoader.loadClass(Ljava/lang/String;Z)Ljava/lang/Class; (119 bytes) @ 0x00000250a77cbf3c [0x00000250a77cb780+0x00000000000007bc]
J 660 c1 java.lang.ClassLoader.loadClass(Ljava/lang/String;)Ljava/lang/Class; java.base@17.0.1 (7 bytes) @ 0x00000250a761d8cc [0x00000250a761d7c0+0x000000000000010c]
v  ~StubRoutines::call_stub
j  org.eclipse.jdt.ls.core.internal.JavaLanguageServerPlugin.startConnection()V+37
j  org.eclipse.jdt.ls.core.internal.JavaLanguageServerPlugin.startLanguageServer(Lorg/eclipse/jdt/ls/core/internal/LanguageServer;)V+16
j  org.eclipse.jdt.ls.core.internal.LanguageServer.start(Lorg/eclipse/equinox/app/IApplicationContext;)Ljava/lang/Object;+1
j  org.eclipse.equinox.internal.app.EclipseAppHandle.run(Ljava/lang/Object;)Ljava/lang/Object;+138
j  org.eclipse.core.runtime.internal.adaptor.EclipseAppLauncher.runApplication(Ljava/lang/Object;)Ljava/lang/Object;+85
j  org.eclipse.core.runtime.internal.adaptor.EclipseAppLauncher.start(Ljava/lang/Object;)Ljava/lang/Object;+79
j  org.eclipse.core.runtime.adaptor.EclipseStarter.run(Ljava/lang/Object;)Ljava/lang/Object;+99
j  org.eclipse.core.runtime.adaptor.EclipseStarter.run([Ljava/lang/String;Ljava/lang/Runnable;)Ljava/lang/Object;+132
v  ~StubRoutines::call_stub
j  jdk.internal.reflect.NativeMethodAccessorImpl.invoke0(Ljava/lang/reflect/Method;Ljava/lang/Object;[Ljava/lang/Object;)Ljava/lang/Object;+0 java.base@17.0.1
j  jdk.internal.reflect.NativeMethodAccessorImpl.invoke(Ljava/lang/Object;[Ljava/lang/Object;)Ljava/lang/Object;+133 java.base@17.0.1
j  jdk.internal.reflect.DelegatingMethodAccessorImpl.invoke(Ljava/lang/Object;[Ljava/lang/Object;)Ljava/lang/Object;+6 java.base@17.0.1
j  java.lang.reflect.Method.invoke(Ljava/lang/Object;[Ljava/lang/Object;)Ljava/lang/Object;+59 java.base@17.0.1
j  org.eclipse.equinox.launcher.Main.invokeFramework([Ljava/lang/String;[Ljava/net/URL;)V+201
j  org.eclipse.equinox.launcher.Main.basicRun([Ljava/lang/String;)V+159
j  org.eclipse.equinox.launcher.Main.run([Ljava/lang/String;)I+4
j  org.eclipse.equinox.launcher.Main.main([Ljava/lang/String;)V+10
v  ~StubRoutines::call_stub

---------------  P R O C E S S  ---------------

Threads class SMR info:
_java_thread_list=0x00000250bb850b90, length=23, elements={
0x000002509df6e520, 0x000002509e0472c0, 0x000002509e047d80, 0x00000250b8815510,
0x00000250b8815fd0, 0x00000250b8816a90, 0x00000250b8819460, 0x00000250b881a100,
0x00000250b881aab0, 0x00000250b8892530, 0x00000250ba432080, 0x00000250ba528ca0,
0x00000250bacf7be0, 0x00000250ba9901b0, 0x00000250ba990e10, 0x00000250bb0562b0,
0x00000250baa54060, 0x00000250bad2c250, 0x00000250bb3b93a0, 0x00000250bb4c6270,
0x00000250bb4c9760, 0x00000250bb4c9c30, 0x00000250bb5e1ea0
}

Java Threads: ( => current thread )
=>0x000002509df6e520 JavaThread "main" [_thread_in_vm, id=7172, stack(0x000000c664900000,0x000000c664a00000)]
  0x000002509e0472c0 JavaThread "Reference Handler" daemon [_thread_blocked, id=7852, stack(0x000000c664c00000,0x000000c664d00000)]
  0x000002509e047d80 JavaThread "Finalizer" daemon [_thread_blocked, id=8032, stack(0x000000c664d00000,0x000000c664e00000)]
  0x00000250b8815510 JavaThread "Signal Dispatcher" daemon [_thread_blocked, id=7356, stack(0x000000c664e00000,0x000000c664f00000)]
  0x00000250b8815fd0 JavaThread "Attach Listener" daemon [_thread_blocked, id=5064, stack(0x000000c664f00000,0x000000c665000000)]
  0x00000250b8816a90 JavaThread "Service Thread" daemon [_thread_blocked, id=9016, stack(0x000000c665000000,0x000000c665100000)]
  0x00000250b8819460 JavaThread "Monitor Deflation Thread" daemon [_thread_blocked, id=9128, stack(0x000000c665100000,0x000000c665200000)]
  0x00000250b881a100 JavaThread "C2 CompilerThread0" daemon [_thread_blocked, id=804, stack(0x000000c665200000,0x000000c665300000)]
  0x00000250b881aab0 JavaThread "C1 CompilerThread0" daemon [_thread_blocked, id=9056, stack(0x000000c665300000,0x000000c665400000)]
  0x00000250b8892530 JavaThread "Sweeper thread" daemon [_thread_blocked, id=7652, stack(0x000000c665400000,0x000000c665500000)]
  0x00000250ba432080 JavaThread "Common-Cleaner" daemon [_thread_blocked, id=6568, stack(0x000000c665500000,0x000000c665600000)]
  0x00000250ba528ca0 JavaThread "Notification Thread" daemon [_thread_blocked, id=8544, stack(0x000000c665600000,0x000000c665700000)]
  0x00000250bacf7be0 JavaThread "Active Thread: Equinox Container: 999d0600-8477-4df7-8a15-b05876c1353f" [_thread_blocked, id=7756, stack(0x000000c665900000,0x000000c665a00000)]
  0x00000250ba9901b0 JavaThread "Framework Event Dispatcher: Equinox Container: 999d0600-8477-4df7-8a15-b05876c1353f" daemon [_thread_blocked, id=5040, stack(0x000000c665800000,0x000000c665900000)]
  0x00000250ba990e10 JavaThread "Start Level: Equinox Container: 999d0600-8477-4df7-8a15-b05876c1353f" daemon [_thread_blocked, id=5840, stack(0x000000c665a00000,0x000000c665b00000)]
  0x00000250bb0562b0 JavaThread "SCR Component Actor" daemon [_thread_blocked, id=7468, stack(0x000000c665e00000,0x000000c665f00000)]
  0x00000250baa54060 JavaThread "Timer-0" [_thread_blocked, id=1280, stack(0x000000c665f00000,0x000000c666000000)]
  0x00000250bad2c250 JavaThread "Bundle File Closer" daemon [_thread_blocked, id=1488, stack(0x000000c666100000,0x000000c666200000)]
  0x00000250bb3b93a0 JavaThread "Worker-JM" [_thread_blocked, id=7216, stack(0x000000c666000000,0x000000c666100000)]
  0x00000250bb4c6270 JavaThread "Worker-0" [_thread_blocked, id=8704, stack(0x000000c666200000,0x000000c666300000)]
  0x00000250bb4c9760 JavaThread "Worker-1" [_thread_blocked, id=5824, stack(0x000000c666300000,0x000000c666400000)]
  0x00000250bb4c9c30 JavaThread "Java indexing" daemon [_thread_blocked, id=7528, stack(0x000000c666400000,0x000000c666500000)]
  0x00000250bb5e1ea0 JavaThread "C2 CompilerThread1" daemon [_thread_blocked, id=8904, stack(0x000000c666500000,0x000000c666600000)]

Other Threads:
  0x00000250b8806430 VMThread "VM Thread" [stack: 0x000000c664b00000,0x000000c664c00000] [id=9068]
  0x00000250ba52b690 WatcherThread [stack: 0x000000c665700000,0x000000c665800000] [id=5616]
  0x000002509df852f0 GCTaskThread "GC Thread#0" [stack: 0x000000c664a00000,0x000000c664b00000] [id=1096]
  0x00000250ba8587b0 GCTaskThread "GC Thread#1" [stack: 0x000000c665b00000,0x000000c665c00000] [id=2576]
  0x00000250ba93d1e0 GCTaskThread "GC Thread#2" [stack: 0x000000c665c00000,0x000000c665d00000] [id=6008]
  0x00000250ba924e80 GCTaskThread "GC Thread#3" [stack: 0x000000c665d00000,0x000000c665e00000] [id=5836]

Threads with active compile tasks:

VM state: not at safepoint (normal execution)

VM Mutex/Monitor currently owned by a thread:  ([mutex/lock_event])
[0x000002509df699c0] Metaspace_lock - owner thread: 0x000002509df6e520

Heap address: 0x00000000c0000000, size: 1024 MB, Compressed Oops mode: 32-bit

CDS archive(s) mapped at: [0x0000000800000000-0x0000000800bc0000-0x0000000800bc0000), size 12320768, SharedBaseAddress: 0x0000000800000000, ArchiveRelocationMode: 0.
Compressed class space mapped at: 0x0000000800c00000-0x0000000840c00000, reserved size: 1073741824
Narrow klass base: 0x0000000800000000, Narrow klass shift: 0, Narrow klass range: 0x100000000

GC Precious Log:
 CPUs: 4 total, 4 available
 Memory: 8083M
 Large Page Support: Disabled
 NUMA Support: Disabled
 Compressed Oops: Enabled (32-bit)
 Alignments: Space 512K, Generation 512K, Heap 2M
 Heap Min Capacity: 100M
 Heap Initial Capacity: 100M
 Heap Max Capacity: 1G
 Pre-touch: Disabled
 Parallel Workers: 4

Heap:
 PSYoungGen      total 29696K, used 9024K [0x00000000eab00000, 0x00000000ecc00000, 0x0000000100000000)
  eden space 25600K, 35% used [0x00000000eab00000,0x00000000eb3d01d0,0x00000000ec400000)
  from space 4096K, 0% used [0x00000000ec800000,0x00000000ec800000,0x00000000ecc00000)
  to   space 4096K, 0% used [0x00000000ec400000,0x00000000ec400000,0x00000000ec800000)
 ParOldGen       total 68608K, used 10111K [0x00000000c0000000, 0x00000000c4300000, 0x00000000eab00000)
  object space 68608K, 14% used [0x00000000c0000000,0x00000000c09dfde0,0x00000000c4300000)
 Metaspace       used 23729K, committed 24384K, reserved 1073152K
  class space    used 2371K, committed 2688K, reserved 1048576K

Card table byte_map: [0x00000250b6150000,0x00000250b6360000] _byte_map_base: 0x00000250b5b50000

Marking Bits: (ParMarkBitMap*) 0x00007ffada392330
 Begin Bits: [0x00000250b64c0000, 0x00000250b74c0000)
 End Bits:   [0x00000250b74c0000, 0x00000250b84c0000)

Polling page: 0x000002509e050000

Metaspace:

Usage:
  Non-class:     20.86 MB used.
      Class:      2.32 MB used.
       Both:     23.17 MB used.

Virtual space:
  Non-class space:       24.00 MB reserved,      21.19 MB ( 88%) committed,  3 nodes.
      Class space:        1.00 GB reserved,       2.62 MB ( <1%) committed,  1 nodes.
             Both:        1.02 GB reserved,      23.81 MB (  2%) committed. 

Chunk freelists:
   Non-Class:  2.23 MB
       Class:  1.36 MB
        Both:  3.59 MB

MaxMetaspaceSize: unlimited
CompressedClassSpaceSize: 1.00 GB
Initial GC threshold: 21.00 MB
Current GC threshold: 35.00 MB
CDS: on
MetaspaceReclaimPolicy: balanced
 - commit_granule_bytes: 65536.
 - commit_granule_words: 8192.
 - virtual_space_node_default_size: 1048576.
 - enlarge_chunks_in_place: 1.
 - new_chunks_are_fully_committed: 0.
 - uncommit_free_chunks: 1.
 - use_allocation_guard: 0.
 - handle_deallocations: 1.


Internal statistics:

num_allocs_failed_limit: 3.
num_arena_births: 208.
num_arena_deaths: 0.
num_vsnodes_births: 4.
num_vsnodes_deaths: 0.
num_space_committed: 381.
num_space_uncommitted: 0.
num_chunks_returned_to_freelist: 3.
num_chunks_taken_from_freelist: 1053.
num_chunk_merges: 3.
num_chunk_splits: 724.
num_chunks_enlarged: 515.
num_purges: 0.
num_inconsistent_stats: 0.

CodeHeap 'non-profiled nmethods': size=120000Kb used=959Kb max_used=959Kb free=119040Kb
 bounds [0x00000250aea40000, 0x00000250aecb0000, 0x00000250b5f70000]
CodeHeap 'profiled nmethods': size=120000Kb used=5539Kb max_used=5539Kb free=114460Kb
 bounds [0x00000250a7510000, 0x00000250a7a80000, 0x00000250aea40000]
CodeHeap 'non-nmethods': size=5760Kb used=1236Kb max_used=1260Kb free=4523Kb
 bounds [0x00000250a6f70000, 0x00000250a71e0000, 0x00000250a7510000]
 total_blobs=3170 nmethods=2624 adapters=460
 compilation: enabled
              stopped_count=0, restarted_count=0
 full_count=0

Compilation events (20 events):
Event: 6.003 Thread 0x00000250b881aab0 nmethod 2613 0x00000250a7a76410 code [0x00000250a7a765e0, 0x00000250a7a768f8]
Event: 6.007 Thread 0x00000250b881a100 2614       4       jdk.internal.misc.Unsafe::allocateUninitializedArray (55 bytes)
Event: 6.009 Thread 0x00000250b881a100 nmethod 2614 0x00000250aeb2a510 code [0x00000250aeb2a6a0, 0x00000250aeb2a858]
Event: 6.009 Thread 0x00000250b881a100 2615       4       java.util.concurrent.locks.ReentrantReadWriteLock$Sync::tryAcquireShared (177 bytes)
Event: 6.009 Thread 0x00000250bb5e1ea0 2616       4       java.util.concurrent.locks.AbstractQueuedSynchronizer::acquireShared (20 bytes)
Event: 6.012 Thread 0x00000250b881a100 nmethod 2615 0x00000250aeb2a990 code [0x00000250aeb2ab20, 0x00000250aeb2ad48]
Event: 6.012 Thread 0x00000250b881a100 2617 %     4       java.util.Properties::load0 @ 8 (249 bytes)
Event: 6.012 Thread 0x00000250bb5e1ea0 nmethod 2616 0x00000250aeb2af10 code [0x00000250aeb2b0a0, 0x00000250aeb2b2e8]
Event: 6.020 Thread 0x00000250bb5e1ea0 2618       4       java.lang.ClassLoader::loadClass (7 bytes)
Event: 6.021 Thread 0x00000250bb5e1ea0 nmethod 2618 0x00000250aeb2b590 code [0x00000250aeb2b700, 0x00000250aeb2b798]
Event: 6.021 Thread 0x00000250b881aab0 2619   !   3       org.eclipse.osgi.internal.loader.SystemBundleLoader::findLocalClass (12 bytes)
Event: 6.021 Thread 0x00000250b881aab0 nmethod 2619 0x00000250a7a76a10 code [0x00000250a7a76bc0, 0x00000250a7a76ec8]
Event: 6.043 Thread 0x00000250b881a100 nmethod 2617% 0x00000250aeb2b890 code [0x00000250aeb2bb00, 0x00000250aeb2d240]
Event: 6.055 Thread 0x00000250b881aab0 2621       3       jdk.internal.org.objectweb.asm.Type::getDescriptor (93 bytes)
Event: 6.056 Thread 0x00000250b881aab0 nmethod 2621 0x00000250a7a77010 code [0x00000250a7a77280, 0x00000250a7a77a08]
Event: 6.056 Thread 0x00000250b881aab0 2622       3       jdk.internal.org.objectweb.asm.SymbolTable::addTypeInternal (85 bytes)
Event: 6.056 Thread 0x00000250b881aab0 nmethod 2622 0x00000250a7a77c90 code [0x00000250a7a77e60, 0x00000250a7a783d8]
Event: 6.056 Thread 0x00000250b881aab0 2623       3       jdk.internal.org.objectweb.asm.MethodWriter::visitTypeInsn (116 bytes)
Event: 6.057 Thread 0x00000250b881aab0 nmethod 2623 0x00000250a7a78590 code [0x00000250a7a78780, 0x00000250a7a78b88]
Event: 6.061 Thread 0x00000250b881a100 2627       4       jdk.internal.org.objectweb.asm.SymbolTable::addConstantUtf8 (98 bytes)

GC Heap History (10 events):
Event: 2.240 GC heap before
{Heap before GC invocations=1 (full 0):
 PSYoungGen      total 29696K, used 25600K [0x00000000eab00000, 0x00000000ecc00000, 0x0000000100000000)
  eden space 25600K, 100% used [0x00000000eab00000,0x00000000ec400000,0x00000000ec400000)
  from space 4096K, 0% used [0x00000000ec800000,0x00000000ec800000,0x00000000ecc00000)
  to   space 4096K, 0% used [0x00000000ec400000,0x00000000ec400000,0x00000000ec800000)
 ParOldGen       total 68608K, used 0K [0x00000000c0000000, 0x00000000c4300000, 0x00000000eab00000)
  object space 68608K, 0% used [0x00000000c0000000,0x00000000c0000000,0x00000000c4300000)
 Metaspace       used 6935K, committed 7168K, reserved 1056768K
  class space    used 681K, committed 768K, reserved 1048576K
}
Event: 2.253 GC heap after
{Heap after GC invocations=1 (full 0):
 PSYoungGen      total 29696K, used 4067K [0x00000000eab00000, 0x00000000ecc00000, 0x0000000100000000)
  eden space 25600K, 0% used [0x00000000eab00000,0x00000000eab00000,0x00000000ec400000)
  from space 4096K, 99% used [0x00000000ec400000,0x00000000ec7f8e20,0x00000000ec800000)
  to   space 4096K, 0% used [0x00000000ec800000,0x00000000ec800000,0x00000000ecc00000)
 ParOldGen       total 68608K, used 700K [0x00000000c0000000, 0x00000000c4300000, 0x00000000eab00000)
  object space 68608K, 1% used [0x00000000c0000000,0x00000000c00af020,0x00000000c4300000)
 Metaspace       used 6935K, committed 7168K, reserved 1056768K
  class space    used 681K, committed 768K, reserved 1048576K
}
Event: 4.441 GC heap before
{Heap before GC invocations=2 (full 0):
 PSYoungGen      total 29696K, used 29667K [0x00000000eab00000, 0x00000000ecc00000, 0x0000000100000000)
  eden space 25600K, 100% used [0x00000000eab00000,0x00000000ec400000,0x00000000ec400000)
  from space 4096K, 99% used [0x00000000ec400000,0x00000000ec7f8e20,0x00000000ec800000)
  to   space 4096K, 0% used [0x00000000ec800000,0x00000000ec800000,0x00000000ecc00000)
 ParOldGen       total 68608K, used 700K [0x00000000c0000000, 0x00000000c4300000, 0x00000000eab00000)
  object space 68608K, 1% used [0x00000000c0000000,0x00000000c00af020,0x00000000c4300000)
 Metaspace       used 14522K, committed 14912K, reserved 1064960K
  class space    used 1416K, committed 1600K, reserved 1048576K
}
Event: 4.453 GC heap after
{Heap after GC invocations=2 (full 0):
 PSYoungGen      total 29696K, used 4092K [0x00000000eab00000, 0x00000000ecc00000, 0x0000000100000000)
  eden space 25600K, 0% used [0x00000000eab00000,0x00000000eab00000,0x00000000ec400000)
  from space 4096K, 99% used [0x00000000ec800000,0x00000000ecbff3c0,0x00000000ecc00000)
  to   space 4096K, 0% used [0x00000000ec400000,0x00000000ec400000,0x00000000ec800000)
 ParOldGen       total 68608K, used 5602K [0x00000000c0000000, 0x00000000c4300000, 0x00000000eab00000)
  object space 68608K, 8% used [0x00000000c0000000,0x00000000c0578a68,0x00000000c4300000)
 Metaspace       used 14522K, committed 14912K, reserved 1064960K
  class space    used 1416K, committed 1600K, reserved 1048576K
}
Event: 5.398 GC heap before
{Heap before GC invocations=3 (full 0):
 PSYoungGen      total 29696K, used 29692K [0x00000000eab00000, 0x00000000ecc00000, 0x0000000100000000)
  eden space 25600K, 100% used [0x00000000eab00000,0x00000000ec400000,0x00000000ec400000)
  from space 4096K, 99% used [0x00000000ec800000,0x00000000ecbff3c0,0x00000000ecc00000)
  to   space 4096K, 0% used [0x00000000ec400000,0x00000000ec400000,0x00000000ec800000)
 ParOldGen       total 68608K, used 5602K [0x00000000c0000000, 0x00000000c4300000, 0x00000000eab00000)
  object space 68608K, 8% used [0x00000000c0000000,0x00000000c0578a68,0x00000000c4300000)
 Metaspace       used 20812K, committed 21312K, reserved 1073152K
  class space    used 1964K, committed 2176K, reserved 1048576K
}
Event: 5.404 GC heap after
{Heap after GC invocations=3 (full 0):
 PSYoungGen      total 29696K, used 4075K [0x00000000eab00000, 0x00000000ecc00000, 0x0000000100000000)
  eden space 25600K, 0% used [0x00000000eab00000,0x00000000eab00000,0x00000000ec400000)
  from space 4096K, 99% used [0x00000000ec400000,0x00000000ec7faec0,0x00000000ec800000)
  to   space 4096K, 0% used [0x00000000ec800000,0x00000000ec800000,0x00000000ecc00000)
 ParOldGen       total 68608K, used 6392K [0x00000000c0000000, 0x00000000c4300000, 0x00000000eab00000)
  object space 68608K, 9% used [0x00000000c0000000,0x00000000c063e1a0,0x00000000c4300000)
 Metaspace       used 20812K, committed 21312K, reserved 1073152K
  class space    used 1964K, committed 2176K, reserved 1048576K
}
Event: 5.445 GC heap before
{Heap before GC invocations=4 (full 0):
 PSYoungGen      total 29696K, used 4852K [0x00000000eab00000, 0x00000000ecc00000, 0x0000000100000000)
  eden space 25600K, 3% used [0x00000000eab00000,0x00000000eabc2468,0x00000000ec400000)
  from space 4096K, 99% used [0x00000000ec400000,0x00000000ec7faec0,0x00000000ec800000)
  to   space 4096K, 0% used [0x00000000ec800000,0x00000000ec800000,0x00000000ecc00000)
 ParOldGen       total 68608K, used 6392K [0x00000000c0000000, 0x00000000c4300000, 0x00000000eab00000)
  object space 68608K, 9% used [0x00000000c0000000,0x00000000c063e1a0,0x00000000c4300000)
 Metaspace       used 21009K, committed 21504K, reserved 1073152K
  class space    used 1989K, committed 2176K, reserved 1048576K
}
Event: 5.450 GC heap after
{Heap after GC invocations=4 (full 0):
 PSYoungGen      total 29696K, used 4091K [0x00000000eab00000, 0x00000000ecc00000, 0x0000000100000000)
  eden space 25600K, 0% used [0x00000000eab00000,0x00000000eab00000,0x00000000ec400000)
  from space 4096K, 99% used [0x00000000ec800000,0x00000000ecbfeed0,0x00000000ecc00000)
  to   space 4096K, 0% used [0x00000000ec400000,0x00000000ec400000,0x00000000ec800000)
 ParOldGen       total 68608K, used 6448K [0x00000000c0000000, 0x00000000c4300000, 0x00000000eab00000)
  object space 68608K, 9% used [0x00000000c0000000,0x00000000c064c1a0,0x00000000c4300000)
 Metaspace       used 21009K, committed 21504K, reserved 1073152K
  class space    used 1989K, committed 2176K, reserved 1048576K
}
Event: 5.450 GC heap before
{Heap before GC invocations=5 (full 1):
 PSYoungGen      total 29696K, used 4091K [0x00000000eab00000, 0x00000000ecc00000, 0x0000000100000000)
  eden space 25600K, 0% used [0x00000000eab00000,0x00000000eab00000,0x00000000ec400000)
  from space 4096K, 99% used [0x00000000ec800000,0x00000000ecbfeed0,0x00000000ecc00000)
  to   space 4096K, 0% used [0x00000000ec400000,0x00000000ec400000,0x00000000ec800000)
 ParOldGen       total 68608K, used 6448K [0x00000000c0000000, 0x00000000c4300000, 0x00000000eab00000)
  object space 68608K, 9% used [0x00000000c0000000,0x00000000c064c1a0,0x00000000c4300000)
 Metaspace       used 21009K, committed 21504K, reserved 1073152K
  class space    used 1989K, committed 2176K, reserved 1048576K
}
Event: 5.487 GC heap after
{Heap after GC invocations=5 (full 1):
 PSYoungGen      total 29696K, used 0K [0x00000000eab00000, 0x00000000ecc00000, 0x0000000100000000)
  eden space 25600K, 0% used [0x00000000eab00000,0x00000000eab00000,0x00000000ec400000)
  from space 4096K, 0% used [0x00000000ec800000,0x00000000ec800000,0x00000000ecc00000)
  to   space 4096K, 0% used [0x00000000ec400000,0x00000000ec400000,0x00000000ec800000)
 ParOldGen       total 68608K, used 10111K [0x00000000c0000000, 0x00000000c4300000, 0x00000000eab00000)
  object space 68608K, 14% used [0x00000000c0000000,0x00000000c09dfde0,0x00000000c4300000)
 Metaspace       used 21009K, committed 21504K, reserved 1073152K
  class space    used 1989K, committed 2176K, reserved 1048576K
}

Deoptimization events (20 events):
Event: 5.920 Thread 0x00000250ba990e10 DEOPT PACKING pc=0x00000250aeb24648 sp=0x000000c665afccb0
Event: 5.920 Thread 0x00000250ba990e10 DEOPT UNPACKING pc=0x00000250a6fc20a3 sp=0x000000c665afcc38 mode 2
Event: 5.921 Thread 0x00000250ba990e10 Uncommon trap: trap_request=0xffffffde fr.pc=0x00000250aeb24648 relative=0x0000000000000128
Event: 5.921 Thread 0x00000250ba990e10 Uncommon trap: reason=class_check action=maybe_recompile pc=0x00000250aeb24648 method=jdk.internal.misc.Unsafe.allocateUninitializedArray(Ljava/lang/Class;I)Ljava/lang/Object; @ 51 c2
Event: 5.921 Thread 0x00000250ba990e10 DEOPT PACKING pc=0x00000250aeb24648 sp=0x000000c665afcda0
Event: 5.921 Thread 0x00000250ba990e10 DEOPT UNPACKING pc=0x00000250a6fc20a3 sp=0x000000c665afcd28 mode 2
Event: 5.921 Thread 0x00000250ba990e10 Uncommon trap: trap_request=0xffffffde fr.pc=0x00000250aeb24648 relative=0x0000000000000128
Event: 5.921 Thread 0x00000250ba990e10 Uncommon trap: reason=class_check action=maybe_recompile pc=0x00000250aeb24648 method=jdk.internal.misc.Unsafe.allocateUninitializedArray(Ljava/lang/Class;I)Ljava/lang/Object; @ 51 c2
Event: 5.921 Thread 0x00000250ba990e10 DEOPT PACKING pc=0x00000250aeb24648 sp=0x000000c665afd140
Event: 5.921 Thread 0x00000250ba990e10 DEOPT UNPACKING pc=0x00000250a6fc20a3 sp=0x000000c665afd0c8 mode 2
Event: 5.993 Thread 0x00000250ba990e10 Uncommon trap: trap_request=0xffffff45 fr.pc=0x00000250aeb03580 relative=0x0000000000000d80
Event: 5.993 Thread 0x00000250ba990e10 Uncommon trap: reason=unstable_if action=reinterpret pc=0x00000250aeb03580 method=java.util.TreeMap.put(Ljava/lang/Object;Ljava/lang/Object;Z)Ljava/lang/Object; @ 27 c2
Event: 5.993 Thread 0x00000250ba990e10 DEOPT PACKING pc=0x00000250aeb03580 sp=0x000000c665afe480
Event: 5.993 Thread 0x00000250ba990e10 DEOPT UNPACKING pc=0x00000250a6fc20a3 sp=0x000000c665afe420 mode 2
Event: 6.000 Thread 0x000002509df6e520 Uncommon trap: trap_request=0xffffff76 fr.pc=0x00000250aeb048f0 relative=0x00000000000006b0
Event: 6.000 Thread 0x000002509df6e520 Uncommon trap: reason=predicate action=maybe_recompile pc=0x00000250aeb048f0 method=java.util.TreeMap.getEntryUsingComparator(Ljava/lang/Object;)Ljava/util/TreeMap$Entry; @ 19 c2
Event: 6.000 Thread 0x000002509df6e520 DEOPT PACKING pc=0x00000250aeb048f0 sp=0x000000c6649fe1b0
Event: 6.000 Thread 0x000002509df6e520 DEOPT UNPACKING pc=0x00000250a6fc20a3 sp=0x000000c6649fe160 mode 2
Event: 6.011 Thread 0x000002509df6e520 DEOPT PACKING pc=0x00000250a7a563f6 sp=0x000000c6649f7910
Event: 6.011 Thread 0x000002509df6e520 DEOPT UNPACKING pc=0x00000250a6fc2843 sp=0x000000c6649f6e08 mode 0

Classes unloaded (0 events):
No events

Classes redefined (0 events):
No events

Internal exceptions (20 events):
Event: 2.216 Thread 0x000002509df6e520 Exception <a 'java/lang/NoSuchMethodError'{0x00000000ec2f9640}: 'java.lang.Object java.lang.invoke.DirectMethodHandle$Holder.newInvokeSpecial(java.lang.Object, java.lang.Object, java.lang.Object, java.lang.Object, int)'> (0x00000000ec2f9640) 
thrown [t:\workspace\open\src\hotspot\share\interpreter\linkResolver.cpp, line 766]
Event: 2.216 Thread 0x000002509df6e520 Exception <a 'java/lang/NoSuchMethodError'{0x00000000ec2fdb68}: 'java.lang.Object java.lang.invoke.DirectMethodHandle$Holder.invokeSpecial(java.lang.Object, java.lang.Object, java.lang.Object, java.lang.Object, java.lang.Object, int)'> (0x00000000ec2fdb68) 
thrown [t:\workspace\open\src\hotspot\share\interpreter\linkResolver.cpp, line 766]
Event: 2.217 Thread 0x000002509df6e520 Exception <a 'java/lang/NoSuchMethodError'{0x00000000ec301850}: 'java.lang.Object java.lang.invoke.Invokers$Holder.linkToTargetMethod(java.lang.Object, java.lang.Object, java.lang.Object, int, java.lang.Object)'> (0x00000000ec301850) 
thrown [t:\workspace\open\src\hotspot\share\interpreter\linkResolver.cpp, line 766]
Event: 2.225 Thread 0x000002509df6e520 Exception <a 'java/lang/UnsatisfiedLinkError'{0x00000000ec32e560}: 'void org.eclipse.equinox.launcher.JNIBridge._update_splash()'> (0x00000000ec32e560) 
thrown [t:\workspace\open\src\hotspot\share\prims\nativeLookup.cpp, line 543]
Event: 2.688 Thread 0x00000250ba990e10 Exception <a 'java/io/FileNotFoundException'{0x00000000eafcbc80}> (0x00000000eafcbc80) 
thrown [t:\workspace\open\src\hotspot\share\prims\jni.cpp, line 516]
Event: 3.665 Thread 0x00000250ba990e10 Exception <a 'java/lang/NoSuchMethodError'{0x00000000ebdec300}: 'void java.lang.invoke.DirectMethodHandle$Holder.invokeInterface(java.lang.Object, java.lang.Object, java.lang.Object)'> (0x00000000ebdec300) 
thrown [t:\workspace\open\src\hotspot\share\interpreter\linkResolver.cpp, line 766]
Event: 3.860 Thread 0x00000250ba990e10 Exception <a 'java/io/FileNotFoundException'{0x00000000ebfb5cc8}> (0x00000000ebfb5cc8) 
thrown [t:\workspace\open\src\hotspot\share\prims\jni.cpp, line 516]
Event: 4.068 Thread 0x00000250ba990e10 Exception <a 'java/lang/NoSuchMethodError'{0x00000000ec124ff8}: 'int java.lang.invoke.DirectMethodHandle$Holder.invokeStaticInit(java.lang.Object, java.lang.Object, java.lang.Object)'> (0x00000000ec124ff8) 
thrown [t:\workspace\open\src\hotspot\share\interpreter\linkResolver.cpp, line 766]
Event: 4.082 Thread 0x00000250ba990e10 Exception <a 'java/lang/IncompatibleClassChangeError'{0x00000000ec16cb00}: Found class java.lang.Object, but interface was expected> (0x00000000ec16cb00) 
thrown [t:\workspace\open\src\hotspot\share\interpreter\linkResolver.cpp, line 833]
Event: 4.454 Thread 0x00000250ba990e10 Exception <a 'java/io/FileNotFoundException'{0x00000000eab72fe0}> (0x00000000eab72fe0) 
thrown [t:\workspace\open\src\hotspot\share\prims\jni.cpp, line 516]
Event: 4.455 Thread 0x00000250ba990e10 Exception <a 'java/io/FileNotFoundException'{0x00000000eab74210}> (0x00000000eab74210) 
thrown [t:\workspace\open\src\hotspot\share\prims\jni.cpp, line 516]
Event: 4.455 Thread 0x00000250ba990e10 Exception <a 'java/io/FileNotFoundException'{0x00000000eab75450}> (0x00000000eab75450) 
thrown [t:\workspace\open\src\hotspot\share\prims\jni.cpp, line 516]
Event: 4.977 Thread 0x00000250ba990e10 Exception <a 'java/io/FileNotFoundException'{0x00000000ebb35b90}> (0x00000000ebb35b90) 
thrown [t:\workspace\open\src\hotspot\share\prims\jni.cpp, line 516]
Event: 5.127 Thread 0x00000250ba990e10 Exception <a 'java/lang/ClassNotFoundException'{0x00000000ebdd7130}: com/sun/org/apache/xml/internal/serializer/spi/XMLEntitiesProvider> (0x00000000ebdd7130) 
thrown [t:\workspace\open\src\hotspot\share\classfile\systemDictionary.cpp, line 256]
Event: 5.662 Thread 0x00000250ba990e10 Exception <a 'java/lang/NoSuchMethodError'{0x00000000eae37ec8}: 'org.slf4j.impl.StaticMDCBinder org.slf4j.impl.StaticMDCBinder.getSingleton()'> (0x00000000eae37ec8) 
thrown [t:\workspace\open\src\hotspot\share\interpreter\linkResolver.cpp, line 766]
Event: 5.733 Thread 0x00000250ba990e10 Exception <a 'java/io/FileNotFoundException'{0x00000000eaf4c620}> (0x00000000eaf4c620) 
thrown [t:\workspace\open\src\hotspot\share\prims\jni.cpp, line 516]
Event: 5.778 Thread 0x00000250ba990e10 Exception <a 'java/io/FileNotFoundException'{0x00000000eaf8e6b0}> (0x00000000eaf8e6b0) 
thrown [t:\workspace\open\src\hotspot\share\prims\jni.cpp, line 516]
Event: 5.786 Thread 0x00000250ba990e10 Exception <a 'java/io/FileNotFoundException'{0x00000000eafb94c0}> (0x00000000eafb94c0) 
thrown [t:\workspace\open\src\hotspot\share\prims\jni.cpp, line 516]
Event: 5.993 Thread 0x00000250ba990e10 Implicit null exception at 0x00000250aeb0284a to 0x00000250aeb03560
Event: 6.024 Thread 0x000002509df6e520 Exception <a 'java/io/FileNotFoundException'{0x00000000eb34ed98}> (0x00000000eb34ed98) 
thrown [t:\workspace\open\src\hotspot\share\prims\jni.cpp, line 516]

VM Operations (20 events):
Event: 4.354 Executing VM operation: ParallelGCFailedAllocation
Event: 4.453 Executing VM operation: ParallelGCFailedAllocation done
Event: 5.004 Executing VM operation: HandshakeAllThreads
Event: 5.016 Executing VM operation: HandshakeAllThreads done
Event: 5.019 Executing VM operation: HandshakeAllThreads
Event: 5.021 Executing VM operation: HandshakeAllThreads done
Event: 5.095 Executing VM operation: HandshakeAllThreads
Event: 5.095 Executing VM operation: HandshakeAllThreads done
Event: 5.126 Executing VM operation: HandshakeAllThreads
Event: 5.126 Executing VM operation: HandshakeAllThreads done
Event: 5.130 Executing VM operation: HandshakeAllThreads
Event: 5.130 Executing VM operation: HandshakeAllThreads done
Event: 5.169 Executing VM operation: HandshakeAllThreads
Event: 5.169 Executing VM operation: HandshakeAllThreads done
Event: 5.232 Executing VM operation: HandshakeAllThreads
Event: 5.232 Executing VM operation: HandshakeAllThreads done
Event: 5.398 Executing VM operation: ParallelGCFailedAllocation
Event: 5.404 Executing VM operation: ParallelGCFailedAllocation done
Event: 5.445 Executing VM operation: CollectForMetadataAllocation
Event: 5.487 Executing VM operation: CollectForMetadataAllocation done

Events (20 events):
Event: 5.890 loading class javax/management/QueryExp done
Event: 5.890 loading class javax/management/ObjectName done
Event: 5.890 loading class com/sun/jmx/mbeanserver/GetPropertyAction
Event: 5.890 loading class com/sun/jmx/mbeanserver/GetPropertyAction done
Event: 5.891 loading class javax/management/ObjectName$Property
Event: 5.891 loading class javax/management/ObjectName$Property done
Event: 5.891 loading class com/sun/jmx/mbeanserver/Util
Event: 5.891 loading class com/sun/jmx/mbeanserver/Util done
Event: 5.906 loading class java/util/concurrent/Executors$DefaultThreadFactory
Event: 5.906 loading class java/util/concurrent/Executors$DefaultThreadFactory done
Event: 5.923 loading class jdk/internal/loader/BootLoader$PackageHelper
Event: 5.923 loading class jdk/internal/loader/BootLoader$PackageHelper done
Event: 5.931 loading class java/lang/Class$AnnotationData
Event: 5.931 loading class java/lang/Class$AnnotationData done
Event: 5.966 loading class java/util/Vector$Itr
Event: 5.966 loading class java/util/Vector$Itr done
Event: 5.985 loading class java/util/regex/Pattern$1
Event: 5.985 loading class java/util/regex/Pattern$1 done
Event: 6.008 loading class javax/xml/parsers/FactoryConfigurationError
Event: 6.009 loading class javax/xml/parsers/FactoryConfigurationError done


Dynamic libraries:
0x00007ff765b90000 - 0x00007ff765ba0000 	C:\Program Files\Java\jdk-17.0.1\bin\java.exe
0x00007ffb2ac30000 - 0x00007ffb2ae25000 	C:\Windows\SYSTEM32\ntdll.dll
0x00007ffb28c90000 - 0x00007ffb28d4d000 	C:\Windows\System32\KERNEL32.DLL
0x00007ffb28420000 - 0x00007ffb286e8000 	C:\Windows\System32\KERNELBASE.dll
0x00007ffb28880000 - 0x00007ffb28980000 	C:\Windows\System32\ucrtbase.dll
0x00007ffadb6c0000 - 0x00007ffadb6d8000 	C:\Program Files\Java\jdk-17.0.1\bin\jli.dll
0x00007ffb28e00000 - 0x00007ffb28eac000 	C:\Windows\System32\ADVAPI32.dll
0x00007ffb2aaf0000 - 0x00007ffb2ab8e000 	C:\Windows\System32\msvcrt.dll
0x00007ffb29d50000 - 0x00007ffb29deb000 	C:\Windows\System32\sechost.dll
0x00007ffb2a360000 - 0x00007ffb2a48b000 	C:\Windows\System32\RPCRT4.dll
0x00007ffb2a810000 - 0x00007ffb2a9b0000 	C:\Windows\System32\USER32.dll
0x00007ffb28c30000 - 0x00007ffb28c52000 	C:\Windows\System32\win32u.dll
0x00007ffb298b0000 - 0x00007ffb298da000 	C:\Windows\System32\GDI32.dll
0x00007ffb28770000 - 0x00007ffb2887b000 	C:\Windows\System32\gdi32full.dll
0x00007ffb28980000 - 0x00007ffb28a1d000 	C:\Windows\System32\msvcp_win.dll
0x00007ffadb6a0000 - 0x00007ffadb6ba000 	C:\Program Files\Java\jdk-17.0.1\bin\VCRUNTIME140.dll
0x00007ffb12f80000 - 0x00007ffb1321a000 	C:\Windows\WinSxS\amd64_microsoft.windows.common-controls_6595b64144ccf1df_6.0.19041.844_none_ca00b6081b84eb1d\COMCTL32.dll
0x00007ffb22490000 - 0x00007ffb2249a000 	C:\Windows\SYSTEM32\VERSION.dll
0x00007ffb2a1b0000 - 0x00007ffb2a1e0000 	C:\Windows\System32\IMM32.DLL
0x00007ffb0c6e0000 - 0x00007ffb0c6ec000 	C:\Program Files\Java\jdk-17.0.1\bin\vcruntime140_1.dll
0x00007ffada450000 - 0x00007ffada4dd000 	C:\Program Files\Java\jdk-17.0.1\bin\msvcp140.dll
0x00007ffad9890000 - 0x00007ffada44e000 	C:\Program Files\Java\jdk-17.0.1\bin\server\jvm.dll
0x00007ffb29e10000 - 0x00007ffb29e18000 	C:\Windows\System32\PSAPI.DLL
0x00007ffb1dcd0000 - 0x00007ffb1dcd9000 	C:\Windows\SYSTEM32\WSOCK32.dll
0x00007ffb2a140000 - 0x00007ffb2a1ab000 	C:\Windows\System32\WS2_32.dll
0x00007ffb17520000 - 0x00007ffb17547000 	C:\Windows\SYSTEM32\WINMM.dll
0x00007ffb26e10000 - 0x00007ffb26e22000 	C:\Windows\SYSTEM32\kernel.appcore.dll
0x00007ffb03200000 - 0x00007ffb0320a000 	C:\Program Files\Java\jdk-17.0.1\bin\jimage.dll
0x00007ffb26210000 - 0x00007ffb263f4000 	C:\Windows\SYSTEM32\DBGHELP.DLL
0x00007ffb10960000 - 0x00007ffb1098c000 	C:\Windows\SYSTEM32\dbgcore.DLL
0x00007ffb286f0000 - 0x00007ffb28770000 	C:\Windows\System32\bcryptPrimitives.dll
0x00007ffada9d0000 - 0x00007ffada9f5000 	C:\Program Files\Java\jdk-17.0.1\bin\java.dll
0x00007ffad97b0000 - 0x00007ffad9886000 	C:\Program Files\Java\jdk-17.0.1\bin\svml.dll
0x00007ffb290b0000 - 0x00007ffb297f2000 	C:\Windows\System32\SHELL32.dll
0x00007ffb26660000 - 0x00007ffb26df1000 	C:\Windows\SYSTEM32\windows.storage.dll
0x00007ffb2a4b0000 - 0x00007ffb2a805000 	C:\Windows\System32\combase.dll
0x00007ffb27d10000 - 0x00007ffb27d3c000 	C:\Windows\SYSTEM32\Wldp.dll
0x00007ffb28d50000 - 0x00007ffb28dfe000 	C:\Windows\System32\SHCORE.dll
0x00007ffb2a300000 - 0x00007ffb2a355000 	C:\Windows\System32\shlwapi.dll
0x00007ffb282b0000 - 0x00007ffb282cf000 	C:\Windows\SYSTEM32\profapi.dll
0x00007ffad9770000 - 0x00007ffad9789000 	C:\Program Files\Java\jdk-17.0.1\bin\net.dll
0x00007ffb1e0d0000 - 0x00007ffb1e1db000 	C:\Windows\SYSTEM32\WINHTTP.dll
0x00007ffb27a80000 - 0x00007ffb27aea000 	C:\Windows\system32\mswsock.dll
0x00007ffad9750000 - 0x00007ffad9765000 	C:\Program Files\Java\jdk-17.0.1\bin\nio.dll
0x00007ffad9790000 - 0x00007ffad97a8000 	C:\Program Files\Java\jdk-17.0.1\bin\zip.dll
0x00007ffb27c50000 - 0x00007ffb27c68000 	C:\Windows\SYSTEM32\CRYPTSP.dll
0x00007ffb275d0000 - 0x00007ffb27604000 	C:\Windows\system32\rsaenh.dll
0x00007ffb28c60000 - 0x00007ffb28c87000 	C:\Windows\System32\bcrypt.dll
0x00007ffb28270000 - 0x00007ffb2829e000 	C:\Windows\SYSTEM32\USERENV.dll
0x00007ffb27c70000 - 0x00007ffb27c7c000 	C:\Windows\SYSTEM32\CRYPTBASE.dll
0x00007ffb27770000 - 0x00007ffb277ab000 	C:\Windows\SYSTEM32\IPHLPAPI.DLL
0x00007ffb29df0000 - 0x00007ffb29df8000 	C:\Windows\System32\NSI.dll
0x00007ffb212e0000 - 0x00007ffb212f7000 	C:\Windows\SYSTEM32\dhcpcsvc6.DLL
0x00007ffb21870000 - 0x00007ffb2188d000 	C:\Windows\SYSTEM32\dhcpcsvc.DLL
0x00007ffb277b0000 - 0x00007ffb2787c000 	C:\Windows\SYSTEM32\DNSAPI.dll
0x00007ffad7a20000 - 0x00007ffad7a5e000 	C:\Users\Nguyen Ngoc Thien\AppData\Roaming\Code\User\globalStorage\redhat.java\1.0.0\config_win\org.eclipse.equinox.launcher\org.eclipse.equinox.launcher.win32.win32.x86_64_1.2.400.v20210928-1041\eclipse_11600.dll
0x00007ffb28f80000 - 0x00007ffb290aa000 	C:\Windows\System32\ole32.dll
0x00007ffad9720000 - 0x00007ffad9730000 	C:\Program Files\Java\jdk-17.0.1\bin\verify.dll
0x00007ffad7c50000 - 0x00007ffad7c61000 	C:\Users\Nguyen Ngoc Thien\AppData\Roaming\Code\User\globalStorage\redhat.java\1.0.0\config_win\org.eclipse.osgi\22\0\.cp\jWinHttp-1.0.0.dll

dbghelp: loaded successfully - version: 4.0.5 - missing functions: none
symbol engine: initialized successfully - sym options: 0x614 - pdb path: .;C:\Program Files\Java\jdk-17.0.1\bin;C:\Windows\SYSTEM32;C:\Windows\WinSxS\amd64_microsoft.windows.common-controls_6595b64144ccf1df_6.0.19041.844_none_ca00b6081b84eb1d;C:\Program Files\Java\jdk-17.0.1\bin\server;C:\Users\Nguyen Ngoc Thien\AppData\Roaming\Code\User\globalStorage\redhat.java\1.0.0\config_win\org.eclipse.equinox.launcher\org.eclipse.equinox.launcher.win32.win32.x86_64_1.2.400.v20210928-1041;C:\Users\Nguyen Ngoc Thien\AppData\Roaming\Code\User\globalStorage\redhat.java\1.0.0\config_win\org.eclipse.osgi\22\0\.cp

VM Arguments:
jvm_args: --add-modules=ALL-SYSTEM --add-opens=java.base/java.util=ALL-UNNAMED --add-opens=java.base/java.lang=ALL-UNNAMED -Declipse.application=org.eclipse.jdt.ls.core.id1 -Dosgi.bundles.defaultStartLevel=4 -Declipse.product=org.eclipse.jdt.ls.core.product -Dfile.encoding=utf8 -DwatchParentProcess=false -XX:+UseParallelGC -XX:GCTimeRatio=4 -XX:AdaptiveSizePolicyWeight=90 -Dsun.zip.disableMemoryMapping=true -Xmx1G -Xms100m 
java_command: c:\Users\Nguyen Ngoc Thien\.vscode\extensions\redhat.java-1.0.0\server\plugins\org.eclipse.equinox.launcher_1.6.400.v20210924-0641.jar -configuration c:\Users\Nguyen Ngoc Thien\AppData\Roaming\Code\User\globalStorage\redhat.java\1.0.0\config_win -data c:\Users\Nguyen Ngoc Thien\AppData\Roaming\Code\User\workspaceStorage\6901d5d9c1c1bcdad87bbc9e0c1d31dd\redhat.java\jdt_ws
java_class_path (initial): c:\Users\Nguyen Ngoc Thien\.vscode\extensions\redhat.java-1.0.0\server\plugins\org.eclipse.equinox.launcher_1.6.400.v20210924-0641.jar
Launcher Type: SUN_STANDARD

[Global flags]
    uintx AdaptiveSizePolicyWeight                 = 90                                        {product} {command line}
     intx CICompilerCount                          = 3                                         {product} {ergonomic}
    uintx GCTimeRatio                              = 4                                         {product} {command line}
   size_t InitialHeapSize                          = 104857600                                 {product} {command line}
   size_t MaxHeapSize                              = 1073741824                                {product} {command line}
   size_t MaxNewSize                               = 357564416                                 {product} {ergonomic}
   size_t MinHeapDeltaBytes                        = 524288                                    {product} {ergonomic}
   size_t MinHeapSize                              = 104857600                                 {product} {command line}
   size_t NewSize                                  = 34603008                                  {product} {ergonomic}
    uintx NonNMethodCodeHeapSize                   = 5832780                                {pd product} {ergonomic}
    uintx NonProfiledCodeHeapSize                  = 122912730                              {pd product} {ergonomic}
   size_t OldSize                                  = 70254592                                  {product} {ergonomic}
    uintx ProfiledCodeHeapSize                     = 122912730                              {pd product} {ergonomic}
    uintx ReservedCodeCacheSize                    = 251658240                              {pd product} {ergonomic}
     bool SegmentedCodeCache                       = true                                      {product} {ergonomic}
   size_t SoftMaxHeapSize                          = 1073741824                             {manageable} {ergonomic}
     bool UseCompressedClassPointers               = true                           {product lp64_product} {ergonomic}
     bool UseCompressedOops                        = true                           {product lp64_product} {ergonomic}
     bool UseLargePagesIndividualAllocation        = false                                  {pd product} {ergonomic}
     bool UseParallelGC                            = true                                      {product} {command line}

Logging:
Log output configuration:
 #0: stdout all=warning uptime,level,tags
 #1: stderr all=off uptime,level,tags

Environment Variables:
PATH=C:\Program Files\Common Files\Oracle\Java\javapath;C:\Program Files (x86)\Common Files\Oracle\Java\javapath;C:\Windows\system32;C:\Windows;C:\Windows\System32\Wbem;C:\Windows\System32\WindowsPowerShell\v1.0\;C:\Windows\System32\OpenSSH\;C:\Program Files\Git\cmd;C:\Program Files\nodejs\;C:\Program Files\PowerShell\7-preview\preview;C:\ProgramData\chocolatey\bin;C:\tools\winfetch;C:\ProgramData\chocolatey\lib\gsudo\bin\;C:\Users\Nguyen Ngoc Thien\AppData\Local\Programs\Python\Python310\Scripts\;C:\Users\Nguyen Ngoc Thien\AppData\Local\Programs\Python\Python310\;C:\Users\Nguyen Ngoc Thien\AppData\Local\Microsoft\WindowsApps;C:\Users\Nguyen Ngoc Thien\AppData\Local\GitHubDesktop\bin;C:\Users\Nguyen Ngoc Thien\AppData\Local\Programs\Microsoft VS Code\bin;C:\Program Files\JetBrains\IntelliJ IDEA 2021.2.3\bin;;C:\Program Files\JetBrains\PyCharm 2021.2.3\bin;;C:\Program Files\JetBrains\WebStorm 2021.2.3\bin;;C:\Users\Nguyen Ngoc Thien\AppData\Roaming\npm;C:\Program Files\Neovim\bin;
USERNAME=Nguyen Ngoc Thien
OS=Windows_NT
PROCESSOR_IDENTIFIER=Intel64 Family 6 Model 78 Stepping 3, GenuineIntel



---------------  S Y S T E M  ---------------

OS:
 Windows 10 , 64 bit Build 19041 (10.0.19041.804)
OS uptime: 0 days 3:12 hours

CPU: total 4 (initial active 4) (2 cores per cpu, 2 threads per core) family 6 model 78 stepping 3 microcode 0xea, cx8, cmov, fxsr, ht, mmx, 3dnowpref, sse, sse2, sse3, ssse3, sse4.1, sse4.2, popcnt, lzcnt, tsc, tscinvbit, avx, avx2, aes, erms, clmul, bmi1, bmi2, rtm, adx, fma, vzeroupper, clflush, clflushopt

Memory: 4k page, system-wide physical 8083M (388M free)
TotalPageFile size 8083M (AvailPageFile size 23M)
current process WorkingSet (physical memory assigned to process): 129M, peak: 129M
current process commit charge ("private bytes"): 226M, peak: 226M

vm_info: Java HotSpot(TM) 64-Bit Server VM (17.0.1+12-LTS-39) for windows-amd64 JRE (17.0.1+12-LTS-39), built on Sep 27 2021 18:41:35 by "mach5one" with MS VC++ 16.8 (VS2019)

END.
